1.0245213005853928	1.0782133238488887
1.0209689797206296	1.0819098544392514
1.0167503990677682	1.018471271287605
1.0026496961719578	1.0047121584107148
.9983627488112994	.9536365730670416
1.0304906706860915	1.0000122277138666
1.0128494214206067	1.0118591653715274
.9763247013078675	.857462829203273
1.014966508432445	1.016039821969285
.9783573006626045	.9826566833451972
1.0388299202141162	1.0597391805532597
1.048172817435289	1.0711980272602937
.965078527256296	.9702610155569513
1.0116744131369564	1.0380237619270503
1.008050003106894	1.007848927635579
1.002878989749325	1.0178688866280008
1.0757608637496887	1.064592283531545
1.003278911611777	1.0133111224806524
1.0140212763063372	1.0074506078147654
.9953842998065686	1.0178924339724678
.9811794256967361	.9189909057563165
1.0098004296767484	1.0178497801183701
.989159178844012	.9993022329588628
.9812699817787693	1.0004991019758747
.9529589878777895	.8966697952865007
1.000829965723442	.9949472874537109
1.0103889715782044	1.0460355752262815
.9950576926958974	.9856705783792811
1.0416608242161263	1.0535923789631585
.9890109991244691	.9826208424447496
1.0426180817252193	1.1448558356540144
1.0306857413943429	1.003949858795341
1.0090872356666771	.9928553409325424
1.0276114471251019	1.034114295470305
1.0066725492185387	.9825309371590942
.9886229559344593	.9952786737513707
1.017767590049134	1.0415832744153921
.9918245230773335	.9761055249782491
.9772022594133581	.9429706288255842
1.023168003882189	1.0150228113465094
1.0156020554223493	1.0166468542779261
1.031907420656901	1.0474437037736477
1.0429772876963963	1.0778735400613197
.9920993567627602	1.0416260651108356
1.0082890105452766	1.0053895957694319
.9776652952712749	.9326144894125976
1.019852423250289	1.011551894403879
1.0123050669921607	1.006965291943406
1.007398153352572	1.0149621009457581
1.0162286330996537	1.0356878851889335
1.0127350504571413	1.024234723590791
.97778654186914	.954036997556855
1.023200416670638	1.0299176751447063
1.0343111905774278	1.0884252793920028
1.0137852473622302	1.0630657485640533
.9959568501500131	1.0098120838128453
1.0309761293380848	1.042298808173143
.9946367493556403	1.0002676942918447
1.0388724938937668	1.0567865048259728
1.049853723748609	1.0086436283544322
.9904948880133623	.9945771304315066
.977959963634864	.9478892505562746
1.0081215241869985	.9940068752004955
.9841148883003886	.9989065464333334
.9991163639851474	.9911536158466873
1.0118614641213888	1.0414403968429702
1.0202951722713627	1.02828252056235
.9543037854587773	.931058788982843
.9792846514143301	1.010863589637679
.9758763829846463	.9893896973450113
.9971984067820939	1.0079813126147077
1.0168311577459763	.9988640733929466
.9886091274466307	.9624458662221539
1.0019151711240089	.9978974746744713
.9979448538974004	.9905328664322639
.9947303302690016	1.0151333470973796
1.000549789922975	.9858148277895976
1.0178754668201084	1.0546841931524185
.9830447826707371	.9519870505497825
1.0050911883776203	.9919798801273513
.9807679383592875	.9754836474722839
1.0095800411171052	1.0232219649957504
1.0349507945090086	1.0941851629941188
.9901292979756363	.9917753430735609
1.0044329340129257	.9944857595383703
.9866026070317662	1.0061407978734258
.9948519495177848	.9737467097592423
.9915801483467122	.9894926553331376
1.0071720888835094	1.0201307629334786
1.001725379775414	.9986977892391273
1.0367508102696115	1.0645105380614366
1.0046322266519399	1.008765713720585
.9843068520026264	.9505839881549893
.9993009900088118	.9877828886023814
.9660076445821404	.9341097234416795
.9694148275547017	.9995975744127955
1.0619440810544174	1.0709939970854188
.9829161472453983	.9576269484899667
.9702377469323605	.9682591110608348
1.040661125091466	1.0428082852921594
1.00154521409326	1.0485554346506176
.9860263963733656	.9841196932234596
.9824031676866707	.9673315484156062
.9826004992913921	.9771509822567652
.9917057531885763	.9679771303323634
1.0039314843355993	1.0162732826054326
1.0050624914305057	1.0043098204298022
.965350698311323	.9415037131330232
.954602749235206	.9166547008468134
1.015972199614058	1.0461566657842638
1.0121383118015361	1.0010144927174218
1.0159043061385573	1.0305441880977477
1.0034403520968649	.9991512061211854
.9543044368398154	.9511779796144132
1.105607924578504	1.0942473416966159
1.0213056345286444	1.0445588596126092
.9845508671184946	.9429309366577523
1.0158563080574827	1.00603965378629
1.0003333078515748	.9685732222177671
.9025792046526975	.9375626742125492
.9925757987475525	.9961646209396362
1.0148630164059702	1.0663541266444072
1.0120799156683566	1.056715105370661
1.0201107659392659	1.028196851516335
.9842581994063845	.9711873901802079
1.0277380536845704	1.023882737118423
1.0275973872044954	1.0403446427628034
.9786548906058693	.9236326371170366
1.0037841178721694	1.0032598026999968
1.0167628494532943	1.0352766716374235
1.0104078902890272	.9829409699493009
1.0313653894012296	1.0202272997487376
1.0377940016513498	1.114133895641494
1.0021668005072992	1.013472894084498
.997619063045579	.954264299490777
.9801562986718124	.9616968507771204
.9315090105367748	.9763813047133126
1.0316895685716103	1.04479547810855
.995896899475919	.9660381609669233
1.026753121388486	1.0249248434360845
1.032715700283088	1.0672761120848473
.9825399212864037	.9759661611538523
1.000705305665638	1.029026702691266
.9960796228945983	1.0052718636438676
1.0116212955630666	1.002559060382896
.9975474570233037	.9443719789975543
.983408975340424	.9802731897377615
1.0404368713354744	1.0738162937325577
.9699503636588718	.9634605749259506
1.0243779977894854	1.028005699192815
.9721104422581692	.9760696886538595
1.0745639884198526	1.1164114597873078
.9902218002889938	.9826907440411708
.9839188702569371	.9644792770653724
.9956363343612055	.9837025558867415
.9607341986246102	.9580407063470524
.9919526612306514	.9598415466333565
1.0108584392726545	1.0252550729202992
1.0181956551701246	1.0317466972495573
1.014031154369778	1.0120123758779436
.9807420420021762	.9935992579028926
1.0328711487184274	1.0602420862951354
.9689051485707397	.958325098944875
.993588393428611	.9780071549019755
.9983044648656879	1.0095559221814445
.9850059330674201	.9801466904673198
.9698507986120162	.9369189214404017
1.011039970546343	1.0437083875595334
1.016506831317889	1.0147979381474113
1.0216017879505521	1.0038175435931223
1.0120760907674895	1.0495222302850793
.9941558591395369	.9702197414123805
.9929112078471115	.9833205506489128
1.0010347563333115	.9771205222291087
.9930495166395148	.9958260283180311
.9779391460171764	.9312119145554124
1.0424301086224836	1.0768326538909934
1.024269691442439	1.0562299977221148
1.0117703208317212	1.0110937206416206
.9793977625532715	.9585894528091073
1.0074099498370332	.9954707941496777
.977267804195566	.9433454611338962
1.013103258988154	1.000788433325025
1.04485072225787	1.0340935930212938
.9860637527573144	1.0269255752365496
1.0055438383271005	.999558454527063
1.0571092989878994	1.0904882000414036
1.005432196765936	1.003994077402424
1.0117876904213772	1.0068350246157522
1.1492349981449	1.2059395021340555
1.0314572313148507	1.0667415347354883
.9817231571961037	.997956333034468
.9660087648251587	.9200797419384901
1.0256311349810343	1.0639024001348965
.9798606727587182	.9684375398412856
1.0531635826268335	1.0691992259954177
1.0362405674194153	1.057468123027965
.986881867381932	1.0160342067950299
1.019260762629805	1.0154306125207646
1.00321108390859	.9476658288805778
.9408016417871493	.9501373338780867
1.0301967753790355	1.0331569216634602
1.0087827973814814	1.0206199229079471
.996883655371105	1.0012244965402104
.9523042371541436	.9795383014037174
.9947167694739526	.980509831936953
1.0022050004078424	1.022908690367542
.9785941966613647	1.0104242811717412
1.0148898499492458	1.051318370075325
.9928357663424889	.9709521472850579
.9799570725590417	.9433597093977815
1.0034812961286814	1.017845986482498
1.02565886728319	1.029214426683564
1.020266028548858	1.0167357688976535
.9903503005920016	.9911956484746666
1.0002355691144638	1.0397765385691988
1.0047181870245607	.9949234300962951
1.058210966228198	1.0463205432568246
.9941016225994409	1.007882747733139
.9945921853304519	.9651026829063182
1.0196016326431212	1.0013773262617551
.9884975697984262	1.009540045512291
1.0445316409257244	1.0302631206627162
1.0152228680092485	1.0348711801288732
.9989991430919879	.9813887008784148
.9853658583038395	.9744207261372418
.9832627362752774	.9576264736636128
.976742500606812	.9501572345155226
.953154950126131	.9482665730658896
.7682512833928254	.9597937984783831
.9955663347890846	1.0229162828423117
1.003292961867184	1.0023129649408828
.9941627118110107	.9856486408122493
1.0249276136705847	1.042262560959772
.9781036564906928	.9705351034606365
1.02950273983085	1.0617900514424397
1.0000474965966883	.991948558397895
.9923233204288954	.9914635318178405
1.0039963012732145	1.0102314465970657
1.0089329636756983	1.0103522396740836
.9936600228118041	1.0068358465272431
1.0018169861203814	.9535615676334852
.9953692552752936	1.0013835542732832
1.0148064969521506	1.0082268143578406
1.0097042869779194	1.0253676701625796
1.005842468975385	1.017930759178845
1.001483948846223	.9889841878755047
1.0090531059944063	.9949219951209141
.9969043813788742	.9895998789728178
1.0118619805208762	1.0215620831577634
.9750967791279814	.9639032405649501
1.0331280155213292	1.043929963088512
.9963757458801249	1.0009932776964545
1.0175922805330118	1.0932203722238072
1.0105022170870834	1.0063821537167972
1.010382050280408	.9958028139214486
1.0105575971436542	.9923619853416723
.9596672874543949	.9790236034439959
1.0017775660295496	1.0209476827522657
1.0096116224676834	1.0071852281818234
1.00798165481224	1.025917463736082
.9981970910067512	1.0120287875566818
.9856501929809478	.9965146769550086
1.048708086490477	1.0628323681233633
1.0102553250419994	1.0322577933742902
1.1006786149816397	1.0399696822380118
.9858498881703491	.9887840606660937
1.0169183863640745	1.0028638966335042
.9959891177071989	.9773099016028245
1.0045121364010219	.9991206228169258
1.0215144086369645	1.068050277159369
.9976073337398561	1.0113035052142019
1.0479347683816955	.9939273864417901
.9632937396974254	.9175792119686299
.9957924899228638	.9916417774403276
.9920248863087618	.9867440166359657
1.0091895356712917	1.051784965632711
1.1636874168206832	1.2043122597836495
1.0072990225419087	.9998745493682474
.9764225672874688	.9770294670741869
.9566613474651049	.9774646458449093
1.0346756208361705	1.0920554217066345
1.0080586816131611	1.0153693689923635
1.0112900131993792	1.0171104849598303
1.047599772098506	1.0378299498836938
1.04067591581798	1.0571436458123735
.9841976313637958	.9994641359204093
.9996962382625832	.9824458034613313
.9856099679165679	.9754435551938758
1.0055369427239802	.9900745074885524
.969417316576342	.9674389739936672
.9905617338179217	.9758079675004109
.9847914634377877	.9848371598096515
1.0701024128525667	1.0520626692352866
1.0054393013437664	1.028828317581547
.9969789759777473	.9816015377942354
1.022842617649553	1.0460494799021252
.9594556138333012	.9343653516762279
.950301165330147	.9305908577176198
1.0014384834594687	1.0057831616053123
.9978319994079844	1.016401616328145
1.0117053203188253	1.0104702547309596
1.0135225074395078	1.0323173645246602
.9854039688679227	.9833391501902898
1.0227186801927712	1.0110533378811277
1.0090233291479944	1.0261390782878064
1.024881852572609	1.0204394236070136
.9871316309016965	.9742881787317443
.9956583388903617	.9799407207724568
1.0586047369289608	1.0583911881096943
.9942612204074625	.983560874470413
1.0430684806108799	1.0707935718038102
.9783816661928574	.9426418493719191
.9501400194451494	.9449198141405072
1.0272685132501314	1.040058038938594
.9498344827941089	.9549343581963421
.9630498279569016	.9218646961025433
1.0246224540616928	1.022172346521427
1.0108245286928266	1.033613589056393
1.0429824905155272	1.1033340698972254
1.0321869936111685	1.0325573437579019
.9769744593199877	.974625735280688
1.0109986354377263	.9779683580159143
1.0047880150206496	1.0030248192149533
1.0050863279173032	.9947756578188808
.9960966636221168	.9918403609433937
.9482708838963636	.922343949311607
1.003320344659942	1.000288580444138
1.0125620545207317	1.0267425193439839
1.0232807632934648	.9957814820923394
1.0196444619704361	1.0395283175872694
.9915076689533672	.9761172152587585
1.0368681200403689	1.0532960218635035
1.016046234206101	1.0261526455181809
1.001600152638846	1.0450357386265952
1.0029990880339468	1.010857939047348
.9957288966506394	.9973764816894382
1.0064138028545175	1.0224942331519775
1.0228467508466104	1.050252353481077
1.0260847533275612	1.0838841892044646
.9936819971350341	1.004317065981968
1.4198215373416982	1.3756646471766318
.9767044118830458	.9585901827505919
1.0007822587542807	.9763438272014262
.9622740372154177	.9862791178870863
1.007254515964386	.9670159748507148
.9875987999098033	.9483853016644235
1.0426010550813236	1.0676498844330073
1.0097045679828367	1.0125231840320184
1.0102010972827216	1.026633378071801
.9939121815763338	.9963260839214515
1.0397297043122238	1.0357588676948433
.9720963449017609	.9117902995251307
.9759822588729362	.9346037558360153
1.0121179361864734	1.0009504977766581
1.002030621778858	.9877789652286983
.98791426501217	.9849318462381539
.9252428132991543	.9672573698230826
.9773476290248052	1.0663360219735114
.9750797800127748	.9639684039709366
.996342075323739	1.0137882021560556
1.0160672327801197	1.0408617285869042
.9961766792329401	1.0096153400573764
.994173834412298	.9688112592491885
.9951258456002137	.9763109575440506
.9872766763253511	.9571896938588796
1.0156711509038179	1.041402006624334
1.0164180377654537	1.0237247172507196
1.0229487096859435	1.0265596586955836
.9893659484058135	.9715244477944722
1.049312592425251	1.0504931325010458
1.0063174912360489	1.0193573503789164
.9544344611854856	.9630822035934289
1.0339952867961966	1.0113962355388424
1.0187744787659543	1.0031191569525508
.9905002174353479	.9844813339455211
.9917047157135137	.9978073137570406
.9870268502289639	.9896986199394174
.9949842860834522	1.0010644301386125
1.0321683169258293	1.0724055906283458
.9944941079251579	1.0432458198637615
.991843867236904	1.0009954725494996
1.032763423074783	1.046159619658937
.9853500691326355	.9850337873528107
1.0037694421659868	.9921244209051691
1.0144551391498915	1.0103991934230483
1.0110629098948427	1.0309007992409
.972551400313456	.8944576299365536
1.0226401741897564	1.0274195416774994
.98431094637398	.9805955882263668
.9954784029373003	.9915321938614746
.9893377381863663	.9891344404778128
.9668336683460342	.9863197049585324
1.020349873025974	.9979304157273484
.9852527059926642	.9721086896457664
1.0286247896702672	1.0278019589831862
.9889045443739876	.9655405848705029
.9858810837340217	.96378028129394
.9948945152110598	.9845272597091774
1.0162598843613522	1.0510136704333264
1.1184374488266817	1.1021337588060425
.985023928629721	.9666003515566828
1.0024683956657243	1.002321933573562
.9783495977404961	.9069701806895817
.9822223400653761	.9724698393542462
1.0179085539508121	1.0578779675478016
.9911140469410469	.9923542817650826
1.009533392827177	1.037045689270726
1.0268260610082272	1.0616408121892562
1.0022622706553137	1.00075378164728
1.030027260376968	1.036173622735837
1.0205821442529857	1.036328092993742
1.00622678167265	.9246993007678037
1.002432183739776	1.017170262728039
1.0002595185244294	1.008755112985819
1.0195439563605848	1.0266111140611844
1.0362581016767103	1.025146508664007
.9996381746921572	1.0014765412131634
1.0364867998509302	1.098980153435116
.9816426434865897	.901936977810507
1.0255364093400468	1.0554836481392966
.9997359394005808	.9878082501210373
.999014314340284	1.022989937080292
1.0022937725681522	.9946094014546891
.998257666270321	.9945625766138818
1.0189236619690478	1.026826427307587
.9985039656282543	1.002286842578489
1.0098313354407287	1.012913510622573
.9967340834116392	.9999294958119537
.9324308666397713	.9340966899430894
1.026877602006369	1.0525565699162083
.9955492565745601	.9847493310993043
1.0150760141373976	1.0309531168923052
1.0338684609317226	1.0942681100620018
1.0286818080517925	1.0261986389569782
.9922551142486025	.9774949685085362
1.0333156286052403	1.041632626207701
.9999585882990923	1.0178551926756227
1.014561057548958	1.0447670451231854
.9930906201849595	1.0284568357358956
.9965670565847041	.9829541294533605
.981608235749447	.933545399135574
1.0462418494540335	1.0665606867516513
.996591009358915	.9841435825549404
.9888399589190011	.9618554016452794
1.0200185405563729	1.01724750980149
1.0283081947417545	1.000638595811027
.9868133316076099	.9783660649034187
.9881965505772834	.9916905829875097
.9773123152183785	.9889262054247441
.9707288890486474	1.0167233261500477
.9369475194906701	.9318083001247385
.9995450965026945	.9482626106878758
.9872383803396653	.9668538503867564
.9991534016522037	1.0579762983565308
1.0146046426099218	1.0044601475633097
1.0157111366401368	.989221581005404
.9970114942617923	.995395171781292
1.047273566189172	1.0812572182677558
1.0178242634383983	1.0214499573953923
1.0039612693709736	.9902493246475421
.9828916657309087	1.0048542065575734
1.0338506965781382	1.0459940525624243
.9993055337223681	1.0154668144197279
1.0853240991176125	1.1182007713535076
1.0571426294266066	1.098146244794994
1.023695326303348	1.0090361410513196
.9925330455192621	.9701774374661769
.9851719795818449	.9927794202538157
1.0046121098446092	1.0214095935487577
1.0399948495250568	1.017616172881943
.9737134761911275	.9653390636169964
.9964269084824934	.9975163867958272
1.0453259855829542	1.0670049417996161
1.037605774216842	.9761206163672901
1.02523785644752	1.0276922598328384
1.0163374879516878	1.0235535053107923
.9918602163602017	.9720529049080927
.9678061404561056	.9623041306668326
1.0288436165207036	1.082839068307285
.9830824422969837	.9743332625493821
.9899335143388457	.9967463707474186
1.0289858242003311	1.075409840852265
1.0290792864890812	1.0211009393558919
.9896429115118917	.9829036870111678
1.019103789216697	1.0719578599741986
.9937028943390068	.9579940366547387
1.0261093127945855	1.0823987914570665
1.005355294893881	1.0047118462640525
1.0314221424473593	1.0491783710744553
1.044396823695415	1.1065491410747834
.9778357029015818	.9858327161334591
1.0248705175441428	1.054961305411083
1.0336310800448067	1.0725088799815112
1.0297982087304942	1.0484026438935072
.9818283826921896	.9805701638967627
1.0547337976411764	1.141707919122697
1.0068448495328672	1.0081738538641807
.9591561962089801	.9392495453894371
.9972718205306218	.990051961795557
1.0023212337960772	1.0362374536589818
1.020768272011666	1.0168464065815863
.9876749577050635	.9642405253278236
1.0159534682452214	1.007017289149855
.982294168305803	.9752864143176385
.9769159720659418	.9719124025576772
1.0676815271311424	1.0918029644361884
1.0402173181851921	1.1049216838261244
1.0362876444589606	1.0878430733540279
.9843682991166691	.9734216500723486
1.003242603358711	1.001205757477617
1.0092396390052294	1.0473962662608842
1.0195759804313538	1.0341704787940282
1.0458381778164985	1.0544173342163203
1.0209408284698342	1.0402850609020478
1.0092278109128792	1.0266212365565235
.5765579162418543	.792060300382553
1.0135103538820123	1.0234266671066268
1.0366317163053584	1.0897969617701881
.9727656539190451	1.017447661951106
1.0219612546890318	1.0286955683764305
1.0003880997197805	.9867488377674838
1.0132396104890316	1.026383854440484
.9804800091393452	.9670085716112535
.9929229776193912	.9665962682720689
.9903620480310392	.973937190622879
.990566157001533	.995719120610532
1.0246676267865877	1.0681974904299285
.9987866277053734	.9883124812122512
.9988625995858518	.9758277388716828
1.0288603990038598	1.0359577865288854
1.0083435852727465	.996776396312382
1.0556095670416823	1.112733068570449
1.0187257068325866	1.0536756532913987
1.0207086406984536	1.0123138770794589
.9925561629167848	.960019419170175
.9533815513081842	.8824726388393319
1.0060547877145367	.9706300383512537
1.0253320273462725	1.0409377799125903
1.0055545109645552	.9759276578272026
1.008407402392835	.9578774008403674
1.0229175434541178	1.0809216480844812
1.0022872227620094	.9638561050263683
.9986708522955515	.9950318413335116
1.0125728662830438	1.0302608455766005
1.0007218421468216	1.0040499867069137
1.0154010778194495	1.0454233558824257
.9913406883415747	.9908968776043756
1.0021440234595878	1.0385117692063754
1.0320252092833944	1.0778430083153565
1.0132208592870788	1.0428015882746022
1.0221673799851632	1.019529938434685
1.002055018721332	.9857657109498171
1.0256107602492701	1.0020687479071022
.971415489841883	.9397723352636054
1.0051049934727272	.9883813028663399
1.0147042081505242	1.0229612014146767
1.0023484349539074	1.0075293236308027
1.0079604855361934	1.0132953482125175
1.0066891070545354	1.0339620149091333
.9713762698293921	.8969816851439412
1.0308090843255073	1.0505239999750633
.9975567964227511	.9894431017902242
1.0027649240296377	1.0430531762897228
.972902250407078	.9718496570454417
1.025747076899776	1.027269872495633
1.0176568839833264	1.0343601997830771
1.016162623159388	1.015134827114202
1.0527312146177907	1.0335145052455759
.9796264651473698	.9594668828689586
.9837385688232647	.9575269061091145
.9953320950314742	1.000752311349566
.9915211164025071	.9564696641022449
1.0209261893990922	1.003246537393259
.896096428726262	.906057706778992
1.0063371615907883	1.0221811039620536
1.0294109791118808	1.0794290801264435
1.0117981077550873	1.0267943139542914
1.0217019244401118	1.020440820680251
.9658480594860684	.9463204196737374
1.0018121907120348	.9986922759473613
.9802933115325396	.9989295823133288
1.0524830785097123	1.048363387353228
.9746591126683595	.9391369365821959
.9982475373507013	.9702893779741849
.9938603781092485	1.0173397836724971
1.0019862293888468	.999754713554401
1.0308815892573215	1.0694842578657582
.9923087893959663	1.012282372395931
.995350327095333	.9728364344914443
1.0175948912907398	.9983368730081948
1.0141807875985431	1.0470327669372061
1.0179566557274282	1.0328387911702066
1.0124530521105772	1.0212939191450279
.9843838714936091	.981382750498087
1.0390586449450747	1.0884825578381976
1.0176809320259987	1.0025781236377034
.9956858569164245	.9842700021596098
.9914457815198906	.9753186755081217
1.0198361324069039	1.0391372029796504
1.0128456626376037	1.042997544144389
.9701232066393972	.9577297062335893
1.005148996760156	1.0263643133184972
.9789840337353538	.950322193973203
1.0220678278682898	1.0623981265493678
1.0216910078929515	1.037289909835398
1.0061396278991008	1.037729389346021
.999610811761117	1.0149666820215524
1.0357031588458927	1.1027472612146114
.9711437408662223	.9711979855799071
.993955732894598	1.008755508107118
1.0042195215675334	1.0136121824671422
.9912954002714036	.9927290012710799
.9886817399358416	.949058967862613
1.0008381797827945	.9869720070965134
1.000207590231978	.9955786470725043
.983404315333913	.9331623046078428
1.008451394610587	1.0901808767020789
.9928514444471818	.9826426264068883
.9859565489243262	.987346637080167
.9904137772959594	.995336354579786
1.008023020833104	1.0593028861936957
1.0285854798043108	1.0739327308400308
1.0212038480759047	1.0225687968670074
1.010338211039443	1.0177869116981697
.9852299851388704	.9480245681695433
1.027045283120267	1.0481402601216638
.9941669066387736	.9898999302281845
1.0145411695648558	1.0166028046950877
.9773243488291917	.9531950183105808
1.045213654292644	1.031703859552956
1.0020921771125368	1.0153368968440732
1.007455230595468	1.0421902446798064
.9999331599069186	.9745713874888484
1.0205962130558675	1.0064088256484987
1.026224578403076	1.0315440786402692
1.045424943625747	1.0680190002127834
.9760893765630044	.9634407198603454
1.0715171428152905	1.0682097597696594
.9809835641893566	.9809041268203579
1.0052737154127354	1.0089817637237197
.9907142039643659	.98828738036189
1.1495725337750768	1.1481855601650697
.9857472401737181	.9590656350928858
1.0288855656469913	1.0382200601633245
1.0112378979158725	1.0253577822636455
1.0273861588411708	1.0263708872826134
.9714981895251482	.959738855069123
.9891009801480276	.9848740237869174
.9890043426850825	.9653720400473802
.9659171059510453	.96290761826925
1.0695576133985942	1.044966927415954
.9679433065779776	.9803558855892056
1.018386184406844	1.0563527398253498
.9852671603934883	.9756734035285239
1.0405515465063297	1.0421627714488766
1.0309353292659251	1.0641252779577015
1.0162307226353398	1.029251468602819
.9998226572642206	1.005946539643981
1.1001149606058884	1.1326837470239408
1.01381901351078	1.0475476548404619
.9875816281631358	1.0118315643871711
1.0026201473038685	1.0218197438646086
1.0000280934515815	1.0198680216436884
1.0510621906480677	1.0502735933167964
.9949889210425015	1.0627260558134188
1.0152382177977186	1.0348044171164537
.9870732824614123	1.003763667272695
1.0152971368876964	1.0296906737664377
.9799931855386301	.9589642454901637
1.0257965520711743	1.0092086341575566
1.0128799061751952	1.019862777150729
.9580696299885689	.9534225311273622
1.038365736642979	1.0646103485918579
.9661772137188877	.9399392162470093
.9791421116355853	.97064151231393
1.029861520757334	1.048028702361917
1.022665516703769	1.104728001838293
1.02112688568568	1.034970341776861
1.0219249394392356	1.0290575603456615
1.0041781050634007	.9983966778816679
1.0089046881349544	1.0174647971038098
.9691423626441867	.9708701428765398
.999166660957719	.9998036108817931
1.0286729099587135	1.018695837347584
1.007458983013491	1.0153774849698716
.9929485372290417	.9802037107716606
.9821456719741982	.9804038927718617
1.0764385593734314	1.111303903729915
.9905764676591622	.9614106682261011
.9716037357776248	.971160095632028
.9617517875444185	.9557320528814733
1.0114073777326629	1.0157829881580047
.9774999472577268	.9491785849856288
.9855797866759052	.9959113299361271
.9840313181988193	.9814910351993664
.994135310355245	1.0343470660000431
.998161581061137	.9854610819938636
1.0236580099917119	1.0386894281339432
1.0080643411967056	1.051745983112081
.9807098836587023	.9478470554124252
1.006178140314891	1.0285720073044204
.944966355769161	1.1289251879935074
.9302641026935172	.969183938519417
1.0156681442027142	1.0418280178273225
1.0251045006945978	1.0555997992824044
.9991355614415487	.9993072798446566
1.0506309172424049	1.0690201447085583
1.017462213752353	1.0239309247760435
1.0422756980821808	1.0551117439756466
.9651046441644442	.9408480878708109
1.0429978878553243	1.044935386668419
1.0232512158574356	1.0322348623545488
1.0168130915397349	1.014817781742987
.9872276506625703	.9798290382730696
1.0210931173881383	1.0199765392816815
1.001947779673105	1.0055539301649963
.9959692662338491	1.042429130253667
.9888093475331302	.9581294087833934
.9678450815073071	.9322971555609222
.9737314313661481	.9580153854585174
.988822864405408	.9909809839294303
1.1766975573852567	1.1192014340228618
1.0065791935862947	1.009506160498563
1.0155092019188017	1.0218146186459667
1.0027299825284657	.9927923097112369
1.0039096235537526	1.0105683612469
1.052632669571505	1.0636365047011447
.9533992230227498	.9434248038847368
1.0154551931589246	1.0102284324816884
1.005494586624929	1.0252865983498851
1.0017507214847934	.9974211533362581
1.0117319781636358	1.0394353975182558
1.000638370937323	.982696254683573
1.0144041619968895	1.009755675856024
.954994024701739	.9587069736319991
.9942711917095667	.9962002212121247
1.0009387465631086	.9922590423105532
1.0022963295709455	1.0184972381022932
1.0355427662744248	1.050390411524611
.9568509402481601	.9150044227121209
.9628618648436839	.946126615688388
1.0017379469287444	.9841885729814204
1.0197621766385976	1.0122943761445855
.9318437994663672	.9236767744686707
.9656743197344346	.979877916337602
1.02240849442242	1.0351985128637882
1.0068536915885047	.9949384898088508
.9865111990915317	.9474463254596469
.98551625032572	.9668734516861172
.9957140288807281	1.0097248032213573
1.0244812828099144	1.0397356536577764
1.0265325712553703	1.0637909896724527
1.0446927492987772	1.0522938551161594
.9783412707753909	.9760690029567058
1.0230082396891498	1.062988963098022
.9936755328346221	1.0014244062833224
1.006496839318773	.9964981477498978
.9698103559074042	.970721855910664
1.005190758293438	.9848995540774449
1.0014326446045665	.985211715894272
1.004861391178858	.9691605591935124
1.0211889234569185	1.0313594035083302
1.0140567956265145	1.0230009840902905
1.138803806727558	1.1109951921854444
.9733276322866058	.9674555395456016
1.0799382666021409	1.0383656675826225
1.0360403671671197	1.0459647081647776
.9994765621414662	.98591748152697
.9902703309716896	.9996005943212841
.9731427286560778	.9557762082229068
1.0048926016478794	.9336609768167263
.977199331070264	.973604316664617
1.004662621000329	1.0017920572583043
1.0331498163021366	1.0794767174356812
.9991871894365016	1.0271162874677342
.9585989361291949	.9624375964471611
1.014571616723692	1.0259176995324133
1.0297770821601846	1.0401415129612326
.9895131818130145	.977034688706386
1.058872452763095	1.0983687123499986
.9609646818665843	.9222033360795286
1.0381737536700557	1.078195956242288
.9990344747905369	.9858530951649719
.9596661585226128	.933416105657312
1.0128113861985426	.9994781196646498
1.0028760856702126	1.0515419262121866
.9940430442573369	1.0122059088179345
.9858076352102062	.9750196247442026
1.0116662457336205	1.029102550876598
.9730682527892357	.992480881512282
1.0136098684806312	1.0472318383147863
1.0142002030119117	1.0335995373337796
1.002157539677234	.9919289197805764
1.0155548791701883	1.0156649004056701
1.0026098368756196	.9821456579437737
.9749527746695791	.9566075257453698
.9755053802990075	.9530052892903284
1.0231664030489673	1.020025352212748
1.012871706769678	1.0432774778343135
1.045570472179919	1.080875234005337
1.0071344119282433	1.0465124879873802
.9900809893265365	.9826125967475043
1.0326137808690325	1.0630781892958174
.976383720360987	.9746059719363637
.9781230331453296	.950932763811397
1.0441506159225162	1.0668652094368816
1.0828119691523699	1.0216265999179053
1.0010666287506937	1.0118574609070214
1.0213127066474994	1.07040951597559
1.006238273661109	1.0206185742818228
.9929911224497522	1.0029198942371595
.9960875861811785	.9773158100215561
1.008992238965107	1.0118258377240454
1.0017264676701105	1.0184979356087644
1.0208656589106917	.9852564403452236
1.0499637901087637	1.0598934369245325
.9550043034861387	.9110377280717356
1.0056644807403146	1.0104425619829271
1.001114153632162	1.016178831457881
1.037292302488601	1.0506807526360018
.9949841822872467	.9967510094377006
.9703664650489005	.9048949344279014
1.0124131919202932	1.0135407632648097
1.00710652335207	1.006956052873993
1.0226167322296718	1.019599605967658
.9779855990196522	.9649733759672431
.9915237633598383	.9880897453559974
.984736158493684	.9840982031610837
1.0044027150176893	1.0110355388304948
.9781865897297923	.9243801591189582
1.0313990905172454	1.0723628889757022
1.0066176343802145	1.0145872064326953
1.0190294282604389	.9811414235434344
1.0488601301282072	1.1040118023312646
1.003721460963063	.9885569562247222
.9987586573603028	.9923879992449468
.9762761295648013	.9648457050472522
1.0687743037182407	1.0794028936662918
1.0066028364774617	1.0672069770369395
.9953759247413916	1.0053405317270603
1.013154449187949	.9986026218753428
1.026208432024305	1.027749588612302
1.0004470667393277	1.004406657137122
1.0375907744520088	1.05075194665285
1.0071712244442679	1.002023413421394
.9931625329422801	1.008972612048171
1.017261726480643	1.0356319630217343
.9950304337278322	1.0265349004596063
1.0012774038872405	.985884308190081
.9738365309711219	.9406607924782493
1.036663462090629	1.040949808448685
.9875015041693589	.9395718926928042
1.0001861200755349	1.0188193793507465
.9541769319425404	.934556834300557
1.0227920901667558	1.042822271460394
1.009102883011195	.9953968297318622
1.006184983252894	1.0037435641676937
1.0189085264434619	1.0115247755769217
.9898248377743587	1.0052772887515193
1.023549074613753	1.0475578564841952
.9913239581917042	1.0072218596455862
1.0842530628825464	1.0725460557597182
1.005682869658504	.9977168233863867
1.023090058053045	1.0467057174610996
1.0152616604186304	1.0211312239350554
.9923710015355994	.9419524963619517
.9761200978913583	.9833547923132819
.9769029549490037	.9435528794681234
.9931242779504978	.9730542632738526
.9948896888948652	.9710271524708678
1.0090309640928197	1.0599267767912148
1.0151889017618572	1.0566342675271947
1.0305049107185005	1.057558826433588
1.0532452242397567	1.0638580968519433
1.0273617296132433	1.0345226947811184
1.0764283048554173	1.1428874439661332
.9620932292092618	.9737666311755065
1.038040308349026	1.0396706646509557
1.0170968371825668	1.039686468164121
.9784294861024356	.9746406116411228
.9936524332329204	.9958736324097585
1.007968892666908	1.026076664722866
1.0238769374585834	1.0136196913396678
1.0144351767477826	1.0196858444765151
.9719625324615675	.9465389908418755
.9256464000265671	.9299783872229316
.9943233872264875	.9976121294281377
1.02730778130151	1.075843926012226
1.0182935710481538	1.039026054391722
1.057449953273174	1.0731439885969938
.9802897186303566	.9497973883323078
1.0032166258747803	1.0767125333095906
.9779516335571357	.9555836227102982
1.0358323328019936	1.067538455087952
.9924415374330303	.9968424724553602
.9790235071529242	.9664986089703809
1.0263491343407747	1.0682526097862641
.9901194731136426	.9911334627240335
.9932318396205995	.9859473340772467
.9695553823482205	.9730976416247538
.9972459602893841	.9879386258899324
1.016353675905689	1.0415493628611021
1.0014067801487638	1.0247023174664536
1.0471949334403778	1.0112446620183742
.9818643458852919	.9877195956398945
.9984358030061085	1.0641440885836653
1.0051028011170637	1.003294054191158
1.0078104995058252	1.0048413022019964
.9850707959652532	.9527102400453434
1.0026347679291454	.9828769164821466
1.0350062417085988	1.087293958973145
.9854022289302001	1.0156626279339744
.9818075481171231	.9868567179082419
1.0318738586903602	1.0466080961319615
.9951980479731578	.9512358582894976
1.0095114709726627	1.00239504246994
1.1471758608721923	1.281519136582729
1.0003338533911068	.9880242374850757
.9955712005504479	.9803551225219708
1.0059935542836724	1.0168229181217454
.9992610532478767	1.0053014822573885
.9639230241287366	.9388419198499851
1.0946920883777902	1.0968113703874092
.9549850312900093	.9506074143637009
.9994126074814086	.9993368038218835
.9885292627550131	.9937049472637064
1.0249660414048252	1.053638562997978
1.0072798630126487	1.045431029377654
.9725491747965997	.9630185687195287
1.0148878010341624	1.0357757845606685
1.0161523071916778	1.016609047823509
.9819428025637518	.9957351779176541
1.0052315812872947	1.0042249457475405
.9946063893669357	.9997170806248177
.9901413165645866	1.0054511248861735
1.0124469503734639	1.0346765646968044
1.0023800434006815	.9636877236436477
.9927959472041105	.9904328404923295
1.0128352347644367	1.0015128246523592
1.0049414525770777	1.015935691304326
.9650345947303633	.9791333063357102
1.0028709852608013	.9661149717149655
1.0082629383779753	1.0222369193205267
1.0185199807450236	1.0052944426846893
1.0088824824956788	.9700856389888745
.997330127659941	.9966317797543317
.9958908107112502	.9665625120010739
1.0075891786507665	1.0307332020045492
1.0137879810726085	.9989057382209531
.9979634930986478	1.0062738071902522
.9758430913108832	.967715863905118
1.0072827493110905	1.0570879195564022
.8443064727275594	.7057480231142512
1.0212811910811364	1.0627214956729096
.9961749144606651	1.0168607859645102
.9980182741003452	1.0187701516707368
1.005969380429807	1.0057153287591865
.973777390026047	.9353853511059346
.9719653613099724	.9567293777468167
1.0874284326762127	1.132001401489318
1.0034202963176095	1.0281617890328294
1.0555608056596586	1.0913974343461894
1.019596528673438	1.0498669576359556
.9859915092952565	.9808418975582418
1.0104759802412597	1.0324769593305134
1.002872828965357	.9918088497554893
1.0102543429676112	1.0190767321566103
1.0182067620535609	1.0222634413957603
.969388445795722	.971982889921606
1.0245331791420973	1.035869205948012
1.027566801326962	1.0466461849450421
1.0240255770641753	1.0484436619460726
1.0117641360010863	1.015780898539415
.9984853309285618	.9766329440440076
1.0268739053804783	.9471847597475106
1.043297339115169	1.0685049631982277
1.0043897364471785	1.014121094690636
1.0193409258960866	1.0409152519152918
.9994874966494025	1.0099422467453338
.9999682316081784	.981644250398273
1.0312381451348098	1.029958000794619
1.0020047596640733	.9962791232827919
1.0117531481301252	1.0178130915905537
.9785558833566281	.9057880898035343
.9798768402637537	.9884535607888626
1.0059653364809433	1.0163280983534382
.9967905156504783	.9910989589284386
1.0023468794783514	.9977976366462038
1.0032635652826678	.9924642754841512
.8759813064319288	.8166725962564688
1.0309294097388157	1.0483603533165724
.9931832867765301	.9867312105549072
.984550154312996	.9786337035182276
.9880710672326894	.9699109778720065
.9853261893956867	.984218974864229
.9759687025926098	.9983542864388824
.9942170780846753	.9965023049205874
.9768008082379283	.9395233052924249
1.003409763916869	1.0031517071651472
