0	.1	.00020340006198956318	.00011402830801430875	.09999999999999998	.09999999999999998
0	.1	877771054611057e-19	.0022577260911928517	.9	.9
0	.1	.0012411430495015124	.0010506213354344665	.09999999999999998	.09999999999999998
0	.1	.009861843749977424	.0038636991574936747	.9	.9
0	.1	.0006437783067850207	.0023977708236662064	.09999999999999998	.09999999999999998
0	.1	14433481724665483e-22	.00018772891331878653	.09999999999999998	.09999999999999998
0	.1	.00020393352916504975	.0015390529387873967	.09999999999999998	.09999999999999998
0	.1	9579253716949276e-20	9107087158837067e-20	.09999999999999998	.09999999999999998
0	.1	.0034843250950205564	.003783415356721917	.9	.9
0	.1	3498058685666974e-20	.0004208933585815105	.09999999999999998	.09999999999999998
0	.1	.00014460286148160724	.0013451245343443347	.9	.9
0	.1	.0006675148977571676	.0020203091340488784	.09999999999999998	.09999999999999998
0	.1	20807819315702758e-22	4888376690865028e-21	.09999999999999998	.09999999999999998
0	.1	.0006872318738817028	.021227635163928567	.09999999999999998	.09999999999999998
0	.1	7992735752439259e-20	.0010019022573786742	.09999999999999998	.09999999999999998
0	.1	14505048932711232e-21	3940364976336782e-20	.9	.9
0	.1	718199675237769e-19	.00033832853494950526	.9	.9
0	.1	.00139610085511793	.0012522781136449668	.09999999999999998	.09999999999999998
0	.1	43907120021467377e-26	.00010539814012061926	.09999999999999998	.09999999999999998
0	.1	1367922571919839e-20	8153203305395304e-20	.09999999999999998	.9
0	.1	27426113957494172e-21	.001186281968999998	.09999999999999998	.09999999999999998
0	.1	.0004269008651627666	.0036855971188089697	.09999999999999998	.9
0	.1	9390407964944862e-20	.004865835645605039	.9	.9
0	.1	.00015622757735541572	.0011206515247532062	.09999999999999998	.9
0	.1	.0016030293299362129	.010694943979505541	.9	.9
0	.1	.00012413343255236715	.0026636817923125795	.09999999999999998	.09999999999999998
0	.1	.0026878187381425304	.011263263740093269	.9	.9
0	.1	.002459228551138316	.00020004694173306339	.09999999999999998	.09999999999999998
0	.1	.00016107723502514694	.0016136010586229748	.9	.9
0	.1	.0013298221510206444	.0017308488434842444	.09999999999999998	.09999999999999998
0	.1	.0023503992994295163	.002468086335641624	.9	.9
0	.1	2678213020853592e-22	.0005847676121526038	.09999999999999998	.09999999999999998
0	.1	4252202457577232e-20	.0013680852715085177	.09999999999999998	.09999999999999998
0	.1	.0003869384049697377	.001122673631730175	.9	.9
0	.1	27960619161420553e-21	.0072464913386050345	.09999999999999998	.09999999999999998
0	.1	13949754255402e-18	7130441393255721e-20	.09999999999999998	.09999999999999998
0	.1	.00479042458105343	.001809207702964179	.9	.9
0	.1	.0017957577120159985	.002761393722503567	.9	.9
0	.1	9660745040681928e-20	.00012281613763911577	.09999999999999998	.09999999999999998
0	.11	.013723582496746094	.044691755932456376	.9	.9
0	.11	4883785732909922e-22	.001115834473876975	.09999999999999998	.09999999999999998
0	.11	.00019848278520173055	.0001745243086979315	.9	.9
0	.11	.0010397509292537155	.000856020420842822	.9	.09999999999999998
0	.11	24780692895933002e-21	8122602881355183e-21	.09999999999999998	.09999999999999998
0	.11	.0018262642680163888	.004518003419517172	.09999999999999998	.9
0	.11	.0037480606248833357	.00040216236554809187	.9	.9
0	.11	.000647694984892665	.0006425358782187834	.09999999999999998	.09999999999999998
0	.11	26102322398054226e-22	7804314218638076e-20	.09999999999999998	.09999999999999998
0	.11	67479855388497116e-22	9960223225711638e-20	.09999999999999998	.09999999999999998
0	.11	.0003652127432380651	.001121186496655946	.09999999999999998	.09999999999999998
0	.11	.000437489985385337	.00021657144183289168	.9	.9
0	.11	.0009598296240435303	.007695920896145277	.09999999999999998	.9
0	.11	4943178084211923e-22	.00010108036565278525	.09999999999999998	.09999999999999998
0	.11	.00031158362799149506	.0012473077300728206	.09999999999999998	.9
0	.11	1227234969622149e-20	.00044519197096112655	.09999999999999998	.09999999999999998
0	.11	.002151690085051676	.0017660050313721943	.09999999999999998	.9
0	.11	.01830401735688385	.022390177121441635	.9	.9
0	.11	.0001732524119793917	6938809117376815e-20	.09999999999999998	.09999999999999998
0	.11	.0004560832409411493	.001799355299660259	.9	.09999999999999998
0	.11	8365192999322608e-20	.00013326790503030722	.09999999999999998	.09999999999999998
0	.11	16651366282908833e-21	3161006839158266e-20	.09999999999999998	.09999999999999998
0	.11	.0005986126950197925	.002726164204884344	.9	.9
0	.11	5712704877704766e-20	.0022636265317651774	.09999999999999998	.09999999999999998
0	.11	256997579683046e-19	9864112723184829e-20	.09999999999999998	.09999999999999998
0	.11	43742013511182965e-21	336816121229861e-19	.09999999999999998	.09999999999999998
0	.11	.0010643799123730344	.0012037076260879556	.9	.9
0	.11	35437869934231395e-21	.028249140367873907	.9	.9
0	.11	.0005298154200421872	.000658228225711034	.9	.9
0	.11	36924391885591193e-23	8560942138584687e-20	.09999999999999998	.9
0	.11	17433859256293727e-29	.0004664460437046444	.09999999999999998	.9
0	.11	7269513307034349e-20	.0017225503663924416	.09999999999999998	.9
0	.11	.0005517167195944529	.00216423411883159	.9	.9
0	.11	.00031276545533598024	.0004880399631737363	.09999999999999998	.09999999999999998
0	.11	1154823610471251e-20	7877223471225923e-20	.09999999999999998	.09999999999999998
0	.11	620551368491325e-19	.0011558726791601008	.09999999999999998	.09999999999999998
0	.11	.00013270231997896133	.0019580439210539857	.09999999999999998	.9
0	.11	.0002980554922880379	.0006969749697392233	.09999999999999998	.09999999999999998
0	.11	.0002627850210893123	.0003027956029336089	.09999999999999998	.09999999999999998
0	.11	157804744045842e-21	15101651966639789e-22	.9	.9
0	.11	6919156970748852e-20	.0004918766639121625	.9	.9
0	.11	.0018416032597724976	.0028048707524611625	.09999999999999998	.09999999999999998
0	.12000000000000001	.0009271653875848036	.008445461742025909	.9	.9
0	.12000000000000001	.0008339927552618254	.0033475473573038542	.09999999999999998	.09999999999999998
0	.12000000000000001	.001209490974384978	.014748718853690218	.09999999999999998	.9
0	.12000000000000001	6182553515013818e-20	.0006939893254750638	.9	.9
0	.12000000000000001	3895738122562754e-20	.00024855911529894913	.09999999999999998	.09999999999999998
0	.12000000000000001	10355368079316114e-21	.00011678590430843041	.9	.9
0	.12000000000000001	.00023997500935139294	.0007782652997258936	.09999999999999998	.09999999999999998
0	.12000000000000001	18593699837044673e-22	.000142968003161044	.09999999999999998	.9
0	.12000000000000001	19017760027470624e-22	.0012438505824159023	.09999999999999998	.09999999999999998
0	.12000000000000001	8430782634614871e-20	.0014451903500081091	.9	.9
0	.12000000000000001	778635178006328e-21	.00021045933851744546	.09999999999999998	.09999999999999998
0	.12000000000000001	.00018549960633961737	.0012639002320091461	.09999999999999998	.9
0	.12000000000000001	.00012260507099246418	.0018560898576295282	.09999999999999998	.9
0	.12000000000000001	.0003529716996860459	.000880865263810691	.09999999999999998	.09999999999999998
0	.12000000000000001	.000762738282236187	.001053221747185024	.09999999999999998	.09999999999999998
0	.12000000000000001	7510014992336847e-21	.0002461237327651155	.9	.09999999999999998
0	.12000000000000001	22424124173822392e-21	3155710972852405e-20	.09999999999999998	.09999999999999998
0	.12000000000000001	.0001224463139336873	.004694287497344418	.09999999999999998	.09999999999999998
0	.12000000000000001	.00016194622552427875	9688032880129247e-20	.09999999999999998	.09999999999999998
0	.12000000000000001	.0007199563134330317	.0010831565557456052	.9	.9
0	.12000000000000001	2376655111547886e-20	.0008206223557768266	.9	.9
0	.12000000000000001	8436671100150588e-20	.0008321750380576008	.09999999999999998	.09999999999999998
0	.12000000000000001	.00028605320171473154	.0029470985115828243	.09999999999999998	.9
0	.12000000000000001	.000644703715295419	8980595429061825e-20	.9	.9
0	.12000000000000001	64593349869716465e-22	1600079160935924e-20	.09999999999999998	.09999999999999998
0	.12000000000000001	.0001504421644383698	8003820002354532e-21	.09999999999999998	.09999999999999998
0	.12000000000000001	.0013046236075464682	.0055828819240319755	.09999999999999998	.09999999999999998
0	.12000000000000001	15450653307127058e-21	.0003429865803658505	.09999999999999998	.09999999999999998
0	.12000000000000001	.0003109662324557406	.0010166710360729329	.9	.9
0	.12000000000000001	.0003216329702822053	.001155348855532591	.09999999999999998	.9
0	.12000000000000001	49686491677377325e-21	.0001627331772044914	.09999999999999998	.09999999999999998
0	.12000000000000001	.0005795808104498453	.0005864315004573984	.09999999999999998	.09999999999999998
0	.12000000000000001	35287407127570608e-22	1147313568169112e-20	.09999999999999998	.09999999999999998
0	.12000000000000001	50597843323588856e-21	.0007953393426221773	.09999999999999998	.09999999999999998
0	.12000000000000001	.00015582613135306742	.0002090230655477568	.09999999999999998	.09999999999999998
0	.12000000000000001	1808239608436629e-20	.0017787198371955633	.09999999999999998	.09999999999999998
0	.13	9585731878313608e-21	752843784754404e-19	.09999999999999998	.09999999999999998
0	.13	.0002561107968519259	.005617525787801392	.09999999999999998	.09999999999999998
0	.13	8760914873574889e-20	.00018922558978533017	.09999999999999998	.09999999999999998
0	.13	.002490071745337453	.012359144541961499	.09999999999999998	.9
0	.13	.0005261848976710792	.002630822060573165	.09999999999999998	.09999999999999998
0	.13	.0001703478203307954	.0017515983942668722	.9	.9
0	.13	.00038244347576219266	.0011266474198095588	.09999999999999998	.09999999999999998
0	.13	.0006285700940565802	.0006474088746660128	.9	.09999999999999998
0	.13	7471343113718387e-20	949242705377898e-20	.09999999999999998	.09999999999999998
0	.13	.0001495342715984963	.001078551486834779	.09999999999999998	.9
0	.13	14508867692760569e-21	8004536425674488e-20	.09999999999999998	.09999999999999998
0	.13	.00026269023772746125	.0018164685921194315	.09999999999999998	.09999999999999998
0	.13	7313814276537867e-21	6019789078968674e-22	.09999999999999998	.09999999999999998
0	.13	3275105107664885e-20	.0007722201227885026	.09999999999999998	.09999999999999998
0	.13	.03629751574467902	.026050790171675886	.9	.09999999999999998
0	.13	.002889845298662704	.004970009465948664	.09999999999999998	.09999999999999998
0	.13	.008191258263288446	.42360815218996695	.9	.9
0	.13	2128237979904634e-20	12149387274248497e-22	.9	.09999999999999998
0	.13	2559420452437958e-20	4019699066079194e-20	.09999999999999998	.09999999999999998
0	.13	.00010095033683236468	.00036258663103291497	.09999999999999998	.09999999999999998
0	.13	5546928282961819e-20	.0004585704473587389	.09999999999999998	.09999999999999998
0	.13	.0009117102747395953	.007450007807948493	.09999999999999998	.9
0	.13	.0001157214533467103	30142916440962817e-21	.09999999999999998	.09999999999999998
0	.13	.00014973813015289804	.0007280675697622791	.09999999999999998	.09999999999999998
0	.13	31323284634399405e-22	.00044214834854407637	.09999999999999998	.9
0	.13	6391955807003372e-20	.003441904962819937	.09999999999999998	.9
0	.14	182886934479465e-20	.0003118908326583362	.09999999999999998	.09999999999999998
0	.14	56654137200027215e-21	.00047593869877136897	.09999999999999998	.09999999999999998
0	.14	.0005127729009810581	.0029026096039687357	.9	.9
0	.14	.0006553934204173681	.0011483525710644475	.09999999999999998	.09999999999999998
0	.14	.0025987845013642256	.0040779754674829	.9	.9
0	.14	14894012676977532e-21	.00033734272500301235	.09999999999999998	.9
0	.14	.00224552562025844	.013782089417144944	.09999999999999998	.09999999999999998
0	.14	.0003663827827715202	.0007888526651760725	.09999999999999998	.9
0	.14	6047377223840181e-23	.000568422530072937	.09999999999999998	.09999999999999998
0	.14	.03197357259584804	.021811817322770106	.09999999999999998	.09999999999999998
0	.14	.0006976565530024124	.002501293669948292	.9	.9
0	.14	.00028946495623662793	.0029707938074553164	.09999999999999998	.09999999999999998
0	.14	28976920152012963e-21	.0009962549984698496	.09999999999999998	.9
0	.14	.00037167885808787844	.0019441426757727436	.09999999999999998	.9
0	.14	5889578381041234e-20	.00019613917442600436	.09999999999999998	.09999999999999998
0	.14	52719242688028e-18	.00029011600770085535	.09999999999999998	.09999999999999998
0	.14	1094420687540202e-21	.0002438289489108163	.09999999999999998	.09999999999999998
0	.14	7460674429892097e-20	.00012844965013407184	.09999999999999998	.09999999999999998
0	.14	5195510249591568e-21	14433291526811294e-21	.09999999999999998	.09999999999999998
0	.14	.00047623419623172853	.000376225181037263	.9	.9
0	.14	.00012516080710283812	.00037685216603282367	.9	.9
0	.14	.003117637771115218	.0056064304953298795	.9	.9
0	.14	20974602916702176e-21	.00044729614507873935	.09999999999999998	.09999999999999998
0	.14	36610263256012086e-21	.001530835306863462	.9	.9
0	.14	35948094238670546e-21	29408491452136453e-21	.9	.9
0	.14	.0001499326642659813	.0009947263175227384	.09999999999999998	.09999999999999998
0	.14	.00015084468176304038	.0004488854003186793	.09999999999999998	.09999999999999998
0	.14	.0007268683012186093	.0016522243311040425	.9	.9
0	.14	.001506919223592276	.004616620364263528	.09999999999999998	.09999999999999998
0	.14	.00035441657089761497	.0011759982014584072	.09999999999999998	.09999999999999998
0	.14	.00023616977223403496	.0015626375748911839	.09999999999999998	.09999999999999998
0	.14	.0014954972343389922	.009263369531674507	.9	.9
0	.14	318339229493697e-19	.0007652547714766744	.09999999999999998	.09999999999999998
0	.14	6228526388197368e-20	.0004831663849326041	.09999999999999998	.09999999999999998
0	.14	.0005120190817249652	.02410229398470005	.09999999999999998	.9
0	.14	7959653151588892e-20	.0024306642268570908	.09999999999999998	.09999999999999998
0	.14	.0005776008076845513	.0012266843435526432	.09999999999999998	.09999999999999998
0	.14	.000119121143641543	.00029031793480739914	.09999999999999998	.09999999999999998
0	.14	.0006880469712831552	.0025067084023167774	.9	.9
0	.14	3453295881093099e-20	61961811105186564e-22	.09999999999999998	.09999999999999998
0	.14	35589097042706974e-21	.0003664314525351387	.9	.09999999999999998
0	.15000000000000002	.0008811691743836876	.0035106706747059895	.09999999999999998	.9
0	.15000000000000002	.00020984549419922915	.00035960985001162526	.9	.9
0	.15000000000000002	.0034843061939820747	.019365389107163837	.09999999999999998	.09999999999999998
0	.15000000000000002	.00031702592447486306	.0009067078370450407	.09999999999999998	.09999999999999998
0	.15000000000000002	33011470216123775e-22	5978990833159581e-20	.09999999999999998	.09999999999999998
0	.15000000000000002	6080710046243089e-20	.0023037884725329865	.09999999999999998	.09999999999999998
0	.15000000000000002	.00032505121742367366	.0008676206737483767	.09999999999999998	.09999999999999998
0	.15000000000000002	.0007709081942409653	.0011640243223234633	.09999999999999998	.09999999999999998
0	.15000000000000002	.00021006526887869782	.0002588315132102286	.09999999999999998	.09999999999999998
0	.15000000000000002	.0002685134216904697	.010148166772262237	.9	.9
0	.15000000000000002	.008668215493202932	.007817348462843252	.09999999999999998	.09999999999999998
0	.15000000000000002	.0003014343652807757	.0022458225437804397	.09999999999999998	.09999999999999998
0	.15000000000000002	.00013731554162109205	.0008634322686934208	.09999999999999998	.09999999999999998
0	.15000000000000002	.0005423907018086498	.005369513810895084	.09999999999999998	.9
0	.15000000000000002	.000604131320218166	.005221059482243764	.09999999999999998	.09999999999999998
0	.15000000000000002	6848161297312572e-21	.00019149175754414058	.09999999999999998	.09999999999999998
0	.15000000000000002	9139263763265243e-20	.0005288653881653379	.09999999999999998	.9
0	.15000000000000002	.00024610185589832626	.000768653489390141	.09999999999999998	.09999999999999998
0	.15000000000000002	.0005450266084370274	.001091576730142445	.9	.9
0	.15000000000000002	.0004134982805889725	.0002621914660324684	.09999999999999998	.09999999999999998
0	.15000000000000002	.00017335563819002235	.0003362792122812019	.09999999999999998	.09999999999999998
0	.15000000000000002	.0005683305776497734	.0003019128365148775	.9	.9
0	.15000000000000002	.000508301303419612	.0005107103808501057	.09999999999999998	.09999999999999998
0	.15000000000000002	671134329198021e-19	.000447245730422176	.09999999999999998	.9
0	.15000000000000002	.00012351645577680863	1941802846727361e-21	.9	.9
0	.15000000000000002	.00015214992293861965	.002694213131301625	.09999999999999998	.09999999999999998
0	.15000000000000002	1993716482513552e-20	.0010441197084811217	.09999999999999998	.9
0	.15000000000000002	987272762942952e-19	.0006004417786671083	.09999999999999998	.9
0	.15000000000000002	.0007773410984859022	.0019213870509003808	.9	.9
0	.15000000000000002	.0020141618151446935	.01142998805869539	.09999999999999998	.09999999999999998
0	.15000000000000002	.014709693753564419	.0014711905351104289	.9	.9
0	.15000000000000002	8409145802514185e-20	.001983608270811901	.9	.9
0	.15000000000000002	.00046593770707111507	.004933091839258109	.9	.9
0	.15000000000000002	.00242714072384318	.021537438620884683	.9	.9
0	.15000000000000002	.0001592552416487009	.0014015418612164019	.09999999999999998	.9
0	.15000000000000002	.0005611118424495942	.0003623482748651124	.09999999999999998	.09999999999999998
0	.15000000000000002	40193536671352126e-21	1711815401327888e-20	.09999999999999998	.09999999999999998
0	.16	13639260088214528e-21	.0002500000853756285	.09999999999999998	.09999999999999998
0	.16	24565803487646564e-21	.00010894740421941007	.09999999999999998	.09999999999999998
0	.16	5394539025247444e-20	.0003379022270004479	.09999999999999998	.09999999999999998
0	.16	.0007562876384510094	.00039052512868883196	.09999999999999998	.09999999999999998
0	.16	.0015312075327844053	.0017733958090977015	.09999999999999998	.09999999999999998
0	.16	.0006132586170249762	.00170999908486957	.9	.9
0	.16	.00023483150747184334	.0010225721804095025	.9	.9
0	.16	13399582852841781e-21	.0010538470202474226	.09999999999999998	.9
0	.16	6934726413583863e-20	.0007856361453142558	.09999999999999998	.9
0	.16	.00010878324715928329	41755270304663375e-22	.09999999999999998	.09999999999999998
0	.16	.0008267419559647792	.0010436422780705672	.9	.9
0	.16	2804899990605256e-21	5015263574190296e-20	.09999999999999998	.09999999999999998
0	.16	1642678343229572e-20	5788445036298768e-23	.09999999999999998	.09999999999999998
0	.16	5693947952162573e-20	.00045407886179860146	.09999999999999998	.09999999999999998
0	.16	.0002829750618292041	.0014691497609987147	.09999999999999998	.09999999999999998
0	.16	.00012689490978071686	.0006200235129655095	.09999999999999998	.09999999999999998
0	.16	14549451935028434e-22	9103542214942502e-20	.09999999999999998	.09999999999999998
0	.16	3693141507419908e-21	.003585122826854295	.9	.9
0	.16	10819841063444697e-21	2271653877649276e-20	.09999999999999998	.09999999999999998
0	.16	54962040202771186e-21	4153735040968255e-20	.09999999999999998	.09999999999999998
0	.16	.0006585779011971885	.011342326961850856	.09999999999999998	.9
0	.16	.0013406090459158538	.009578241204784186	.9	.9
0	.16	.00012554776524890713	.0005139493739540756	.09999999999999998	.09999999999999998
0	.16	.00038983945802119205	.0022080117154733955	.9	.9
0	.16	.0001255088023039099	.00084972621375135	.09999999999999998	.09999999999999998
0	.16	6415140530349034e-20	.0020823956629084533	.09999999999999998	.09999999999999998
0	.16	.0004970017912999454	.0054651892114471095	.09999999999999998	.09999999999999998
0	.16	9786695171358477e-20	.0009604659757668938	.09999999999999998	.09999999999999998
0	.16	.0007175534166803908	.0004971874414343947	.09999999999999998	.09999999999999998
0	.16	.0003876562598979126	.0009469908479438744	.09999999999999998	.09999999999999998
0	.16	.001004536766101689	.07971358960710621	.9	.9
0	.16	877948203538941e-19	.000660147192217001	.09999999999999998	.09999999999999998
0	.16	.00010081712463942734	.0006073661894741203	.09999999999999998	.09999999999999998
0	.16	.0010469143575492744	.0016182760840403924	.09999999999999998	.09999999999999998
0	.16	7395489118784687e-20	.0002974590944226591	.09999999999999998	.09999999999999998
0	.16	14029060548881966e-21	.0005238152982535779	.09999999999999998	.9
0	.16	9685864060179499e-21	.0005278527585687986	.09999999999999998	.09999999999999998
0	.16	.000141145781005979	.00044142905871030633	.09999999999999998	.09999999999999998
0	.17	13230983823066237e-21	.0002118646082555691	.09999999999999998	.09999999999999998
0	.17	27980191871795887e-21	7250510079490608e-20	.09999999999999998	.09999999999999998
0	.17	.00015152090143385504	.0005638780727481215	.09999999999999998	.09999999999999998
0	.17	9046479404687058e-20	.0022683969863849184	.09999999999999998	.09999999999999998
0	.17	.00035176534164342815	.0016782234104116384	.09999999999999998	.09999999999999998
0	.17	2593653237676781e-20	8301559267572121e-20	.09999999999999998	.09999999999999998
0	.17	.0005976428575861536	.0006149420837393505	.09999999999999998	.09999999999999998
0	.17	7488468415189932e-21	.00028268568844802604	.09999999999999998	.09999999999999998
0	.17	7721562268400397e-20	.0012514268086069066	.09999999999999998	.9
0	.17	2325942427152619e-20	3188853791101907e-20	.09999999999999998	.09999999999999998
0	.17	.001137003036667757	.004464552153669427	.09999999999999998	.9
0	.17	.00023645649597051565	23605970963186408e-21	.09999999999999998	.09999999999999998
0	.17	.00030786603654705706	5963288202759574e-21	.09999999999999998	.09999999999999998
0	.17	6860869681917364e-21	.0008743699563657676	.09999999999999998	.09999999999999998
0	.17	.00019835569009828266	.0021386862157666076	.09999999999999998	.09999999999999998
0	.17	.0005056598486747132	.001032530986693416	.09999999999999998	.09999999999999998
0	.17	.0003721548764690503	.00011048820848512409	.9	.9
0	.17	.00016156225455780788	.00019386713529580087	.09999999999999998	.09999999999999998
0	.17	.001989242142744786	.005822200557616331	.09999999999999998	.09999999999999998
0	.17	.0002453669218306848	.001358010974378318	.09999999999999998	.09999999999999998
0	.17	.0003054654617275819	.0010449218487118056	.09999999999999998	.09999999999999998
0	.17	5143694312761953e-20	.00011308374859677441	.09999999999999998	.09999999999999998
0	.17	.0007840948494712705	.0020695975438068987	.09999999999999998	.09999999999999998
0	.17	11128307192601899e-23	8667146116717982e-21	.09999999999999998	.09999999999999998
0	.17	.005697522287812192	.001152044811278186	.09999999999999998	.09999999999999998
0	.17	5090312261948716e-20	.0001835198357717673	.09999999999999998	.09999999999999998
0	.17	36334557722109376e-21	.0017456913493630278	.09999999999999998	.9
0	.17	41314018934811406e-21	.0013341702876269726	.09999999999999998	.09999999999999998
0	.17	7390675554188495e-20	.0003762965967616985	.09999999999999998	.09999999999999998
0	.17	.00099172584489204	.0045021576143111286	.09999999999999998	.09999999999999998
0	.17	.000357710569711404	.00044700888961003585	.09999999999999998	.9
0	.17	.0011108384845676892	.010079126382001131	.09999999999999998	.9
0	.18	.0005125536132941045	.0034044709530603825	.09999999999999998	.09999999999999998
0	.18	14799408005557698e-21	.0001543372176327745	.09999999999999998	.09999999999999998
0	.18	10668861133411415e-21	.0003675999190056832	.09999999999999998	.9
0	.18	.00012270415192437955	.0026107441651600804	.09999999999999998	.09999999999999998
0	.18	.00012902561888023114	.00024915536308128594	.09999999999999998	.09999999999999998
0	.18	21040031626733152e-21	.00044334137642341754	.09999999999999998	.09999999999999998
0	.18	.00011290340382828773	.0014418725348266997	.09999999999999998	.09999999999999998
0	.18	.0007869625553364212	59677642476119945e-21	.09999999999999998	.09999999999999998
0	.18	18298511695079768e-21	2347622508390694e-20	.09999999999999998	.09999999999999998
0	.18	.0007994784852120303	.00240347730200994	.09999999999999998	.09999999999999998
0	.18	.00023391618804159263	.0002751657701460528	.09999999999999998	.09999999999999998
0	.18	.003975056274554763	.010952691873286005	.09999999999999998	.09999999999999998
0	.18	4333030584708176e-20	864339379455915e-19	.09999999999999998	.09999999999999998
0	.18	.0001013016656286777	.0002443904622852181	.09999999999999998	.09999999999999998
0	.18	.01095384261051545	.005486169800496937	.09999999999999998	.09999999999999998
0	.18	16243769828559952e-22	701598627238803e-19	.09999999999999998	.09999999999999998
0	.18	.0013263375034816586	.0022987000040520767	.9	.9
0	.18	5169931139179863e-22	.0012706525959317754	.09999999999999998	.09999999999999998
0	.18	27901300144211444e-22	13493018902975442e-23	.09999999999999998	.09999999999999998
0	.18	.0008746680710156923	.0009704710527087289	.09999999999999998	.09999999999999998
0	.18	.0004075680598332689	.00461212914155976	.09999999999999998	.9
0	.18	.00018472021132890872	.0020408259805135883	.09999999999999998	.09999999999999998
0	.18	9778464052939791e-20	.0014635094307413586	.09999999999999998	.09999999999999998
0	.18	.000799392638284179	.0013374118028021322	.09999999999999998	.09999999999999998
0	.18	.00030328417611988606	.001906562251006668	.9	.9
0	.18	.00041324208394371724	.0001760955409375424	.09999999999999998	.09999999999999998
0	.18	.0002681296580875354	.0029402232469596936	.09999999999999998	.9
0	.18	.00033274459663808843	.000962198766530611	.9	.9
0	.18	.0014708700852201233	8118410124589005e-20	.09999999999999998	.09999999999999998
0	.18	10229201463930241e-21	7430693461650789e-21	.09999999999999998	.09999999999999998
0	.18	.0006413821949606635	25558127639920306e-21	.09999999999999998	.09999999999999998
0	.18	.0008023124133042582	.0017239708898030442	.09999999999999998	.09999999999999998
0	.18	.0003520283818293085	.0004172653535662606	.09999999999999998	.09999999999999998
0	.18	.0005034789980042472	.0016892901992875122	.09999999999999998	.9
0	.18	.00012175905275215644	.0009202603068175853	.09999999999999998	.09999999999999998
0	.18	.00013986727886891844	.005048651585092195	.09999999999999998	.09999999999999998
0	.18	464618495524719e-19	.00060278185300486	.09999999999999998	.09999999999999998
0	.19	.0003029689533254732	.00048486065336607987	.09999999999999998	.09999999999999998
0	.19	.0002866424480141289	.00018414800134718484	.09999999999999998	.09999999999999998
0	.19	.0021731685801241202	.010842008036571898	.09999999999999998	.09999999999999998
0	.19	.0026910668435107593	.007840655706340778	.9	.9
0	.19	.00335768918536327	.003070052855165612	.09999999999999998	.09999999999999998
0	.19	.0001137285148818481	55836540079966364e-21	.09999999999999998	.09999999999999998
0	.19	.0004646882462506866	.0016908982985857019	.09999999999999998	.09999999999999998
0	.19	9653446187997837e-23	.0009975921591701931	.09999999999999998	.9
0	.19	.00010694364897226184	.0004766235281747818	.09999999999999998	.09999999999999998
0	.19	.0002105403756736693	.0008922147176862034	.09999999999999998	.09999999999999998
0	.19	.0002833134160806358	.0016059592093097786	.09999999999999998	.09999999999999998
0	.19	3247608397728228e-20	2664515700840681e-20	.09999999999999998	.09999999999999998
0	.19	.00013588627877762446	.0004689393232768928	.09999999999999998	.09999999999999998
0	.19	.0006038700446482153	.0023012397050398204	.09999999999999998	.09999999999999998
0	.19	58289819552327844e-22	4557421875478087e-20	.09999999999999998	.09999999999999998
0	.19	.0003259349883822292	.003595901590703584	.09999999999999998	.09999999999999998
0	.19	6276729021980803e-21	.00039531298517371977	.09999999999999998	.09999999999999998
0	.19	.0001507246585795187	.00021120862956482313	.09999999999999998	.09999999999999998
0	.19	4662399217393602e-20	.000594034506863636	.09999999999999998	.09999999999999998
0	.19	.0001100390143927742	7170177931585182e-20	.09999999999999998	.09999999999999998
0	.19	773530054497025e-21	7932657423872339e-20	.09999999999999998	.09999999999999998
0	.19	.000903609213110003	.003647413655799717	.09999999999999998	.09999999999999998
0	.19	4323409197090592e-20	19968322537760168e-21	.09999999999999998	.09999999999999998
0	.19	.0021725462244409034	.0036361339399432176	.09999999999999998	.09999999999999998
0	.19	.0002058021631060822	.0007701493450657451	.09999999999999998	.09999999999999998
0	.19	.0014662030441826288	.006089241060207444	.9	.9
0	.19	.0029532022898062634	.000615341596217773	.09999999999999998	.09999999999999998
0	.19	.0005447572942822056	.003867392526721046	.09999999999999998	.09999999999999998
0	.19	.00036870003305277614	715395653982414e-19	.09999999999999998	.09999999999999998
0	.19	.0001876636351623665	.0012891792755621145	.09999999999999998	.09999999999999998
0	.19	.0003395079094625936	.002273828554122303	.09999999999999998	.09999999999999998
0	.19	12469443563265285e-22	8119206963281728e-22	.09999999999999998	.09999999999999998
0	.19	3270764059843185e-20	.0002503005570377057	.09999999999999998	.09999999999999998
0	.19	.00011429242355943637	.0004927252640647649	.09999999999999998	.09999999999999998
0	.19	.00014604760695162867	.0005133707312716865	.09999999999999998	.09999999999999998
0	.19	.0005095794660673939	.00027947880072722486	.09999999999999998	.09999999999999998
0	.19	.00020268183020088842	.0006235266532869002	.09999999999999998	.09999999999999998
0	.19	.0012756733837749165	.004033015550655859	.09999999999999998	.09999999999999998
0	.19	.0009971669809944307	.0030651967713488434	.9	.9
0	.19	5989709509132961e-21	45295720299096375e-21	.09999999999999998	.09999999999999998
0	.19	.0008459482334414319	.0015906024920555155	.09999999999999998	.09999999999999998
0	.19	.00018751606156862556	.0011175680172392454	.09999999999999998	.09999999999999998
0	.19	.0001091426916744182	.0006190569387724013	.09999999999999998	.09999999999999998
0	.19	.0009701906038616079	.0007930979610582225	.09999999999999998	.09999999999999998
0	.19	.0028041609438622587	.0023470978542866187	.09999999999999998	.09999999999999998
0	.2	.0018411723425795635	.005227332332770351	.09999999999999998	.9
0	.2	.0012755975465764864	.005795029035686463	.09999999999999998	.09999999999999998
0	.2	.0012530497641903245	.0007401691644792382	.09999999999999998	.09999999999999998
0	.2	29952659722869945e-21	9896181219805475e-21	.09999999999999998	.09999999999999998
0	.2	.0004010746104018497	.0022878236177872047	.09999999999999998	.09999999999999998
0	.2	7966384751952945e-20	.00023974377877229464	.09999999999999998	.09999999999999998
0	.2	.00048404827789992383	.0002498079770324086	.09999999999999998	.09999999999999998
0	.2	.0025454530469217096	.0074034541884954305	.09999999999999998	.09999999999999998
0	.2	.0007301449053628817	.0014225627637516264	.09999999999999998	.09999999999999998
0	.2	.0003110037563003496	.0007207039021676866	.09999999999999998	.09999999999999998
0	.2	.00011949720236831831	8667317892020902e-21	.09999999999999998	.09999999999999998
0	.2	.00021362193638508383	.0009905188495313907	.09999999999999998	.9
0	.2	2243974351347587e-21	9369834585973984e-21	.09999999999999998	.09999999999999998
0	.2	.005222621638394231	.004332864415694782	.09999999999999998	.09999999999999998
0	.2	.000368162299123366	.004550851666303507	.9	.9
0	.2	.0006416018040100516	.0028471704869586474	.9	.9
0	.2	1714395873978669e-21	10305908689893845e-21	.09999999999999998	.09999999999999998
0	.2	3903074680473673e-20	5293220093507213e-20	.09999999999999998	.09999999999999998
0	.2	.001641264064670556	.006019703495396522	.09999999999999998	.09999999999999998
0	.2	6799829097786654e-21	2001532888914252e-20	.09999999999999998	.09999999999999998
0	.2	25179586687461007e-21	.0007035851802538694	.09999999999999998	.09999999999999998
0	.2	.0002598025737377715	.00016980728900143371	.09999999999999998	.09999999999999998
0	.2	.00010785082742334327	.014191146064845192	.09999999999999998	.9
0	.2	6359185623690148e-20	4485082555802282e-20	.09999999999999998	.09999999999999998
0	.2	.0005293999094495307	.0024025008271764885	.09999999999999998	.09999999999999998
0	.2	.00020398331158356966	.0013849040542594426	.09999999999999998	.09999999999999998
0	.2	.0003600426844939344	.00012534540566187306	.09999999999999998	.09999999999999998
0	.2	.00020478449409100177	.0004440150750261984	.9	.9
0	.2	.0007293865180381256	.005887697602658397	.09999999999999998	.09999999999999998
0	.2	.0006694206745145131	.003513233437782753	.09999999999999998	.09999999999999998
0	.2	6694217839953944e-20	.0016730015083441163	.9	.9
0	.2	.00014048768129940327	.00020325567280015666	.09999999999999998	.09999999999999998
0	.2	.00010242521050088376	.00013702075233839388	.09999999999999998	.09999999999999998
0	.2	30927762588616285e-22	.003888120999572791	.09999999999999998	.9
0	.21000000000000002	.002180219653260831	.010467190478473052	.09999999999999998	.09999999999999998
0	.21000000000000002	.0001031298193035866	.000892837929556987	.09999999999999998	.09999999999999998
0	.21000000000000002	9887260061146217e-20	.00034948453182240247	.09999999999999998	.09999999999999998
0	.21000000000000002	.0001566169007680615	.00015529929176289191	.09999999999999998	.09999999999999998
0	.21000000000000002	.00022452127620938456	.0019812279978885607	.09999999999999998	.9
0	.21000000000000002	5482981065390785e-21	13658351797858685e-21	.09999999999999998	.09999999999999998
0	.21000000000000002	54274149542945744e-21	3160350404757175e-20	.09999999999999998	.09999999999999998
0	.21000000000000002	34212651829403384e-21	84142190241684e-18	.09999999999999998	.09999999999999998
0	.21000000000000002	2635397480874561e-20	.0006367672984879927	.9	.9
0	.21000000000000002	.00017689440690679318	.00012482097718294468	.09999999999999998	.09999999999999998
0	.21000000000000002	.00012180133647569574	.0002958558076539133	.09999999999999998	.09999999999999998
0	.21000000000000002	.0007921935037887876	.0016642533404473085	.9	.9
0	.21000000000000002	.00010476580279343538	.00026726930049941067	.09999999999999998	.09999999999999998
0	.21000000000000002	.00025223872542185334	.0006494657373177506	.09999999999999998	.09999999999999998
0	.21000000000000002	46038251206610725e-21	14426873405064617e-22	.09999999999999998	.09999999999999998
0	.21000000000000002	.0001998372587441814	33382190049910633e-22	.09999999999999998	.09999999999999998
0	.21000000000000002	.0006704096635992646	.002995114367870612	.09999999999999998	.9
0	.21000000000000002	36247942729569986e-21	.0002083698220662408	.09999999999999998	.09999999999999998
0	.21000000000000002	1067577109981266e-21	.0030734992575673385	.09999999999999998	.09999999999999998
0	.21000000000000002	.0005345125987389311	.0006344747977708496	.09999999999999998	.09999999999999998
0	.21000000000000002	.00034680236767311657	.002009451506331727	.09999999999999998	.09999999999999998
0	.21000000000000002	.0006627395771278996	.000935401406404595	.09999999999999998	.09999999999999998
0	.21000000000000002	.0006040587944579971	.001912436831766613	.9	.9
0	.21000000000000002	.00013983787832246264	.0004778263102253493	.09999999999999998	.9
0	.21000000000000002	.00043600589148886114	2226820648800609e-20	.09999999999999998	.09999999999999998
0	.21000000000000002	9787189765944306e-20	.0001361169525561663	.09999999999999998	.09999999999999998
0	.21000000000000002	.00020024735938229586	.0008379221146461193	.09999999999999998	.09999999999999998
0	.21000000000000002	.001858047243441838	.006965197612289998	.09999999999999998	.09999999999999998
0	.21000000000000002	.0007103936802671453	.03669485429104186	.09999999999999998	.09999999999999998
0	.21000000000000002	.0009785230460311043	.0004505137943052968	.09999999999999998	.09999999999999998
0	.21000000000000002	3429188919920696e-20	1837463617577919e-21	.09999999999999998	.09999999999999998
0	.21000000000000002	.0005458838275184545	.0010309724093648556	.09999999999999998	.09999999999999998
0	.21000000000000002	.00010565934560155876	.00010891031393977786	.09999999999999998	.09999999999999998
0	.21000000000000002	.0009961682547506344	.009345757633688513	.09999999999999998	.09999999999999998
0	.21000000000000002	.00013631964327576014	.007145108170968419	.09999999999999998	.9
0	.21000000000000002	.00043451627126627835	.0036178943357391873	.09999999999999998	.09999999999999998
0	.21000000000000002	.014595576118572822	.015494341653589504	.09999999999999998	.09999999999999998
0	.21000000000000002	.0007569429630010236	.0034881982874036543	.09999999999999998	.09999999999999998
0	.21000000000000002	.0002086402644656759	.000964345936009485	.09999999999999998	.09999999999999998
0	.21000000000000002	.001015858789895496	.0015873052607711467	.09999999999999998	.09999999999999998
0	.21000000000000002	7676416468478846e-21	5024292830534747e-20	.09999999999999998	.09999999999999998
0	.21000000000000002	.0005286954464496079	.0003633173142334725	.09999999999999998	.09999999999999998
0	.22	.0012768489586428354	.0049485873295922024	.09999999999999998	.09999999999999998
0	.22	11065293993068834e-21	8294905337094285e-20	.09999999999999998	.09999999999999998
0	.22	3481376580483175e-20	.00025093367770952625	.09999999999999998	.09999999999999998
0	.22	11482454622269176e-22	.00020732442035485997	.09999999999999998	.09999999999999998
0	.22	1722098513618737e-22	7748648825102193e-22	.09999999999999998	.09999999999999998
0	.22	20445465067860152e-23	2525529130892076e-20	.09999999999999998	.09999999999999998
0	.22	.0002531692516801811	41873913825414025e-21	.09999999999999998	.09999999999999998
0	.22	2680456523672529e-21	.00011388338181484895	.09999999999999998	.09999999999999998
0	.22	.0008844997591396169	.0033483686577764475	.09999999999999998	.09999999999999998
0	.22	.0001165005303786443	.0005555147728898217	.09999999999999998	.09999999999999998
0	.22	8679733516831986e-20	.001092380585279797	.09999999999999998	.9
0	.22	.000863365132032815	.004047537381778344	.09999999999999998	.09999999999999998
0	.22	.00012319478225906525	.0018595052342704251	.09999999999999998	.09999999999999998
0	.22	9539959187030712e-21	2253409274063097e-20	.09999999999999998	.09999999999999998
0	.22	.00023273380760570754	.0008142697014946585	.09999999999999998	.09999999999999998
0	.22	.0003470131832757783	.001049536467056835	.09999999999999998	.09999999999999998
0	.22	.0008048541527061916	.0007826392565515021	.09999999999999998	.09999999999999998
0	.22	21416298440000815e-22	7978080936761915e-21	.09999999999999998	.09999999999999998
0	.22	.0005831688579792661	.0021988956791581284	.09999999999999998	.9
0	.22	.0001149024705792354	.0002760029354807613	.09999999999999998	.09999999999999998
0	.22	20152356507315642e-21	.00017956309978950602	.09999999999999998	.09999999999999998
0	.22	10806356329220719e-21	.001277588819864404	.09999999999999998	.09999999999999998
0	.22	.00024987605886416886	.0016851347777486322	.09999999999999998	.09999999999999998
0	.22	.0006346975902780333	.002221445949342254	.09999999999999998	.09999999999999998
0	.22	.007867286378852568	.08553709883208295	.9	.09999999999999998
0	.22	.0006380741632004233	.00470890030197209	.9	.9
0	.22	.01146650506987224	.005196971035958836	.09999999999999998	.09999999999999998
0	.22	.000948414410856806	.0013571696940286623	.09999999999999998	.09999999999999998
0	.22	1242466152935361e-20	15037745443732092e-22	.09999999999999998	.09999999999999998
0	.22	.0009314902826034386	.002923861580207913	.09999999999999998	.09999999999999998
0	.22	.00018955895678564273	.0010565073527858484	.09999999999999998	.09999999999999998
0	.22	.00020882324741774565	636130330513325e-21	.09999999999999998	.09999999999999998
0	.22	.0020366028305755512	.0032706137546359066	.09999999999999998	.09999999999999998
0	.22	.00016697098441547674	9446696413291481e-20	.09999999999999998	.09999999999999998
0	.22	7716286722419615e-20	.00026700591846905896	.09999999999999998	.09999999999999998
0	.22	4975280517024753e-21	.001443361626124521	.09999999999999998	.9
0	.22	.00010169150873315957	.0008681495090166906	.09999999999999998	.09999999999999998
0	.22	.00019099194419221844	.00019979216497716313	.09999999999999998	.09999999999999998
0	.22	.00014211742173187927	.0002506107371654458	.09999999999999998	.09999999999999998
0	.23	.0008972643692068264	.0036386108401525075	.09999999999999998	.09999999999999998
0	.23	1571933252239254e-20	33487192227320636e-21	.09999999999999998	.09999999999999998
0	.23	3284260126812082e-20	.0003639204229548871	.09999999999999998	.09999999999999998
0	.23	26621869371501646e-21	.00015303371232851143	.09999999999999998	.09999999999999998
0	.23	.0010936408692559978	.017397697607980135	.09999999999999998	.09999999999999998
0	.23	.00030298198193791023	.0004717953116251637	.09999999999999998	.09999999999999998
0	.23	.0002484561499775586	.00035396671433195426	.09999999999999998	.09999999999999998
0	.23	.0008451365040154473	.0015101207521971587	.09999999999999998	.09999999999999998
0	.23	.00013400592631568152	8692356974019032e-20	.09999999999999998	.09999999999999998
0	.23	7267508130704846e-20	21175541049564326e-21	.09999999999999998	.09999999999999998
0	.23	.0003626102932647884	.002142627469039705	.09999999999999998	.09999999999999998
0	.23	759799526210449e-20	12484913158210715e-23	.09999999999999998	.09999999999999998
0	.23	.0017435718595781116	.002809039898890399	.09999999999999998	.09999999999999998
0	.23	55028895604412086e-21	.00335116536271399	.09999999999999998	.09999999999999998
0	.23	3826628473761428e-20	.00018930205877127097	.09999999999999998	.09999999999999998
0	.23	.0004630556976935566	.0017783710959958206	.09999999999999998	.09999999999999998
0	.23	.00025847534806195023	.0003949505067461129	.09999999999999998	.09999999999999998
0	.23	5717922441011329e-21	26145678945601227e-22	.09999999999999998	.09999999999999998
0	.23	.0008136505750767452	.0024108803967162877	.09999999999999998	.09999999999999998
0	.23	9588390980421853e-20	.00036575713657103435	.09999999999999998	.09999999999999998
0	.23	.0002089212826143503	.002082817389770675	.09999999999999998	.09999999999999998
0	.23	6055908616963578e-20	.00022719120557978696	.09999999999999998	.09999999999999998
0	.23	.00033331266565485453	.0010805570092991123	.9	.9
0	.24000000000000002	18302469260485828e-21	.0004568304991722242	.09999999999999998	.09999999999999998
0	.24000000000000002	.0013798914072602531	.003863684244903378	.09999999999999998	.09999999999999998
0	.24000000000000002	.0002654029066555182	.0005221190666259219	.09999999999999998	.09999999999999998
0	.24000000000000002	.0001368741605530237	24997093966781106e-22	.09999999999999998	.09999999999999998
0	.24000000000000002	.0007331000557146198	.004985437672630319	.09999999999999998	.9
0	.24000000000000002	.0009785495438631897	.001220542987298636	.09999999999999998	.09999999999999998
0	.24000000000000002	.0009071346120261053	.0048506851661406685	.09999999999999998	.9
0	.24000000000000002	.0010212632712487968	.0034367921040925923	.9	.9
0	.24000000000000002	.0007381150080803403	.003458680686198498	.09999999999999998	.09999999999999998
0	.24000000000000002	.00010790508340346358	.0004880491284637207	.09999999999999998	.09999999999999998
0	.24000000000000002	.001649188697859503	.009375465980537163	.09999999999999998	.09999999999999998
0	.24000000000000002	.00015658061785398235	.0006956057356349344	.09999999999999998	.09999999999999998
0	.24000000000000002	.00027079868197068505	.000654360449575345	.09999999999999998	.09999999999999998
0	.24000000000000002	18296150416154303e-21	.0006665903482125238	.09999999999999998	.09999999999999998
0	.24000000000000002	19684628537296276e-21	.0015076973651858387	.09999999999999998	.09999999999999998
0	.24000000000000002	.0004286415603095885	.0021117787226352515	.9	.9
0	.24000000000000002	5870588210650363e-20	32730020191710445e-23	.09999999999999998	.09999999999999998
0	.24000000000000002	11947166220135545e-21	.0003218355544062151	.09999999999999998	.09999999999999998
0	.24000000000000002	.008166064201679316	.000321070153690985	.09999999999999998	.09999999999999998
0	.24000000000000002	.0016135498798290659	.0033290560029576176	.09999999999999998	.9
0	.24000000000000002	12211809770323994e-21	9494207686510484e-21	.09999999999999998	.09999999999999998
0	.24000000000000002	.00014116464460802578	.001356578632698567	.09999999999999998	.09999999999999998
0	.24000000000000002	.00047906574664548603	.006211616595728304	.09999999999999998	.09999999999999998
0	.24000000000000002	.0018505513851412704	.003718325822549831	.09999999999999998	.09999999999999998
0	.24000000000000002	5279720935925055e-21	.002393482031152193	.09999999999999998	.9
0	.24000000000000002	43492327859189e-18	.00038971467400931737	.09999999999999998	.09999999999999998
0	.24000000000000002	.005149369178123143	.0024453376080466245	.09999999999999998	.09999999999999998
0	.24000000000000002	.00022161494030991958	.0006466363160216734	.09999999999999998	.09999999999999998
0	.24000000000000002	.00013244910550970878	.0007500515572386272	.09999999999999998	.09999999999999998
0	.24000000000000002	.0007789258687794974	.0007692467867654989	.09999999999999998	.09999999999999998
0	.24000000000000002	.000590446130394441	.0001539838904931038	.09999999999999998	.09999999999999998
0	.24000000000000002	6361159331618711e-20	7908074911931409e-20	.09999999999999998	.09999999999999998
0	.24000000000000002	.0002468944710148095	11298108725397073e-21	.09999999999999998	.09999999999999998
0	.24000000000000002	.0003901214803380335	.0006753942501201951	.9	.9
0	.24000000000000002	.00011756501144392133	.0005240737325135963	.09999999999999998	.09999999999999998
0	.24000000000000002	.0001580541855417922	.0015400012249265139	.09999999999999998	.9
0	.24000000000000002	.00011767025395220553	.0007045800763334896	.09999999999999998	.09999999999999998
0	.24000000000000002	.0007156851988897188	.00011864638784879779	.09999999999999998	.09999999999999998
0	.24000000000000002	26411776327580923e-21	.00038572571586931	.09999999999999998	.09999999999999998
0	.24000000000000002	59721943209626356e-21	.00044540320700748427	.09999999999999998	.09999999999999998
0	.24000000000000002	.0003385237357708979	.0004093903837165695	.09999999999999998	.09999999999999998
0	.25	10772969117864533e-21	9364236995411077e-20	.09999999999999998	.09999999999999998
0	.25	.00016447717932562242	.0021171204734340087	.09999999999999998	.9
0	.25	22954469402682055e-22	.0002059121132256718	.09999999999999998	.09999999999999998
0	.25	8761065533669021e-20	2051244682959534e-21	.09999999999999998	.09999999999999998
0	.25	6788332756330417e-20	.0012749207492868057	.09999999999999998	.09999999999999998
0	.25	26011003951258285e-21	.0003378490787537167	.09999999999999998	.09999999999999998
0	.25	.00035845144064358274	.002389424795035027	.09999999999999998	.09999999999999998
0	.25	.0008616124153764135	.0008102588228713283	.09999999999999998	.09999999999999998
0	.25	.0001948900658073796	10181206317070719e-21	.09999999999999998	.09999999999999998
0	.25	6857010480099717e-20	34799036207858126e-21	.09999999999999998	.09999999999999998
0	.25	22615342705986632e-21	14101580534574379e-22	.09999999999999998	.09999999999999998
0	.25	.00035568835528867397	.0007121152269848458	.09999999999999998	.09999999999999998
0	.25	.0005182244369232279	.0013390987263698362	.09999999999999998	.09999999999999998
0	.25	.0014345688297814755	702720213058813e-19	.09999999999999998	.09999999999999998
0	.25	.0013062331454200863	.0016348693917382798	.09999999999999998	.09999999999999998
0	.25	.0003932392696826181	.0005888894386028529	.09999999999999998	.09999999999999998
0	.25	3049095724634918e-21	2430090167169779e-21	.09999999999999998	.09999999999999998
0	.25	.0005094309300867047	.00030078604644910416	.09999999999999998	.09999999999999998
0	.25	.0009851580456510087	.0019445388462624724	.09999999999999998	.09999999999999998
0	.25	.00019285856311214138	.00047493415110288914	.09999999999999998	.09999999999999998
0	.25	.00011844824005973641	.0006039758650404195	.09999999999999998	.09999999999999998
0	.25	.0026291330892946768	.002743737873008935	.09999999999999998	.09999999999999998
0	.25	.000620952799422186	.0021789439110301467	.9	.9
0	.25	.0002917060111403269	.0011221912813237092	.09999999999999998	.09999999999999998
0	.25	10920370116152955e-21	1490737430675621e-20	.09999999999999998	.09999999999999998
0	.25	.0001372923769424477	.0007007267906502085	.09999999999999998	.09999999999999998
0	.25	8389008314356011e-21	9932078102415411e-20	.09999999999999998	.09999999999999998
0	.25	8616408563663018e-20	.00026426014443662476	.09999999999999998	.09999999999999998
0	.25	37373765263560965e-21	369949265190887e-19	.09999999999999998	.09999999999999998
0	.25	23320124118103917e-22	.0003161177495575091	.09999999999999998	.09999999999999998
0	.25	.00043903477584134596	.0032871159836017406	.09999999999999998	.09999999999999998
0	.25	.0007779008279748157	.0075049058940119965	.09999999999999998	.9
0	.25	.0019379002578529014	.0039044102669477648	.09999999999999998	.09999999999999998
0	.25	.0001018312914749449	.0001911976639309007	.09999999999999998	.09999999999999998
0	.25	.0049927483083546335	.01859939765352016	.09999999999999998	.9
0	.25	13128706088965758e-21	977751430866508e-19	.09999999999999998	.09999999999999998
0	.25	35064280526588126e-21	.0008552762772615296	.09999999999999998	.09999999999999998
0	.25	.0009743409988041937	.0031125964035708703	.09999999999999998	.09999999999999998
0	.25	46451870122270845e-21	.0006053138939075261	.09999999999999998	.09999999999999998
0	.25	.00013258817609404378	.0011209818292324846	.09999999999999998	.09999999999999998
0	.25	.0002546259204166706	.0014483173320214088	.09999999999999998	.09999999999999998
0	.25	908655326200331e-20	6230495449688961e-20	.09999999999999998	.09999999999999998
0	.25	.0009253566833972189	.001362294645049698	.09999999999999998	.09999999999999998
0	.25	2745228021029293e-21	.000385978774331888	.09999999999999998	.09999999999999998
0	.25	54786478216764514e-21	.00011036382891748543	.09999999999999998	.09999999999999998
0	.25	.00014698886066217014	.0005210367401803264	.09999999999999998	.09999999999999998
0	.25	3506974028941677e-22	7103457406183148e-21	.09999999999999998	.09999999999999998
0	.26	10679463940229425e-21	.0010318616771626595	.09999999999999998	.09999999999999998
0	.26	.00040502683620097013	.0014960786893233765	.09999999999999998	.09999999999999998
0	.26	.0007832940699482747	.0024024392699731134	.09999999999999998	.09999999999999998
0	.26	.00014662764594331937	.0008510967680214416	.09999999999999998	.09999999999999998
0	.26	.0048414448381252214	.0014519259343940953	.09999999999999998	.09999999999999998
0	.26	.0004259402445940526	.0002708227117236205	.09999999999999998	.09999999999999998
0	.26	7455036597291903e-20	.0005466635148760245	.09999999999999998	.09999999999999998
0	.26	20803544091242574e-21	913487129817158e-19	.09999999999999998	.09999999999999998
0	.26	727771439121343e-22	7523535418842609e-20	.09999999999999998	.09999999999999998
0	.26	9588336491522281e-20	23848636965177566e-21	.09999999999999998	.09999999999999998
0	.26	.001271137495220309	.0018519206915500333	.09999999999999998	.09999999999999998
0	.26	9436738448468046e-21	.00443154557665835	.09999999999999998	.09999999999999998
0	.26	.0001285906371503152	.0001560940749125741	.09999999999999998	.09999999999999998
0	.26	885678792357666e-22	.00016337754115783025	.09999999999999998	.09999999999999998
0	.26	6466524438797394e-22	.0002886929443523208	.09999999999999998	.09999999999999998
0	.26	.00037033960339523755	.0030438103432834465	.09999999999999998	.09999999999999998
0	.26	6453574031587881e-20	6250348351993252e-20	.09999999999999998	.09999999999999998
0	.26	4304962465118021e-21	719205695314963e-19	.09999999999999998	.09999999999999998
0	.26	41708217791246525e-21	.0003384338956119416	.09999999999999998	.09999999999999998
0	.26	6898187182316564e-21	.0005472795228410307	.09999999999999998	.09999999999999998
0	.26	.00015259438624785475	.0004945620345294047	.09999999999999998	.09999999999999998
0	.26	4340734944707152e-21	.00020413671409102787	.09999999999999998	.09999999999999998
0	.26	23894898072814908e-21	.0016693709403575309	.09999999999999998	.09999999999999998
0	.26	.00025483076867389656	10026929694088216e-21	.09999999999999998	.09999999999999998
0	.26	33728811600672674e-21	.00016099285717732382	.09999999999999998	.09999999999999998
0	.26	.00010616495128663289	.00035675737843572544	.09999999999999998	.09999999999999998
0	.26	23947416217942144e-21	10067414929862677e-21	.09999999999999998	.09999999999999998
0	.26	.001452135903010964	.007539429405854899	.09999999999999998	.09999999999999998
0	.26	4049267593749695e-20	3918997773336429e-21	.09999999999999998	.09999999999999998
0	.26	.000628693403926598	.0009557789110988982	.09999999999999998	.09999999999999998
0	.26	.0001608951774289056	.0012812577658895712	.09999999999999998	.09999999999999998
0	.26	.07683201757101103	.09553817547802942	.09999999999999998	.09999999999999998
0	.26	16714859687305155e-21	8553018368065793e-20	.09999999999999998	.09999999999999998
0	.26	.001284068216913404	.0015882742479517032	.09999999999999998	.09999999999999998
0	.26	7559237726923661e-20	.0001659579502504971	.09999999999999998	.09999999999999998
0	.26	19647309990809142e-21	.0009363668103550731	.09999999999999998	.09999999999999998
0	.26	.00015902580913715512	.0003170539231208222	.09999999999999998	.09999999999999998
0	.26	4727340946868058e-24	.0009923528720626195	.09999999999999998	.09999999999999998
0	.26	.0002294221110926849	.0003618793986969252	.09999999999999998	.09999999999999998
0	.27	.001430976558411181	.009423577625082835	.09999999999999998	.09999999999999998
0	.27	16804002450023312e-21	.0006620712735029095	.09999999999999998	.09999999999999998
0	.27	.00038435559842947667	.0014714839955037274	.09999999999999998	.09999999999999998
0	.27	9973508622195408e-20	.00028820969113900035	.09999999999999998	.09999999999999998
0	.27	33118185634679236e-21	.0004109288732160004	.09999999999999998	.09999999999999998
0	.27	.0007951186316159337	.0033410981924059733	.09999999999999998	.09999999999999998
0	.27	.0002600968124911475	8931321563621174e-21	.09999999999999998	.09999999999999998
0	.27	.0001331744194665597	.0005166519066367775	.09999999999999998	.09999999999999998
0	.27	38640842795813976e-21	.0019787505898720115	.09999999999999998	.09999999999999998
0	.27	.00020282911895264262	26596220179227153e-21	.09999999999999998	.09999999999999998
0	.27	.0001438950274336193	.0011915723141933993	.09999999999999998	.09999999999999998
0	.27	.0007946405531947652	.0002852828327456444	.09999999999999998	.09999999999999998
0	.27	.00045197923639615176	.0015569275602439335	.09999999999999998	.09999999999999998
0	.27	.00012335397133328465	.0005908474139943568	.09999999999999998	.09999999999999998
0	.27	.0002084197082992239	248616279461337e-19	.09999999999999998	.09999999999999998
0	.27	.001511168237993157	.005306201842643168	.09999999999999998	.09999999999999998
0	.27	.004625235412655255	.0017274083306033675	.09999999999999998	.09999999999999998
0	.27	.00026403803890136105	.0012137379051781175	.09999999999999998	.09999999999999998
0	.27	.000584645741724491	.0013277019903322157	.9	.9
0	.27	.00025951384884789427	7598342822068136e-20	.09999999999999998	.09999999999999998
0	.27	8211949125369657e-21	.00010877215667756383	.09999999999999998	.09999999999999998
0	.27	.0007215524191395181	.0016348670493254174	.9	.9
0	.27	.00010587595903710225	.0007687374411862059	.09999999999999998	.09999999999999998
0	.27	.0009709689663353805	7734329603537575e-20	.09999999999999998	.09999999999999998
0	.27	.0005300518673147566	.0028545966187345615	.9	.9
0	.27	3430590842574205e-20	2254603974458098e-20	.09999999999999998	.09999999999999998
0	.27	.000129791177542493	.0008689072244883619	.09999999999999998	.09999999999999998
0	.27	.0007792955897206279	.0015802502247738008	.09999999999999998	.09999999999999998
0	.27	12574741108628108e-21	12668888418225765e-22	.09999999999999998	.09999999999999998
0	.27	1345046966376581e-20	.00023200955953752307	.09999999999999998	.09999999999999998
0	.27	6224685988944695e-20	14777566643224952e-21	.09999999999999998	.09999999999999998
0	.27	3684291330229309e-20	.00031553880939480576	.09999999999999998	.09999999999999998
0	.27	.00015800774478831324	.0012901172297851492	.09999999999999998	.09999999999999998
0	.27	16032966096644746e-21	1920562583628582e-20	.09999999999999998	.09999999999999998
0	.27	3171319254057953e-20	.00012010137665112822	.09999999999999998	.09999999999999998
0	.27	.0007842528836445268	.0035889188789639515	.9	.9
0	.28	48500474571997285e-22	.0006690342620970215	.09999999999999998	.09999999999999998
0	.28	.0005828382072400006	.002523851395091435	.9	.9
0	.28	.001706053540018452	.0011757114103366744	.09999999999999998	.09999999999999998
0	.28	.00014412890770236668	.00031576681262074027	.09999999999999998	.09999999999999998
0	.28	.0007074980234328789	.00200843916470853	.09999999999999998	.09999999999999998
0	.28	4885361894363133e-20	4895829911690086e-20	.09999999999999998	.09999999999999998
0	.28	602505502360332e-19	.0003545914240848782	.09999999999999998	.09999999999999998
0	.28	8977760874594316e-20	.0017181804028323742	.09999999999999998	.09999999999999998
0	.28	.0009713369118460424	14782088612491517e-21	.09999999999999998	.09999999999999998
0	.28	9972225805769289e-22	.00014166773690977403	.09999999999999998	.09999999999999998
0	.28	.005211201060083719	.0010169945470468351	.09999999999999998	.09999999999999998
0	.28	.0007989443998347318	.0013363897170614863	.09999999999999998	.09999999999999998
0	.28	28341493072901324e-21	.003920988423957968	.09999999999999998	.09999999999999998
0	.28	.0017995873419044083	.01810605629908502	.09999999999999998	.9
0	.28	14835806982174e-18	.0037185896027399925	.09999999999999998	.9
0	.28	.0007192904253220701	.002351699797329836	.09999999999999998	.09999999999999998
0	.28	8087133083983084e-21	.00020371170070560842	.09999999999999998	.09999999999999998
0	.28	8603710056952171e-22	28611462200341663e-22	.09999999999999998	.09999999999999998
0	.28	15753370427065827e-22	949769253993989e-19	.09999999999999998	.09999999999999998
0	.28	.0006467423225459412	.00036109953474205346	.09999999999999998	.09999999999999998
0	.28	.0011207103425231284	.0020050755810489033	.09999999999999998	.09999999999999998
0	.28	.0011071217712524718	11767208774215858e-22	.09999999999999998	.09999999999999998
0	.28	7348969854954121e-20	.0007725495039976706	.09999999999999998	.09999999999999998
0	.28	48516626261816075e-22	.006082025769405377	.09999999999999998	.09999999999999998
0	.28	2950054334486527e-20	.0002445891164101073	.09999999999999998	.09999999999999998
0	.28	11591114674961668e-21	.0080151413728883	.09999999999999998	.09999999999999998
0	.28	.0006492811466552197	.0018233133405577751	.09999999999999998	.09999999999999998
0	.28	.0005038112033861811	8863417702385589e-21	.09999999999999998	.09999999999999998
0	.28	3408566316061608e-22	.002402847131535648	.09999999999999998	.09999999999999998
0	.28	.0011395629042996304	.004920471480420642	.09999999999999998	.09999999999999998
0	.28	.00020251463073711452	.00022992999769270954	.09999999999999998	.09999999999999998
0	.28	.00011858506964402055	8800614440817648e-20	.09999999999999998	.09999999999999998
0	.28	4469375376800574e-20	.00039071456318220623	.09999999999999998	.09999999999999998
0	.28	.0006802009528586155	.0031914357658675394	.09999999999999998	.9
0	.28	.00013636426377141927	.002602260184458746	.09999999999999998	.09999999999999998
0	.28	.00041322330691126636	.0005157219753748453	.09999999999999998	.09999999999999998
0	.28	9831254778323758e-20	.0006116218489703739	.09999999999999998	.09999999999999998
0	.29000000000000004	.0007184984202104683	.0003961644216419504	.09999999999999998	.09999999999999998
0	.29000000000000004	.00012685415915675508	.00043132496706213346	.09999999999999998	.09999999999999998
0	.29000000000000004	.004962962949972091	.0004747446646509144	.09999999999999998	.09999999999999998
0	.29000000000000004	.0007016776040375969	.006046003267722309	.09999999999999998	.09999999999999998
0	.29000000000000004	.04235142449504478	.14025507359360576	.09999999999999998	.09999999999999998
0	.29000000000000004	.005158806503826861	.0007482838635642326	.09999999999999998	.09999999999999998
0	.29000000000000004	.0011232016914147806	.007431470029331472	.09999999999999998	.09999999999999998
0	.29000000000000004	.001038677199816693	.004894191967780845	.09999999999999998	.09999999999999998
0	.29000000000000004	.0003210741002125525	.00507986181822785	.09999999999999998	.9
0	.29000000000000004	.001422779087747514	.002038900582776128	.09999999999999998	.09999999999999998
0	.29000000000000004	9045786488790253e-20	.0012317655116248435	.09999999999999998	.09999999999999998
0	.29000000000000004	.0011683391915554128	.000867715992839123	.09999999999999998	.09999999999999998
0	.29000000000000004	1006403689680769e-21	.0010531593900957577	.09999999999999998	.09999999999999998
0	.29000000000000004	.00026269596081485185	2084328771190682e-20	.09999999999999998	.09999999999999998
0	.29000000000000004	.00190563215705818	.00028265363035633685	.09999999999999998	.09999999999999998
0	.29000000000000004	.0010431808493622473	.00011227142356756809	.09999999999999998	.09999999999999998
0	.29000000000000004	.03224980442051586	.00420602240606631	.09999999999999998	.09999999999999998
0	.29000000000000004	.0014320624175193609	.00434393361122976	.09999999999999998	.09999999999999998
0	.29000000000000004	.0005929908405128359	.00102408541228388	.9	.9
0	.29000000000000004	.0002403775978777742	22873153753780513e-21	.09999999999999998	.09999999999999998
0	.29000000000000004	.00010063706644745895	.0004953092769265895	.09999999999999998	.09999999999999998
0	.29000000000000004	5918203453153652e-20	.0006470772711354456	.09999999999999998	.09999999999999998
0	.29000000000000004	.00012762598141488767	.0006209360096294115	.09999999999999998	.09999999999999998
0	.29000000000000004	.0018808961040709647	.010519508502680906	.09999999999999998	.9
0	.29000000000000004	1294256008175477e-20	.00035670342223165165	.09999999999999998	.09999999999999998
0	.29000000000000004	.0008606129041473722	.0007580071471790462	.09999999999999998	.09999999999999998
0	.29000000000000004	.00023787847440528227	.0013549218408004894	.09999999999999998	.09999999999999998
0	.29000000000000004	3952284721376447e-20	7517988526011313e-20	.09999999999999998	.09999999999999998
0	.29000000000000004	.0002554627840905997	.0009112502749316454	.09999999999999998	.09999999999999998
0	.29000000000000004	.004064558211264515	46555909169075776e-21	.09999999999999998	.09999999999999998
0	.29000000000000004	53146890124678686e-21	.0005920600004739228	.09999999999999998	.09999999999999998
0	.29000000000000004	5779718316374171e-21	.0014817736187504715	.09999999999999998	.09999999999999998
0	.29000000000000004	4024543565924276e-20	7086730375621784e-20	.09999999999999998	.09999999999999998
0	.29000000000000004	.00012607751434206424	.0010553500091704008	.09999999999999998	.9
0	.29000000000000004	.0007039453118655009	7445422067203623e-20	.09999999999999998	.09999999999999998
0	.29000000000000004	.0003585176370845355	.005409658680739098	.09999999999999998	.09999999999999998
0	.29000000000000004	.001288316306921828	.0027647858101775705	.09999999999999998	.09999999999999998
0	.29000000000000004	.00012434394159065276	.0008489414290982448	.09999999999999998	.09999999999999998
0	.29000000000000004	.00038577968548524484	.0016472079671550435	.09999999999999998	.09999999999999998
0	.29000000000000004	.00023421477281023497	.0010053443027875236	.09999999999999998	.09999999999999998
0	.29000000000000004	.0007791153935942117	.008129178451782898	.09999999999999998	.09999999999999998
0	.29000000000000004	12871597047555195e-21	6557176021286577e-20	.09999999999999998	.09999999999999998
0	.29000000000000004	9780068329555538e-20	5199179365927043e-20	.09999999999999998	.09999999999999998
0	.29000000000000004	.0008222599950921245	.00215442487278691	.9	.9
0	.29000000000000004	.000995024453953691	.0013402520523014406	.09999999999999998	.09999999999999998
0	.29000000000000004	.00013745782520214398	19002570182325071e-22	.09999999999999998	.09999999999999998
0	.29000000000000004	.0005410664001734316	.00030695669891950256	.09999999999999998	.09999999999999998
0	.29000000000000004	.0011689655995349832	.0018914598544852999	.09999999999999998	.09999999999999998
0	.30000000000000004	25448660831692366e-22	.001947933676786622	.09999999999999998	.09999999999999998
0	.30000000000000004	27009969263106064e-21	.0002123038973247054	.09999999999999998	.09999999999999998
0	.30000000000000004	1537662033269099e-20	617960375240943e-20	.09999999999999998	.09999999999999998
0	.30000000000000004	.0005480747579137548	.00011525042115093883	.09999999999999998	.09999999999999998
0	.30000000000000004	.001464904032426322	902318976922418e-23	.09999999999999998	.09999999999999998
0	.30000000000000004	.00173530104276074	.0030958382401965532	.09999999999999998	.09999999999999998
0	.30000000000000004	.0001695878642704875	.0007840593591410134	.09999999999999998	.09999999999999998
0	.30000000000000004	8972620008426481e-21	8775533711923907e-21	.09999999999999998	.09999999999999998
0	.30000000000000004	.00020198890337368622	.0009486915390481574	.09999999999999998	.09999999999999998
0	.30000000000000004	9854402581438719e-20	.00014048511453891338	.09999999999999998	.09999999999999998
0	.30000000000000004	.00010168560896848385	4491842471507284e-20	.09999999999999998	.09999999999999998
0	.30000000000000004	.0005716435975782404	5376719523830084e-20	.09999999999999998	.09999999999999998
0	.30000000000000004	.0013614154010125337	.005557505539476035	.09999999999999998	.09999999999999998
0	.30000000000000004	.0005975540780509681	.001795636455159654	.09999999999999998	.09999999999999998
0	.30000000000000004	.00013992426013882713	.0004704709624424536	.09999999999999998	.09999999999999998
0	.30000000000000004	.001100675016477987	.0008551142819306064	.09999999999999998	.09999999999999998
0	.30000000000000004	4234095840687003e-24	.0006024221616242218	.09999999999999998	.09999999999999998
0	.30000000000000004	3237953769692935e-20	33797340527495736e-22	.09999999999999998	.09999999999999998
0	.30000000000000004	.002986147353658666	.00783737508574842	.09999999999999998	.09999999999999998
0	.30000000000000004	7102616859635984e-20	28140914558913496e-22	.09999999999999998	.09999999999999998
0	.30000000000000004	.00010974136174356009	.0005769498879892824	.09999999999999998	.09999999999999998
0	.30000000000000004	7876746022740598e-21	28155136825658836e-21	.09999999999999998	.09999999999999998
0	.30000000000000004	2331379572117754e-21	.0007763938899055855	.09999999999999998	.09999999999999998
0	.30000000000000004	13116156704901188e-21	3394700214731376e-23	.09999999999999998	.09999999999999998
0	.30000000000000004	32194642168367958e-22	.000251505737027529	.09999999999999998	.09999999999999998
0	.30000000000000004	.0004619191026760875	.003759518190415756	.09999999999999998	.09999999999999998
0	.30000000000000004	32560571232323426e-21	.003043405657611561	.09999999999999998	.09999999999999998
0	.30000000000000004	.02884737674866975	.007146199150971649	.09999999999999998	.09999999999999998
0	.30000000000000004	.0005216593990703152	.0018539546629305335	.09999999999999998	.09999999999999998
0	.30000000000000004	.0007198322083142452	.0002526814377978647	.09999999999999998	.09999999999999998
0	.30000000000000004	.00018097093201013966	.0003014713447203034	.09999999999999998	.09999999999999998
0	.30000000000000004	6671277805317535e-21	6575809031052386e-22	.09999999999999998	.09999999999999998
0	.30000000000000004	8698597570869946e-20	6215542088823945e-20	.09999999999999998	.09999999999999998
0	.30000000000000004	.0009850746980411735	.0009428813780168572	.09999999999999998	.09999999999999998
0	.30000000000000004	5405288880057612e-20	.00025282974125003443	.09999999999999998	.09999999999999998
0	.30000000000000004	.0002143616712283769	45755275585141145e-21	.09999999999999998	.09999999999999998
0	.30000000000000004	.00020771849998386385	.0007384679813501367	.09999999999999998	.09999999999999998
0	.30000000000000004	11692457938986714e-22	.00021758310455438786	.09999999999999998	.09999999999999998
0	.30000000000000004	7861828866117853e-21	.0025241555330680083	.09999999999999998	.9
0	.30000000000000004	192510198148656e-20	21031160883486224e-24	.09999999999999998	.09999999999999998
0	.30000000000000004	.006952085498691497	.0004731615435977824	.09999999999999998	.09999999999999998
0	.30000000000000004	.0002557740282187738	.0009092839479199762	.09999999999999998	.09999999999999998
0	.30000000000000004	.003706270235086795	.0011237375602242486	.09999999999999998	.09999999999999998
0	.30000000000000004	.000527499604025718	.0017644417675422264	.09999999999999998	.9
0	.30000000000000004	.0001567936110207011	3864817001206444e-20	.09999999999999998	.09999999999999998
0	.31	.0005201197530986035	.00047804847699439473	.09999999999999998	.09999999999999998
0	.31	.0019866619144506092	4664138476116548e-20	.09999999999999998	.09999999999999998
0	.31	.000529567507815466	.006628565769326688	.09999999999999998	.9
0	.31	.00013244883209402337	.0014291300389341875	.09999999999999998	.9
0	.31	3773846245304497e-20	.00025778807178928335	.09999999999999998	.09999999999999998
0	.31	.00015291515401916742	42151816756593256e-21	.09999999999999998	.09999999999999998
0	.31	2773190366672459e-20	.0007301337253742365	.09999999999999998	.09999999999999998
0	.31	.00014595338403600692	.0010189819462653753	.09999999999999998	.09999999999999998
0	.31	.00044622702574876623	.0007058137617930899	.09999999999999998	.09999999999999998
0	.31	.0004212150397707869	.0005991383822042393	.09999999999999998	.09999999999999998
0	.31	.00024085774225818897	.0020372757176485793	.09999999999999998	.09999999999999998
0	.31	.00018861000012265481	.0007325562340400155	.09999999999999998	.09999999999999998
0	.31	.000549610926221253	.001735553803168424	.9	.9
0	.31	19097474968210416e-23	.0007966534277416028	.09999999999999998	.09999999999999998
0	.31	.0001406271859564413	36556693898520986e-21	.09999999999999998	.09999999999999998
0	.31	32940945401484845e-22	.00029165145586662464	.09999999999999998	.09999999999999998
0	.31	.005578378209352697	.0015926864485063296	.09999999999999998	.09999999999999998
0	.31	.0020448126427659564	.00010141115366417208	.09999999999999998	.09999999999999998
0	.31	.00024774337628513085	.0011132064241207165	.09999999999999998	.09999999999999998
0	.31	.000385884055154796	.001215184509112964	.09999999999999998	.09999999999999998
0	.31	.00041919532441803446	.0031182281356931635	.09999999999999998	.09999999999999998
0	.31	.0005809101670738625	4269482000374112e-20	.09999999999999998	.09999999999999998
0	.31	23271116680692446e-21	.0020339679004588167	.09999999999999998	.09999999999999998
0	.31	.0002734785825749941	.0010772456688891473	.9	.9
0	.31	.0004005653276946062	.002361483000241037	.09999999999999998	.09999999999999998
0	.31	.00010792323690502815	10524342073802856e-22	.09999999999999998	.09999999999999998
0	.31	.0010236647459529332	.004569057408546733	.09999999999999998	.09999999999999998
0	.31	.0018651973539857735	.00010080977061652077	.09999999999999998	.09999999999999998
0	.31	.00039389677521548195	.00427820982668969	.09999999999999998	.9
0	.31	.0013986519328734472	.0019911199581905837	.09999999999999998	.09999999999999998
0	.31	.0002509036483534868	.0021866368411294626	.9	.9
0	.31	.004294499025987784	.0006636068146850226	.09999999999999998	.09999999999999998
0	.31	.0005159948878981948	.0004903440461744616	.09999999999999998	.09999999999999998
0	.32	.001835345734517177	.003711924067591262	.09999999999999998	.09999999999999998
0	.32	.0008406887902432213	.007076156126247395	.09999999999999998	.9
0	.32	.0013314327043166718	7396949166913604e-20	.09999999999999998	.09999999999999998
0	.32	.0001298267207553506	.00011100792572771934	.09999999999999998	.09999999999999998
0	.32	.0013016846685142858	.003306447000920403	.09999999999999998	.09999999999999998
0	.32	.00015736624810827645	.00028986541613052044	.09999999999999998	.09999999999999998
0	.32	8717761130236991e-20	.00033568623562783606	.09999999999999998	.09999999999999998
0	.32	.0001877783771937159	.0005785612773058671	.09999999999999998	.09999999999999998
0	.32	5669221353820885e-20	.0010238111565895338	.09999999999999998	.09999999999999998
0	.32	.008266127404160861	10452647118523149e-23	.09999999999999998	.09999999999999998
0	.32	.021100225047740825	.002662222294173152	.09999999999999998	.09999999999999998
0	.32	45013696727015576e-21	.001156026771067772	.09999999999999998	.09999999999999998
0	.32	.00028177027702873045	.0013211455438619946	.09999999999999998	.09999999999999998
0	.32	.0021692632217466703	.004617555143203398	.09999999999999998	.09999999999999998
0	.32	.0017261562136634372	.0028573739420269303	.09999999999999998	.09999999999999998
0	.32	.00019345858779895318	.00030440073606676724	.09999999999999998	.09999999999999998
0	.32	.0022218306290396265	.0002415570993529513	.09999999999999998	.09999999999999998
0	.32	8203130378161293e-20	.0006412176638527858	.09999999999999998	.09999999999999998
0	.32	.0002271229540546817	.00482335673281506	.09999999999999998	.09999999999999998
0	.32	.001805254460798632	.00018720090844312189	.09999999999999998	.09999999999999998
0	.32	.0010749613330735689	.0003104156322444917	.09999999999999998	.09999999999999998
0	.32	.0013563451965968802	.003402222473889984	.9	.9
0	.32	.004482147601962941	.002485154446795396	.09999999999999998	.09999999999999998
0	.32	.00033815317625226766	.003975074523292238	.09999999999999998	.09999999999999998
0	.32	.00013147147757609884	22974462015238496e-21	.09999999999999998	.09999999999999998
0	.32	.0006914268064787731	.00023475312004027905	.09999999999999998	.09999999999999998
0	.32	.00018726612943851593	.001237709952451396	.09999999999999998	.09999999999999998
0	.32	.0007449059638569101	.00024378854487676783	.09999999999999998	.09999999999999998
0	.32	4996842405072634e-20	.0026308966683774803	.09999999999999998	.9
0	.32	8305387231006294e-23	.0005503286026190304	.09999999999999998	.09999999999999998
0	.32	.0002235579612336276	.000610797599178487	.09999999999999998	.09999999999999998
0	.32	.0002467581352195319	.0007559897932761337	.09999999999999998	.09999999999999998
0	.32	.0014026210683023774	.0011145122343526601	.09999999999999998	.09999999999999998
0	.32	876123174916616e-22	.0007796390255756354	.09999999999999998	.09999999999999998
0	.32	.00020729352548152103	.002657839426046694	.09999999999999998	.09999999999999998
0	.32	.00045955167092255275	.00012711781339405222	.09999999999999998	.09999999999999998
0	.32	16679324857923874e-22	4009197647211988e-20	.09999999999999998	.09999999999999998
0	.32	.000279409300976282	.00040528801187431735	.09999999999999998	.09999999999999998
0	.32	5373383196715556e-20	.0002437366476828172	.09999999999999998	.09999999999999998
0	.32	.00243108735896618	.008221682970253705	.09999999999999998	.09999999999999998
0	.32	.000498444077582334	.002043413354244226	.09999999999999998	.09999999999999998
0	.33	.00018157752667562733	.0009266260710137171	.09999999999999998	.9
0	.33	.0013099683399083527	.003963572087967782	.09999999999999998	.09999999999999998
0	.33	.0010578183188694964	.0036342336923010313	.09999999999999998	.09999999999999998
0	.33	192318855018995e-19	.00013319456871247352	.09999999999999998	.09999999999999998
0	.33	.0024499488472342385	8716437402410683e-20	.09999999999999998	.09999999999999998
0	.33	.0021075090992358813	.004738633912852017	.09999999999999998	.09999999999999998
0	.33	.00016155864160599952	7246848675159251e-20	.09999999999999998	.09999999999999998
0	.33	.0006282856917511903	.0008779876106288873	.09999999999999998	.09999999999999998
0	.33	.00022902699011539634	.0003423016999927761	.09999999999999998	.09999999999999998
0	.33	.00010992583131347637	.008321663267235326	.09999999999999998	.09999999999999998
0	.33	2066126160869845e-20	.0001548031615984706	.09999999999999998	.09999999999999998
0	.33	8220989323834729e-21	.00042161627580216717	.09999999999999998	.09999999999999998
0	.33	.03804835917048434	.0002518216662410154	.09999999999999998	.09999999999999998
0	.33	7646490210290882e-20	6380369732685873e-20	.09999999999999998	.09999999999999998
0	.33	.00039542871933001767	.0006663150646745396	.09999999999999998	.09999999999999998
0	.33	.00012284428345904082	.0003002716747791724	.09999999999999998	.09999999999999998
0	.33	.0014565192636613624	.0006111944053588307	.09999999999999998	.09999999999999998
0	.33	.0038947078702795688	.0008511667659056548	.09999999999999998	.09999999999999998
0	.33	.000479351895738763	.002904887318102461	.09999999999999998	.09999999999999998
0	.33	.0038553958968634873	15034388415137797e-21	.09999999999999998	.09999999999999998
0	.33	.0009111162834009584	.0007394276043495117	.09999999999999998	.09999999999999998
0	.33	.005837879691591904	7272367446042797e-20	.09999999999999998	.09999999999999998
0	.33	.00010959860505184801	.0015347563728844908	.09999999999999998	.09999999999999998
0	.33	.0006086537862996617	.0005279550441148931	.09999999999999998	.09999999999999998
0	.33	.000188275073672518	4243953392988095e-20	.09999999999999998	.09999999999999998
0	.33	15553075504027847e-21	24730948323849134e-21	.09999999999999998	.09999999999999998
0	.33	8865713996848897e-21	6105446140844874e-23	.09999999999999998	.09999999999999998
0	.33	.009073474080972076	.0002650066149456242	.09999999999999998	.09999999999999998
0	.33	.0003229042137269261	22733482682019507e-21	.09999999999999998	.09999999999999998
0	.33	.0005928493510294113	.003606133953918727	.09999999999999998	.09999999999999998
0	.33	.002507151702913577	.0007427570334366567	.09999999999999998	.09999999999999998
0	.33	.0023388588325326536	.00024455921199210046	.09999999999999998	.09999999999999998
0	.33	.00022901523559730745	.0013844199811488456	.09999999999999998	.9
0	.33	.010066746581351513	.011341566255941836	.09999999999999998	.09999999999999998
0	.33	6683415684124011e-20	6043760814725581e-20	.09999999999999998	.09999999999999998
0	.33	.0007286555091982845	.0002636936687563491	.09999999999999998	.09999999999999998
0	.33	.0003662553157960125	.00038999750406107825	.09999999999999998	.09999999999999998
0	.33	374693017018382e-19	18630200139967956e-21	.09999999999999998	.09999999999999998
0	.33	25048341101636094e-21	2860075406769945e-23	.09999999999999998	.09999999999999998
0	.33	.0006623152178134821	.003500495537687743	.09999999999999998	.09999999999999998
0	.33	9301312316029956e-21	60520666058979546e-21	.09999999999999998	.09999999999999998
0	.33	.0007835458562719496	45025788038402914e-21	.09999999999999998	.09999999999999998
0	.33	9477907692486674e-20	.0005408960070591519	.09999999999999998	.9
0	.33	.007056138913067284	.0003030942527429922	.09999999999999998	.09999999999999998
0	.33999999999999997	.015209891122428376	.0041337928525413785	.09999999999999998	.09999999999999998
0	.33999999999999997	.000530843334862727	.0018123885508981525	.09999999999999998	.09999999999999998
0	.33999999999999997	.002922498596965534	.0027032111998229694	.09999999999999998	.09999999999999998
0	.33999999999999997	.006789189156406983	6410609878498819e-20	.09999999999999998	.09999999999999998
0	.33999999999999997	.00010271810882894285	.0062319421703933954	.09999999999999998	.09999999999999998
0	.33999999999999997	30964801240204356e-21	.00045166989493738	.09999999999999998	.09999999999999998
0	.33999999999999997	.0015494352690633376	.00037968714433427763	.09999999999999998	.09999999999999998
0	.33999999999999997	.0003183525428520552	30483779376773064e-22	.09999999999999998	.09999999999999998
0	.33999999999999997	.00039253916809038207	.001399663005042908	.9	.9
0	.33999999999999997	59256061155810914e-21	.0003014118376189133	.09999999999999998	.09999999999999998
0	.33999999999999997	.0002138722735165813	.00024979316473031234	.09999999999999998	.09999999999999998
0	.33999999999999997	965258066327162e-20	.0003993883957160811	.09999999999999998	.09999999999999998
0	.33999999999999997	.0024940201906308596	.0005974644069459927	.09999999999999998	.09999999999999998
0	.33999999999999997	38362099795152735e-22	.00011136829881668505	.09999999999999998	.09999999999999998
0	.33999999999999997	.0005016348608025102	.002986322872006532	.09999999999999998	.09999999999999998
0	.33999999999999997	.00022992417986311925	.00043050558521424287	.09999999999999998	.09999999999999998
0	.33999999999999997	.00011092688649903485	.000323749142780907	.09999999999999998	.09999999999999998
0	.33999999999999997	.0006300666584446174	.0016572711166217495	.9	.9
0	.33999999999999997	.00131452355842069	.0006582944292056375	.09999999999999998	.09999999999999998
0	.33999999999999997	.007669647332486786	.0013692624994339833	.09999999999999998	.09999999999999998
0	.33999999999999997	.0003891026720862907	.0011912104182832213	.09999999999999998	.09999999999999998
0	.33999999999999997	.0006781613353225747	.001621920707511923	.9	.9
0	.33999999999999997	.0021940426811169114	47734322751137633e-24	.09999999999999998	.09999999999999998
0	.33999999999999997	.00015596072029358554	6633410194622455e-20	.09999999999999998	.09999999999999998
0	.33999999999999997	.00022414929600812018	.003505472347960566	.09999999999999998	.09999999999999998
0	.33999999999999997	30809064411211e-19	.00013414045254290177	.09999999999999998	.09999999999999998
0	.33999999999999997	.0021420024647159606	.006320192412474396	.9	.9
0	.33999999999999997	.0037041749533795075	.0012725608245445254	.09999999999999998	.09999999999999998
0	.33999999999999997	.000895231580788357	.005919150067368017	.09999999999999998	.09999999999999998
0	.33999999999999997	.0013851537287077331	20887328442141585e-21	.09999999999999998	.09999999999999998
0	.33999999999999997	.00033863693862283594	.00029904633514091526	.09999999999999998	.09999999999999998
0	.33999999999999997	.004775880933992512	.0040461306156620806	.09999999999999998	.09999999999999998
0	.33999999999999997	.0005334678582276317	.0012626867767194757	.09999999999999998	.09999999999999998
0	.33999999999999997	.0036831551736423458	.0005683416142286858	.09999999999999998	.09999999999999998
0	.33999999999999997	.00018455343940663318	2213766988455168e-20	.09999999999999998	.09999999999999998
0	.33999999999999997	.0046856119653997845	.0005577679111223026	.09999999999999998	.09999999999999998
0	.35	.00016489851559356366	.00048696424466346174	.09999999999999998	.09999999999999998
0	.35	.00026912566832317474	.0010841747658006317	.09999999999999998	.09999999999999998
0	.35	.0035967052422303898	.0020372541790202887	.09999999999999998	.09999999999999998
0	.35	.00038212220122043104	.008268267799415028	.09999999999999998	.09999999999999998
0	.35	1543389318207404e-20	.0001544321522160318	.09999999999999998	.09999999999999998
0	.35	.004276327448319375	.0015335287451117444	.09999999999999998	.09999999999999998
0	.35	.013440330987461016	14557832062125781e-21	.09999999999999998	.09999999999999998
0	.35	.008058005213449399	.0003090175345720875	.09999999999999998	.09999999999999998
0	.35	9145040110758755e-20	.000728625412811533	.09999999999999998	.09999999999999998
0	.35	43451483255175054e-21	.0012448936155835585	.09999999999999998	.9
0	.35	.00031249800980057504	2677789219740032e-22	.09999999999999998	.09999999999999998
0	.35	.010124113691951582	.002855261032939844	.09999999999999998	.09999999999999998
0	.35	1900074786065527e-20	86773684276412e-19	.09999999999999998	.09999999999999998
0	.35	.006767648367564039	.0018675786114833392	.09999999999999998	.09999999999999998
0	.35	18457477614779262e-21	3229354525425811e-23	.09999999999999998	.09999999999999998
0	.35	.0008332815550840224	.0011549044966520843	.09999999999999998	.09999999999999998
0	.35	16862744081359475e-22	.00016879284466674485	.09999999999999998	.09999999999999998
0	.35	.00013825343330068832	.0016288258446782954	.09999999999999998	.9
0	.35	7976808828529859e-20	.00024811008817881474	.09999999999999998	.09999999999999998
0	.35	4019148288438041e-20	.0003763769847476833	.09999999999999998	.09999999999999998
0	.35	.0107179954873223	.00036831476348125154	.09999999999999998	.09999999999999998
0	.35	.0005083044352878308	.0078070971029771535	.09999999999999998	.09999999999999998
0	.35	.00016259769245631657	.0005804073244166355	.09999999999999998	.09999999999999998
0	.35	8485015937362151e-20	.0006513638960818981	.09999999999999998	.9
0	.35	52757070872297685e-21	.00017042173207689322	.09999999999999998	.09999999999999998
0	.35	.0002806351514985721	.000263190578319854	.09999999999999998	.09999999999999998
0	.35	.00108710970557971	.0018638882614200067	.09999999999999998	.09999999999999998
0	.35	.0007313843384152484	.00014118736017105073	.09999999999999998	.09999999999999998
0	.35	.0012859012176387418	.0001330243282016877	.09999999999999998	.09999999999999998
0	.35	.012112001275271036	.0049793118600491865	.09999999999999998	.09999999999999998
0	.35	.000554334507111024	.006260621420266496	.09999999999999998	.09999999999999998
0	.35	.00053876469278168	.0003982665562655887	.09999999999999998	.09999999999999998
0	.35	4608678173479047e-20	18395478504704914e-21	.09999999999999998	.09999999999999998
0	.35	.0005058417193923459	.0030972065772405283	.09999999999999998	.9
0	.35	.00015795434931132913	6002765902907758e-20	.09999999999999998	.09999999999999998
0	.35	323853952962412e-19	.0032921434939953954	.09999999999999998	.09999999999999998
0	.35	.001850709963846254	.0022822255743367857	.09999999999999998	.09999999999999998
0	.35	.0008042965014736268	.0006398853479851308	.09999999999999998	.09999999999999998
0	.35	.0037906757863496857	816915311349983e-20	.09999999999999998	.09999999999999998
0	.35	.00017448074219795275	.0004594099685051726	.09999999999999998	.09999999999999998
0	.35	10363284297252883e-21	7056687499394003e-20	.09999999999999998	.09999999999999998
0	.35	.0003632983358943192	.001728357221862793	.09999999999999998	.09999999999999998
