0	.1	.0015977819789747797	.0015304758820032134	.09999999999999998	.09999999999999998
0	.1	2217140387989335e-20	.0002304203202490307	.09999999999999998	.09999999999999998
0	.1	.0067179949938147715	.0045884247249258995	.09999999999999998	.09999999999999998
0	.1	4833177278693115e-22	.00014491245771545554	.9	.9
0	.1	.00030916491782109144	.0010309440251588147	.09999999999999998	.09999999999999998
0	.1	.00013073409517371534	.0008808083418855968	.09999999999999998	.9
0	.1	674686578760199e-19	16866011345288045e-21	.09999999999999998	.09999999999999998
0	.1	6308444929092867e-22	973820267514811e-19	.09999999999999998	.09999999999999998
0	.1	.006721862306993887	3538944691629003e-20	.9	.9
0	.1	7203713181106556e-20	.005841240507054793	.9	.9
0	.1	12540213597201487e-22	1537252320180238e-21	.09999999999999998	.09999999999999998
0	.1	.002332840248558779	.0024095266131714914	.09999999999999998	.9
0	.1	.003867557825914763	.01287523446736882	.9	.9
0	.1	.000610256492700736	.00032198835277217475	.9	.9
0	.1	.00020101629924824328	.006522517929756721	.09999999999999998	.9
0	.1	13228114513648285e-21	33090276591312217e-23	.09999999999999998	.09999999999999998
0	.1	.0009657079426405353	.003922372725208893	.9	.9
0	.1	.0006647802029775701	.00025995917859219717	.09999999999999998	.09999999999999998
0	.1	.0007549740445558993	.0007494693512499203	.9	.9
0	.1	.00020785431721981483	.0018948599892814656	.9	.9
0	.1	.00010879498406078004	.00021096049379911762	.09999999999999998	.09999999999999998
0	.1	.0020760864885364817	.003968645484603406	.9	.09999999999999998
0	.1	35537014149165453e-22	.0004634682256449878	.09999999999999998	.09999999999999998
0	.1	.002621139004954847	.0009807061165285353	.09999999999999998	.09999999999999998
0	.11	.0006480595284869774	.005249287997287827	.09999999999999998	.9
0	.11	.0015270182406279817	.0054013251355632145	.09999999999999998	.9
0	.11	9248266924455158e-20	.0035963791875973745	.09999999999999998	.9
0	.11	.0004241188937767453	.004204979509187968	.09999999999999998	.09999999999999998
0	.11	.0003527701985298941	.0030315337098236364	.9	.9
0	.11	19095803790317796e-21	.0005148017139192331	.09999999999999998	.09999999999999998
0	.11	.0002770199277918449	.0009727298745426943	.9	.9
0	.11	.0007540613365868018	.002752230025897798	.09999999999999998	.09999999999999998
0	.11	.0003086568535015446	.0009063580592880079	.09999999999999998	.09999999999999998
0	.11	.0005423432867006755	.006986593083212371	.9	.9
0	.11	38715369163595104e-21	6153788086935087e-20	.09999999999999998	.09999999999999998
0	.11	.0003210630015662899	.0034659569605472156	.09999999999999998	.09999999999999998
0	.11	.0014977764422267658	.008425117941704694	.9	.9
0	.11	.000774853190758458	.0052176042643049	.09999999999999998	.09999999999999998
0	.11	.00027465125091039754	.001083910512429737	.9	.9
0	.11	.0002822352724100431	.002897313021179488	.9	.9
0	.11	6054795205356267e-20	.00017655308494848306	.9	.9
0	.11	.0003801793612311255	.00041560540430483553	.09999999999999998	.09999999999999998
0	.11	.00027130890800665733	.00037576784078241076	.09999999999999998	.9
0	.11	21075930911546255e-23	.007040286734718257	.09999999999999998	.9
0	.11	.002062685289580681	.004065751229715775	.9	.9
0	.11	.00533757224343183	.007866556816987759	.9	.9
0	.11	.004578242423220278	.0033451477057483405	.9	.9
0	.11	.0013286091142380883	.0005264891174339403	.09999999999999998	.09999999999999998
0	.11	.0008995296881993111	44659002122017684e-21	.09999999999999998	.09999999999999998
0	.11	.005118770300808311	.00044885153173369636	.9	.9
0	.11	.0015783032057470384	.003375508135953119	.9	.9
0	.11	.0010482665529870214	.006323531534576294	.9	.9
0	.11	1253535483676345e-20	.0016756810574443703	.09999999999999998	.09999999999999998
0	.11	.00177236563814441	.005032296596280048	.9	.9
0	.11	.0007742501560269536	.002794147076656109	.09999999999999998	.9
0	.12000000000000001	53543026058350206e-21	.0005258179194351806	.09999999999999998	.09999999999999998
0	.12000000000000001	.0011974228718009219	.0022319560400528	.9	.9
0	.12000000000000001	.000105614322665264	.00019296999297787194	.09999999999999998	.09999999999999998
0	.12000000000000001	.00015832807815748147	.0009605060499905114	.9	.9
0	.12000000000000001	58660821070070404e-21	.0003199799281835316	.09999999999999998	.09999999999999998
0	.12000000000000001	.0007460592883204646	.005098984977909681	.9	.9
0	.12000000000000001	.00030984331019917637	.0008684935370696204	.9	.9
0	.12000000000000001	1624271217942152e-21	12863408109479145e-23	.09999999999999998	.09999999999999998
0	.12000000000000001	.017125979655286238	.017190544724823162	.09999999999999998	.9
0	.12000000000000001	3375408224745663e-20	.00022917109569781146	.09999999999999998	.09999999999999998
0	.12000000000000001	7224354955678539e-20	6791140258637502e-21	.09999999999999998	.09999999999999998
0	.12000000000000001	.00017546817308989324	.0003340753959011076	.09999999999999998	.9
0	.12000000000000001	.0002211102640547089	.0002473363984363329	.09999999999999998	.09999999999999998
0	.12000000000000001	.0067421323142971955	.005315618723473352	.09999999999999998	.9
0	.12000000000000001	.00022487521383084705	.0019064956525546271	.9	.9
0	.12000000000000001	7785105793975782e-21	.012299096592680152	.09999999999999998	.9
0	.12000000000000001	25643876986670196e-21	.0002278348813782199	.09999999999999998	.09999999999999998
0	.12000000000000001	.0012502742672802834	.005144880317206481	.9	.9
0	.12000000000000001	14897131871855878e-21	.0028261357343680443	.09999999999999998	.09999999999999998
0	.12000000000000001	.00031438913686729694	.012927561488306365	.09999999999999998	.9
0	.12000000000000001	.00032889398983463203	.00019446118894678286	.09999999999999998	.09999999999999998
0	.12000000000000001	609255966917256e-19	.005637428113144824	.9	.9
0	.12000000000000001	.0011454092322701337	.002593003857476393	.9	.9
0	.12000000000000001	14550796542412065e-21	.003056637155741755	.09999999999999998	.09999999999999998
0	.12000000000000001	.009409966994464778	.01072533897663148	.9	.9
0	.12000000000000001	6460307287096922e-20	7481263321866174e-20	.09999999999999998	.09999999999999998
0	.12000000000000001	.00022482589534093695	.0005092234165992952	.09999999999999998	.09999999999999998
0	.12000000000000001	.00045848161868944717	.0020236779378957443	.9	.09999999999999998
0	.12000000000000001	.023358266605897755	.05212872540609682	.9	.9
0	.12000000000000001	58057886938099384e-21	.0007400923426243337	.09999999999999998	.09999999999999998
0	.12000000000000001	.0003091446356034839	.002037972570032245	.9	.9
0	.12000000000000001	4272575790820533e-21	.00017793820440079416	.09999999999999998	.09999999999999998
0	.12000000000000001	.0011669763899926093	.026289118381115306	.09999999999999998	.09999999999999998
0	.12000000000000001	.0003331806467211533	.00037939194326820484	.9	.9
0	.12000000000000001	.0010412732309881755	.007978236433228897	.09999999999999998	.9
0	.12000000000000001	.0002427290666197606	18048547270589286e-22	.09999999999999998	.09999999999999998
0	.12000000000000001	27620207026392934e-22	29350884151609557e-21	.9	.9
0	.12000000000000001	16009728478098254e-22	7328023371901555e-20	.9	.9
0	.12000000000000001	1339048163527304e-20	.014091930510313414	.09999999999999998	.9
0	.12000000000000001	1839865860866198e-20	55407696605416315e-21	.09999999999999998	.09999999999999998
0	.13	.0006899451534728973	.002831396862568523	.09999999999999998	.09999999999999998
0	.13	.0002144764960033994	.0009279371402078993	.09999999999999998	.09999999999999998
0	.13	.0005017001981731459	.0013199074335376153	.9	.09999999999999998
0	.13	6461297197347361e-20	.0009668505021622995	.09999999999999998	.09999999999999998
0	.13	4016953689243011e-20	.0008906342556853057	.09999999999999998	.09999999999999998
0	.13	.0008711453058639128	.0014802928283746068	.09999999999999998	.9
0	.13	.00011457382652332183	.0004903188535081779	.09999999999999998	.09999999999999998
0	.13	.000496954713620846	.006963383122354043	.09999999999999998	.9
0	.13	.0005376970750840045	11620579127805517e-22	.09999999999999998	.09999999999999998
0	.13	9168851139999007e-21	6288592264061012e-22	.09999999999999998	.09999999999999998
0	.13	3756424194085759e-20	.0002784228628601992	.9	.09999999999999998
0	.13	8385559840145032e-20	.0035204648346983712	.09999999999999998	.9
0	.13	8208088570375909e-20	.0011435742592749583	.09999999999999998	.09999999999999998
0	.13	5202595263389504e-20	1932384406952338e-20	.09999999999999998	.09999999999999998
0	.13	15067552833755598e-22	18962928444123848e-22	.9	.9
0	.13	.0003054205973901327	.00036846312009866666	.09999999999999998	.09999999999999998
0	.13	.00022114236084420512	.00248517228782158	.09999999999999998	.09999999999999998
0	.13	.0001101954935498169	.0016090564650859895	.09999999999999998	.9
0	.13	.00013636456863092103	.0003328751329085624	.09999999999999998	.09999999999999998
0	.13	.00017746325171862928	.0013239596887983118	.9	.9
0	.13	.00458240040126939	.009508777049166403	.09999999999999998	.9
0	.13	3261419725895598e-22	.003146363728776845	.09999999999999998	.09999999999999998
0	.13	.000869025395250157	.009530231176562742	.9	.9
0	.13	6253478149421657e-20	7789577711215906e-20	.09999999999999998	.09999999999999998
0	.13	6018091999340233e-21	22775312895164854e-21	.09999999999999998	.09999999999999998
0	.13	8299744268711219e-20	.0008130951608825426	.09999999999999998	.09999999999999998
0	.13	.00015283474206332075	.00033891890330963224	.09999999999999998	.09999999999999998
0	.13	.00043501207284050395	5989276787161313e-20	.09999999999999998	.09999999999999998
0	.13	6607420473526098e-20	5473987527153033e-20	.09999999999999998	.09999999999999998
0	.13	.00020853462267669004	.00010970408663376734	.09999999999999998	.09999999999999998
0	.13	25524346057746794e-21	.0004521041523367543	.09999999999999998	.09999999999999998
0	.13	6500025252094768e-20	.00044689903692268583	.09999999999999998	.09999999999999998
0	.13	27155363341430824e-23	.0039151454512020584	.09999999999999998	.9
0	.13	.004393333406858357	.0033331061263598013	.09999999999999998	.09999999999999998
0	.13	.000226564675213116	.0002668797143492685	.09999999999999998	.09999999999999998
0	.13	.00015501239990014989	.0018843640899377618	.9	.9
0	.13	8674086301481668e-22	7244866495607597e-21	.09999999999999998	.09999999999999998
0	.13	39841261300511156e-24	9481510911067657e-20	.09999999999999998	.09999999999999998
0	.13	.00013573645157186374	4874264003259499e-20	.09999999999999998	.09999999999999998
0	.14	.0003143276784156239	205808996073779e-19	.09999999999999998	.09999999999999998
0	.14	3910686245761903e-20	.0007260738505174575	.9	.09999999999999998
0	.14	.0005866568252820963	.003228936180954467	.09999999999999998	.09999999999999998
0	.14	5144854887675552e-20	3291226117839662e-20	.09999999999999998	.09999999999999998
0	.14	.0003984145746782324	.00017070429297872362	.09999999999999998	.9
0	.14	.00010719002457358296	.0004243867145575587	.09999999999999998	.09999999999999998
0	.14	51613341648213465e-21	2249870951499745e-20	.09999999999999998	.09999999999999998
0	.14	22124147163683844e-23	6453425530080436e-20	.09999999999999998	.09999999999999998
0	.14	.0007912922850398456	.0025430633168429437	.09999999999999998	.09999999999999998
0	.14	.0004240684074458781	.0008150835381605433	.09999999999999998	.09999999999999998
0	.14	.0003336092655052892	.0004854279864443941	.09999999999999998	.09999999999999998
0	.14	17134101158217828e-21	15147386147283892e-22	.09999999999999998	.09999999999999998
0	.14	.0003128645597520432	5526986454001322e-23	.09999999999999998	.09999999999999998
0	.14	.0002517275365524159	.0002371283404471851	.09999999999999998	.09999999999999998
0	.14	.00025138858546685833	.0003113696544266872	.09999999999999998	.09999999999999998
0	.14	.0005980218240783487	.0018133189414980422	.09999999999999998	.09999999999999998
0	.14	.00019793789865986817	.0018643654901810572	.09999999999999998	.09999999999999998
0	.14	.0008185618922361748	.004483575212339918	.9	.9
0	.14	.0017109499931024068	.00024234199334784344	.09999999999999998	.09999999999999998
0	.14	.08780176422949441	.056282510845230956	.9	.9
0	.14	.0026638051023681435	.005273105382852596	.09999999999999998	.09999999999999998
0	.14	.00023601247562207283	.0005739637329775422	.9	.9
0	.14	11648653735766865e-23	2841536882347139e-20	.09999999999999998	.09999999999999998
0	.14	60671176333469835e-21	.0012759203116346541	.09999999999999998	.09999999999999998
0	.14	.002585153674898339	.01155680192671085	.09999999999999998	.9
0	.14	.00037495438674989506	.00034332585465485856	.09999999999999998	.09999999999999998
0	.14	5443455942235354e-20	.0007216902037627557	.9	.9
0	.14	.0005820726929536949	.006799615229560138	.09999999999999998	.9
0	.14	2714673646533387e-21	2871854108929381e-21	.09999999999999998	.09999999999999998
0	.14	9797264063449537e-20	.002550465754191343	.09999999999999998	.09999999999999998
0	.14	2809389408730642e-21	.00013697134824830988	.09999999999999998	.09999999999999998
0	.14	.0005763659328591887	.0025224897590201724	.09999999999999998	.09999999999999998
0	.14	.00019306645609686686	.0007264682351972874	.09999999999999998	.09999999999999998
0	.14	4667284655623257e-20	.00018643245407519096	.09999999999999998	.09999999999999998
0	.14	.0011465783044176585	.0037946133114034664	.9	.9
0	.14	.00035664164439570367	25248510444259028e-21	.09999999999999998	.09999999999999998
0	.14	12310424576894337e-21	.0007004621945251301	.09999999999999998	.09999999999999998
0	.14	633775260810456e-21	4009362504776812e-24	.09999999999999998	.09999999999999998
0	.14	976845222262497e-20	.0012344793112441179	.9	.9
0	.14	13435153012672937e-21	5579603554915549e-20	.09999999999999998	.09999999999999998
0	.14	.0003680658318793476	.0004890643655423888	.09999999999999998	.09999999999999998
0	.14	.0002250794256979908	.0017207320983013818	.09999999999999998	.09999999999999998
0	.14	.0002952834282829152	.0007624215857780031	.09999999999999998	.09999999999999998
0	.14	7583832887889662e-20	.00016198123401098253	.09999999999999998	.09999999999999998
0	.14	.00014026467970751973	.0012344069179727947	.09999999999999998	.09999999999999998
0	.14	.00018858901066846087	.0005350226989406177	.09999999999999998	.09999999999999998
0	.14	.0004091119283341861	.00014428532814654042	.09999999999999998	.09999999999999998
0	.15000000000000002	17252074778453763e-22	.00010420157288913981	.09999999999999998	.09999999999999998
0	.15000000000000002	.00011948101913894456	.00011640935573253507	.09999999999999998	.9
0	.15000000000000002	.000983245474210139	.0008952537919169476	.09999999999999998	.09999999999999998
0	.15000000000000002	6435255959673333e-20	.0031202189605819804	.09999999999999998	.09999999999999998
0	.15000000000000002	.00244466486874389	.0012696522919004368	.09999999999999998	.09999999999999998
0	.15000000000000002	.00012311912649470762	12495801506371413e-21	.09999999999999998	.09999999999999998
0	.15000000000000002	.0004769761936863866	.0013049503586832773	.09999999999999998	.9
0	.15000000000000002	.00021256728372241165	.001009080763819812	.09999999999999998	.09999999999999998
0	.15000000000000002	17840552115154202e-21	18544510475922537e-21	.09999999999999998	.09999999999999998
0	.15000000000000002	24277593815788442e-25	.00010549428321771677	.09999999999999998	.09999999999999998
0	.15000000000000002	.0005448919126919547	.00010397625464884506	.09999999999999998	.09999999999999998
0	.15000000000000002	.00017618401475242307	.00016218496368591316	.09999999999999998	.09999999999999998
0	.15000000000000002	.00034275748557219867	.0017029226980059167	.09999999999999998	.09999999999999998
0	.15000000000000002	.0007490349994072018	.002455676813841422	.09999999999999998	.09999999999999998
0	.15000000000000002	.0002959430945450487	.0010702600395151205	.09999999999999998	.09999999999999998
0	.15000000000000002	7235379668922482e-20	6877828548499262e-20	.09999999999999998	.09999999999999998
0	.15000000000000002	41185323824304664e-21	.00046698979563196294	.09999999999999998	.09999999999999998
0	.15000000000000002	4393623220434061e-21	5654417790322937e-20	.09999999999999998	.09999999999999998
0	.15000000000000002	.001594600566898096	.011638932923079005	.09999999999999998	.9
0	.15000000000000002	.0002609509507892086	.00034149504408321666	.09999999999999998	.09999999999999998
0	.15000000000000002	.0005316692078558321	.001790983567737686	.09999999999999998	.09999999999999998
0	.15000000000000002	988646156830117e-20	23218293286544965e-22	.09999999999999998	.09999999999999998
0	.15000000000000002	.0010921963767607059	.006342999112884243	.09999999999999998	.9
0	.15000000000000002	.00042308875017428967	.00034073767244694543	.09999999999999998	.09999999999999998
0	.15000000000000002	.0016247548118650836	.0011654906706744668	.09999999999999998	.9
0	.15000000000000002	.002042758622106527	.0071046534886717	.9	.9
0	.15000000000000002	.000255524592687139	.0009338211809595378	.09999999999999998	.09999999999999998
0	.15000000000000002	.0007844566080925064	.0022222639300397058	.09999999999999998	.09999999999999998
0	.15000000000000002	6608284951307441e-20	9011340825611977e-20	.09999999999999998	.09999999999999998
0	.15000000000000002	.0008312046023999546	.0005534947892683095	.09999999999999998	.09999999999999998
0	.15000000000000002	.003917347177698979	.003541173269373593	.9	.9
0	.15000000000000002	.0001373669854475699	.0008118368572029944	.09999999999999998	.9
0	.15000000000000002	.0006765847010781464	.00415116566957872	.9	.9
0	.16	.0007562212768802243	.0014184365808000267	.09999999999999998	.09999999999999998
0	.16	2166630171967632e-20	12845791731089243e-22	.09999999999999998	.09999999999999998
0	.16	9746484447756855e-20	7359574220269136e-20	.09999999999999998	.09999999999999998
0	.16	.00010316327111811257	.001548326292398725	.09999999999999998	.09999999999999998
0	.16	.00011820062914367184	.0009461035008177737	.09999999999999998	.9
0	.16	.00011892931006748682	.00011531518244788294	.09999999999999998	.09999999999999998
0	.16	6707653499534647e-22	.0003903294832250365	.09999999999999998	.09999999999999998
0	.16	.0004400211306706514	.002429126758328807	.09999999999999998	.9
0	.16	2607409536567799e-22	.00014107004054602943	.09999999999999998	.09999999999999998
0	.16	.00030947654358841537	.0009845385829595967	.09999999999999998	.09999999999999998
0	.16	23659038981231696e-21	.003453406381112931	.09999999999999998	.09999999999999998
0	.16	.0017977882327811958	.00399445032291053	.09999999999999998	.09999999999999998
0	.16	.004454111406859281	.00564894000873291	.09999999999999998	.09999999999999998
0	.16	6679937363198273e-21	8186868453308573e-21	.09999999999999998	.09999999999999998
0	.16	.0013670084058144492	.001346923249893021	.09999999999999998	.9
0	.16	3517597939804902e-23	8598155491378624e-21	.09999999999999998	.09999999999999998
0	.16	.0003677134924874888	.002432904008737096	.09999999999999998	.09999999999999998
0	.16	51811918277445866e-21	.0011178036250273696	.09999999999999998	.09999999999999998
0	.16	435847961600996e-19	.0005003729711391661	.09999999999999998	.09999999999999998
0	.16	.00038135729105308536	.0005469306730496519	.09999999999999998	.09999999999999998
0	.16	6782121877928948e-20	24932946134446315e-24	.9	.09999999999999998
0	.16	.001234239950118328	.001482469594532059	.09999999999999998	.09999999999999998
0	.16	5699858731934309e-20	.001042362174291794	.09999999999999998	.09999999999999998
0	.16	5112860048614857e-20	.006835102182443085	.09999999999999998	.9
0	.16	.0010945026880700068	.0008938995528052472	.09999999999999998	.09999999999999998
0	.16	.004644695157367063	.0026518868535335073	.09999999999999998	.09999999999999998
0	.16	4750955413866171e-21	.0001126783886395807	.09999999999999998	.09999999999999998
0	.16	.0015968405810421386	.002408664235264926	.9	.9
0	.16	.00012210821156049268	.002681675903037426	.09999999999999998	.9
0	.16	.001541814452461386	.0010273927554770071	.9	.9
0	.16	.0011417599989502676	.0018783858556258013	.09999999999999998	.09999999999999998
0	.16	28951530328420055e-21	20437192666812586e-21	.09999999999999998	.09999999999999998
0	.16	182812341681295e-19	.000575950275752579	.9	.9
0	.16	.00017817930931072446	29301069228421024e-22	.09999999999999998	.09999999999999998
0	.16	.001083785350061384	.000386212292460271	.09999999999999998	.09999999999999998
0	.17	.006501402820094603	.0043243452939261025	.09999999999999998	.9
0	.17	.0025690438434496847	.029084748889095777	.09999999999999998	.9
0	.17	.003008536676165383	.0051267028061866655	.9	.9
0	.17	75106921884040084e-22	.00040382091672498416	.09999999999999998	.09999999999999998
0	.17	.0029477318970660515	.0014268093323477936	.09999999999999998	.09999999999999998
0	.17	.0004995665805481985	2687179315339112e-21	.09999999999999998	.09999999999999998
0	.17	.000256570577050732	5721215312959972e-20	.09999999999999998	.09999999999999998
0	.17	.0007413112478614299	.002120096835416514	.09999999999999998	.09999999999999998
0	.17	.002576970332770784	.0026074177924651095	.09999999999999998	.9
0	.17	.0001281063154725964	.0007582654836076024	.09999999999999998	.09999999999999998
0	.17	.00039427674964787854	.0019694125586925356	.09999999999999998	.09999999999999998
0	.17	.00011844009503034618	.0006508219127208842	.09999999999999998	.9
0	.17	.0003788034913961266	.00018628649517018846	.09999999999999998	.09999999999999998
0	.17	.00011658056782069124	.0012736333421313523	.09999999999999998	.09999999999999998
0	.17	.00020208154466037163	.0012386717292395474	.09999999999999998	.09999999999999998
0	.17	.0001392887400306335	.00034018220028937137	.09999999999999998	.09999999999999998
0	.17	2515436758196404e-20	.0011305906276020154	.09999999999999998	.09999999999999998
0	.17	.0023603814942224333	.0067645617332713825	.09999999999999998	.09999999999999998
0	.17	42658731767491644e-21	.00036264479658641225	.09999999999999998	.09999999999999998
0	.17	.0002769941619153792	.0013230073506382066	.09999999999999998	.9
0	.17	12470509752496984e-21	.0005661335088913764	.09999999999999998	.9
0	.17	.0009365939105734014	.0033130858343748603	.09999999999999998	.09999999999999998
0	.17	.0001300518345282163	.0005291820288175842	.09999999999999998	.09999999999999998
0	.17	.001336605135701038	.0008633655818200691	.09999999999999998	.09999999999999998
0	.17	7027973138369457e-20	.00018658931534631064	.09999999999999998	.09999999999999998
0	.17	5404330873592101e-21	.00039654496856489395	.09999999999999998	.09999999999999998
0	.17	.00041827831517111285	.006233564582043831	.09999999999999998	.9
0	.17	.002266178560886125	.002200520485558421	.09999999999999998	.09999999999999998
0	.17	.00038900057401219235	.00010464871998326344	.09999999999999998	.09999999999999998
0	.17	.000517450284453849	.00040774950429058233	.09999999999999998	.09999999999999998
0	.17	7156416506837909e-22	.00011470333344432502	.09999999999999998	.09999999999999998
0	.17	.003416965680484321	.003911038501990207	.9	.9
0	.18	28907543069475783e-22	.0027293586124536415	.09999999999999998	.09999999999999998
0	.18	.0010474965817511431	.0052726242892877345	.09999999999999998	.9
0	.18	20478809547532803e-21	9546133013997757e-21	.09999999999999998	.09999999999999998
0	.18	.0003203071492276452	.0006940348524293055	.9	.09999999999999998
0	.18	.0015442331288115154	.0015368093858412117	.9	.9
0	.18	.00047017381412838244	.0012627304826074545	.09999999999999998	.09999999999999998
0	.18	.00010525569926194398	.0005690257288189237	.09999999999999998	.09999999999999998
0	.18	.00036368876449262966	.00035414521036074845	.09999999999999998	.9
0	.18	.0004378882350380682	.002567076857029515	.09999999999999998	.9
0	.18	10317068606070904e-21	512038953874118e-19	.09999999999999998	.09999999999999998
0	.18	.0012100753503156837	.0010650535839526489	.09999999999999998	.09999999999999998
0	.18	.0027540700235950686	.0053905899147130955	.09999999999999998	.09999999999999998
0	.18	.0004042810892042592	.0009438576001746616	.09999999999999998	.09999999999999998
0	.18	4871247409946134e-21	311783732687877e-19	.09999999999999998	.09999999999999998
0	.18	20798859739677074e-21	10173353623555249e-22	.09999999999999998	.09999999999999998
0	.18	.000181526755410554	.0002938465408361983	.09999999999999998	.09999999999999998
0	.18	.0005690746808858011	.001501908995578566	.09999999999999998	.09999999999999998
0	.18	.0018858753478182596	.0026232569848225157	.09999999999999998	.09999999999999998
0	.18	7588010639677439e-20	.00046129902839495065	.09999999999999998	.09999999999999998
0	.18	.000344538002196306	.00025259281811426416	.9	.9
0	.18	11026571940683752e-21	3985452907236063e-21	.09999999999999998	.09999999999999998
0	.18	.00033183660238963634	.0023074559236380622	.9	.9
0	.18	12126635465131393e-21	.0001057953793278782	.09999999999999998	.09999999999999998
0	.18	.0002904868645253987	.005029686554718105	.09999999999999998	.09999999999999998
0	.18	3997166929493317e-20	4976416121707696e-20	.09999999999999998	.09999999999999998
0	.18	.0013417019646776544	.004345934399057651	.09999999999999998	.09999999999999998
0	.18	9339009332499156e-22	.00017024947118422762	.09999999999999998	.09999999999999998
0	.18	7252764253041527e-23	.001179159914839449	.09999999999999998	.09999999999999998
0	.18	839793364865002e-20	7092383060237377e-22	.09999999999999998	.09999999999999998
0	.18	.0009773616205558744	.005677835603628329	.09999999999999998	.09999999999999998
0	.18	8759483076170958e-20	.001210583521860781	.09999999999999998	.9
0	.18	15580668780958957e-21	.0002049386706183209	.09999999999999998	.09999999999999998
0	.18	.00192858894247907	.004472288180396521	.09999999999999998	.09999999999999998
0	.18	.00019441674193793184	.0004774102541759808	.09999999999999998	.09999999999999998
0	.18	6926921896350716e-20	39089661761514745e-21	.09999999999999998	.09999999999999998
0	.18	.0008744614392694295	.0024529841869451443	.09999999999999998	.09999999999999998
0	.18	.00057253442280934	.0023997548963700247	.9	.9
0	.18	7814814923075727e-20	.0005776954954349258	.09999999999999998	.09999999999999998
0	.18	.0008888106920197289	.0038084263085517754	.9	.9
0	.18	3211199959949241e-20	.0001520528163087794	.09999999999999998	.09999999999999998
0	.18	12782620001255752e-21	.0001274396268091956	.09999999999999998	.09999999999999998
0	.18	3946615410420492e-20	.0011141542939847612	.09999999999999998	.09999999999999998
0	.18	.0001871320227853183	.0011277333243588461	.09999999999999998	.09999999999999998
0	.18	8878543163679528e-21	4843377030656805e-22	.09999999999999998	.09999999999999998
0	.18	.0002558181771811976	.0006469486213036148	.09999999999999998	.09999999999999998
0	.19	15621205931510358e-22	24000553201459214e-21	.09999999999999998	.09999999999999998
0	.19	.0002385659235357806	.001034891753705543	.09999999999999998	.09999999999999998
0	.19	.0010183795034793316	.0011988735410673192	.09999999999999998	.09999999999999998
0	.19	.0021322912071171226	.0049816916002441	.09999999999999998	.9
0	.19	.00011460715611022884	.002905950500941353	.09999999999999998	.09999999999999998
0	.19	.0006096939297691697	.0004717934482649618	.09999999999999998	.09999999999999998
0	.19	3959354515620267e-20	.00011777046344736986	.09999999999999998	.09999999999999998
0	.19	.0005521971753671403	.0013900938326793142	.09999999999999998	.9
0	.19	.0007689739164086618	.006792077081820242	.09999999999999998	.09999999999999998
0	.19	.0004762516156744155	.0019965925078347423	.09999999999999998	.09999999999999998
0	.19	.00016857415386920487	.00023798819091592336	.09999999999999998	.09999999999999998
0	.19	1604969749152961e-22	.00019601431025084988	.09999999999999998	.9
0	.19	.00039343645940147237	.00040876987154950457	.09999999999999998	.09999999999999998
0	.19	.00013891235131856665	.0008346220351113239	.09999999999999998	.09999999999999998
0	.19	.0011637692010067712	.0015361001852632738	.9	.09999999999999998
0	.19	.00012996375863446227	56289681175618084e-21	.09999999999999998	.09999999999999998
0	.19	24659681732741913e-24	.0012274106486863045	.09999999999999998	.09999999999999998
0	.19	325895060693734e-21	2110584763339061e-20	.09999999999999998	.09999999999999998
0	.19	8625357118203022e-21	2728590422820253e-20	.09999999999999998	.09999999999999998
0	.19	.00035147603038403235	.0017624090165790506	.09999999999999998	.09999999999999998
0	.19	.00017797084415513328	.0005232333611993991	.09999999999999998	.09999999999999998
0	.19	.0020381593857651354	.0037836208294782917	.09999999999999998	.09999999999999998
0	.19	.0008181448802256319	.004853220204747563	.09999999999999998	.09999999999999998
0	.19	.00011887940996519501	.00298047206514581	.09999999999999998	.09999999999999998
0	.19	.003967942807141148	.003950636094777533	.9	.9
0	.19	.00024095622001150664	.0009366615416221871	.09999999999999998	.09999999999999998
0	.19	.0011828691034537545	.0017184624229080886	.09999999999999998	.09999999999999998
0	.19	6805179316795131e-20	.001006513730484631	.09999999999999998	.09999999999999998
0	.19	7515137140064347e-20	2017845669638075e-20	.09999999999999998	.09999999999999998
0	.19	.0016629722230749448	.00339519380516247	.09999999999999998	.9
0	.19	.0002027429129237746	.0010366021757582554	.09999999999999998	.09999999999999998
0	.19	28086979317905075e-21	.000254999138808181	.09999999999999998	.09999999999999998
0	.19	7236755141159124e-20	.00400552651767241	.09999999999999998	.09999999999999998
0	.19	6591211765578593e-22	2792882847333303e-22	.09999999999999998	.09999999999999998
0	.19	.002037542738895118	.01029614321676674	.09999999999999998	.09999999999999998
0	.19	.0005715788638182682	.00030959392644289033	.09999999999999998	.09999999999999998
0	.19	.00012223803270505247	2576165082255334e-22	.09999999999999998	.09999999999999998
0	.19	.00012997340271890014	.0005132579612735947	.09999999999999998	.09999999999999998
0	.19	9398083210012077e-20	.0006634187307700132	.09999999999999998	.09999999999999998
0	.19	.0022623406865938745	.0038644187463016517	.09999999999999998	.9
0	.2	982190827484971e-19	.0012248235956222621	.09999999999999998	.09999999999999998
0	.2	.00027709224880716275	.0028491231568669568	.09999999999999998	.09999999999999998
0	.2	990528058230773e-20	4966552642598735e-22	.09999999999999998	.09999999999999998
0	.2	.0016465087705787001	.005693614933397962	.09999999999999998	.09999999999999998
0	.2	.00022238556911699704	.00043522853246267623	.09999999999999998	.09999999999999998
0	.2	.0002067943527163423	.010383598751565347	.09999999999999998	.9
0	.2	.007347687479627108	.025810495768242268	.9	.9
0	.2	.0011789559493032848	.0047360603992146946	.9	.9
0	.2	.0003746973629312779	.0028339182796290794	.09999999999999998	.09999999999999998
0	.2	1035827824164607e-22	2182709071051984e-21	.09999999999999998	.09999999999999998
0	.2	.00035842649716014624	.002645684740785903	.09999999999999998	.09999999999999998
0	.2	5865639196386528e-22	5045290539272459e-20	.09999999999999998	.09999999999999998
0	.2	.009622910964384543	.014950115833551665	.09999999999999998	.9
0	.2	.00018211498029566998	7128698020676545e-20	.09999999999999998	.09999999999999998
0	.2	16920596781537152e-21	.000280847544540919	.09999999999999998	.09999999999999998
0	.2	24267720384930202e-21	.0002255283128635965	.09999999999999998	.09999999999999998
0	.2	1921277463620422e-20	.00020469253519808095	.09999999999999998	.09999999999999998
0	.2	7510932155464167e-22	.0001306478067334119	.09999999999999998	.09999999999999998
0	.2	.0016540104040719645	.0012056597545756107	.09999999999999998	.9
0	.2	1749325387576389e-21	5195564394160017e-20	.09999999999999998	.09999999999999998
0	.2	.002991919947677578	.003555059030162119	.09999999999999998	.09999999999999998
0	.2	.0004162807974411668	.0005033913301571465	.09999999999999998	.09999999999999998
0	.2	7052772876096722e-22	60393114774687444e-21	.09999999999999998	.09999999999999998
0	.2	1736171354124138e-20	6401980425980846e-20	.09999999999999998	.09999999999999998
0	.2	.0006031671744031785	.00041713821602702987	.09999999999999998	.09999999999999998
0	.2	.00026629589701196904	.001239163921076417	.09999999999999998	.09999999999999998
0	.2	.0007808607745100356	.0005758878227275508	.09999999999999998	.09999999999999998
0	.2	.0006457863024531001	.0002588751375090209	.09999999999999998	.9
0	.2	.00020976962256468462	.00040884564592653743	.09999999999999998	.09999999999999998
0	.2	.00010216553739975204	3525895128200636e-20	.09999999999999998	.09999999999999998
0	.2	.00028686838845818453	.002991357464576644	.09999999999999998	.09999999999999998
0	.2	.0002897070188981427	.000708174018090671	.09999999999999998	.09999999999999998
0	.2	.00046530440538375173	.0015497631390990851	.09999999999999998	.09999999999999998
0	.2	.0005945560535536315	.0019302670506987476	.09999999999999998	.09999999999999998
0	.2	.0034033206989145296	.0060553573878417075	.09999999999999998	.09999999999999998
0	.2	.0009156588505328961	.005349587851298357	.09999999999999998	.09999999999999998
0	.2	.00712740257044304	.02645574157213276	.09999999999999998	.09999999999999998
0	.2	29687311736466927e-21	.0002917085700581974	.09999999999999998	.09999999999999998
0	.21000000000000002	4820538699065851e-20	44969702981749224e-21	.09999999999999998	.09999999999999998
0	.21000000000000002	.00045914220616223746	.0010034880165916324	.09999999999999998	.09999999999999998
0	.21000000000000002	.00010862194578296123	.0005480534223512647	.09999999999999998	.09999999999999998
0	.21000000000000002	.000275343000652911	.007571506360204053	.09999999999999998	.09999999999999998
0	.21000000000000002	.0017527829675370442	.014371552988817118	.09999999999999998	.9
0	.21000000000000002	.0021272203116444737	.0006276342797110139	.09999999999999998	.09999999999999998
0	.21000000000000002	4571990163386965e-21	9481092015501549e-20	.09999999999999998	.9
0	.21000000000000002	.0004022903086523833	.006536544516655721	.09999999999999998	.09999999999999998
0	.21000000000000002	.0002955046006215834	.0008219132562990962	.09999999999999998	.09999999999999998
0	.21000000000000002	765047216030063e-20	.00046200636301856437	.09999999999999998	.09999999999999998
0	.21000000000000002	.0001679681924712146	.00020404842787373776	.09999999999999998	.09999999999999998
0	.21000000000000002	.0017659824766196022	.003989651979216306	.09999999999999998	.09999999999999998
0	.21000000000000002	.0009378751074715219	.0016453884896740056	.09999999999999998	.09999999999999998
0	.21000000000000002	.00264908307492692	.0051072606369461085	.09999999999999998	.09999999999999998
0	.21000000000000002	7589950128955183e-21	.0003083379903050653	.09999999999999998	.09999999999999998
0	.21000000000000002	6591054974110246e-20	.004313630827122119	.09999999999999998	.09999999999999998
0	.21000000000000002	.0016394960266880717	.009336587284640588	.09999999999999998	.9
0	.21000000000000002	.001812165674690203	.01007111842250458	.09999999999999998	.09999999999999998
0	.21000000000000002	12164429208154982e-21	.00032983135877715083	.09999999999999998	.09999999999999998
0	.21000000000000002	.0005849310931877923	.0011218365036050977	.09999999999999998	.09999999999999998
0	.21000000000000002	.00013186275490604935	.0021603525349887195	.09999999999999998	.09999999999999998
0	.21000000000000002	.00012683200545041958	.0001394604908012847	.09999999999999998	.09999999999999998
0	.21000000000000002	.0007235780063382681	.001157388179853423	.09999999999999998	.09999999999999998
0	.21000000000000002	45912793014933184e-21	.00044580793068989255	.09999999999999998	.09999999999999998
0	.21000000000000002	.0002834886646211611	.00021140722801703236	.09999999999999998	.09999999999999998
0	.21000000000000002	8093915861426233e-20	8611395382215513e-22	.09999999999999998	.09999999999999998
0	.21000000000000002	.00016835196010493505	.0004916580504087109	.09999999999999998	.09999999999999998
0	.21000000000000002	.00011513760083172807	.00015073347226094827	.09999999999999998	.09999999999999998
0	.21000000000000002	2388701479168773e-21	4905499696206e-17	.09999999999999998	.09999999999999998
0	.21000000000000002	4282450744385763e-22	.00249467096419445	.09999999999999998	.09999999999999998
0	.21000000000000002	.00045657199853707124	.002669590238983432	.09999999999999998	.09999999999999998
0	.22	26967124566087867e-21	.00042571389114654564	.09999999999999998	.09999999999999998
0	.22	334526679944224e-20	.0010023485077555068	.09999999999999998	.09999999999999998
0	.22	1770186233666917e-20	.0005941188224891093	.09999999999999998	.09999999999999998
0	.22	.0009945366678863743	.0013177391964314955	.09999999999999998	.09999999999999998
0	.22	.000888988467837532	.006093856035476589	.09999999999999998	.9
0	.22	.0001766025583418421	.0006816927164423218	.09999999999999998	.09999999999999998
0	.22	.0009044868610937984	.003343795647053822	.09999999999999998	.09999999999999998
0	.22	.0011470764383049266	.00409103356767669	.09999999999999998	.9
0	.22	7752035218939649e-21	.0009750396935755195	.09999999999999998	.09999999999999998
0	.22	.0001681686396839877	.0005295501756847592	.9	.9
0	.22	4591761190065422e-20	5376737013055789e-20	.09999999999999998	.09999999999999998
0	.22	4461626097386461e-20	.0005372668502852725	.09999999999999998	.09999999999999998
0	.22	.00022550850539025959	.00010322796930791623	.09999999999999998	.09999999999999998
0	.22	.00034117225021727034	3419573627013683e-20	.09999999999999998	.09999999999999998
0	.22	5324081154175651e-22	42289408760362055e-22	.09999999999999998	.09999999999999998
0	.22	6211879678581775e-21	.00013904654356702308	.09999999999999998	.09999999999999998
0	.22	.0002043035359657232	.0010006557038240713	.09999999999999998	.09999999999999998
0	.22	.00020718889000464422	.00012702866642210598	.09999999999999998	.09999999999999998
0	.22	.00029725465860874485	.0007862600087267897	.09999999999999998	.09999999999999998
0	.22	.0001834870502936268	25073301932018986e-22	.09999999999999998	.09999999999999998
0	.22	.00012578405385397351	.0006800604657069277	.09999999999999998	.09999999999999998
0	.22	.0012490715816209316	4004238967736991e-20	.09999999999999998	.09999999999999998
0	.22	191413986847587e-20	22896315119151984e-23	.09999999999999998	.09999999999999998
0	.22	9394231675815962e-20	22069291860963084e-23	.09999999999999998	.09999999999999998
0	.22	.00015059474673191945	.0004733549999359463	.09999999999999998	.09999999999999998
0	.22	.002117823438793628	.0033920764348363535	.9	.9
0	.22	.0013177842887544973	.006989014506547236	.09999999999999998	.09999999999999998
0	.22	.00040929331622244615	40807319116762235e-21	.09999999999999998	.09999999999999998
0	.22	3188544068277979e-21	4550101636942982e-20	.09999999999999998	.09999999999999998
0	.22	.0003221388580844834	.0018633907574405004	.09999999999999998	.09999999999999998
0	.22	.0007217792505575895	.0021764729171327764	.09999999999999998	.09999999999999998
0	.22	8414349277968927e-20	.0001116129047523254	.09999999999999998	.09999999999999998
0	.22	.00014224189693191333	.0008889757137388934	.09999999999999998	.09999999999999998
0	.22	.00014184355529110005	.00010164748501523373	.09999999999999998	.09999999999999998
0	.22	.0017814631020293143	.006647805301798593	.09999999999999998	.9
0	.22	.0002068327240979353	.0004851632695361279	.09999999999999998	.09999999999999998
0	.22	.00016941248961432337	.00015791480687420058	.09999999999999998	.09999999999999998
0	.22	3806224557411354e-20	.0003155032084410527	.09999999999999998	.09999999999999998
0	.22	.0002865783461534871	.002102920926997865	.09999999999999998	.09999999999999998
0	.22	1502854656342983e-20	.000580273437526416	.09999999999999998	.09999999999999998
0	.22	.0003725801085095047	.00042183800160378325	.09999999999999998	.09999999999999998
0	.22	.0009986984474432547	.0027539346268993766	.09999999999999998	.09999999999999998
0	.23	.0007536427329861202	.002358262761336715	.09999999999999998	.9
0	.23	10485942149390461e-22	4934679300841254e-21	.09999999999999998	.09999999999999998
0	.23	6576814849696551e-20	.0017398236017847513	.09999999999999998	.9
0	.23	5757011184640934e-23	13031512376381057e-21	.09999999999999998	.09999999999999998
0	.23	.00038885190278901315	.01364939221974912	.09999999999999998	.9
0	.23	.00011242097739487063	.00023143505795130721	.09999999999999998	.09999999999999998
0	.23	11023804799729857e-22	4484187590894275e-21	.09999999999999998	.09999999999999998
0	.23	.002924943908109866	.002637956271657719	.09999999999999998	.09999999999999998
0	.23	9644315019026605e-20	46384843736687066e-21	.09999999999999998	.09999999999999998
0	.23	9871894738425703e-20	6160119341632458e-20	.09999999999999998	.09999999999999998
0	.23	.0011403743236940904	.002150161006193565	.09999999999999998	.09999999999999998
0	.23	3778710724467238e-22	.0005412129838774587	.09999999999999998	.09999999999999998
0	.23	.00016445940536449581	.0031836280772403426	.09999999999999998	.09999999999999998
0	.23	.0005670044180377212	.002240012234540081	.09999999999999998	.09999999999999998
0	.23	.0007082495813584956	.00028171260116377457	.09999999999999998	.09999999999999998
0	.23	.0006975511104819307	14512088348000281e-21	.09999999999999998	.09999999999999998
0	.23	.00016221614574791305	.0001736505254519115	.09999999999999998	.09999999999999998
0	.23	15113075763115509e-21	.001957008702324106	.09999999999999998	.09999999999999998
0	.23	.0005994441435688854	.001087173463488718	.09999999999999998	.09999999999999998
0	.23	60673022240735105e-22	.0002329411125495357	.09999999999999998	.09999999999999998
0	.23	18372297711278391e-22	8910003325294605e-23	.09999999999999998	.09999999999999998
0	.23	.002192758901455176	.004048763839588712	.09999999999999998	.09999999999999998
0	.23	.0021362168668537422	.002285440542754885	.09999999999999998	.09999999999999998
0	.23	.0002766374345299902	.00037468679569905807	.09999999999999998	.09999999999999998
0	.23	37112284529541075e-21	.00010535021937734691	.09999999999999998	.09999999999999998
0	.23	.0001358200273471146	6974856920144215e-21	.09999999999999998	.09999999999999998
0	.23	.0014665804378825495	.00334139686746257	.09999999999999998	.09999999999999998
0	.23	.0001353286091748793	2284066088560568e-23	.09999999999999998	.09999999999999998
0	.23	.00024391980626493087	.0004200914537306284	.09999999999999998	.09999999999999998
0	.23	5619508326625361e-20	3677527770758559e-20	.09999999999999998	.09999999999999998
0	.23	.0017555823119081242	.0012151331639936643	.09999999999999998	.09999999999999998
0	.23	.0003539137175251587	.0052885701743193726	.09999999999999998	.9
0	.23	.00015559667391185542	.00032043339782041367	.09999999999999998	.09999999999999998
0	.23	.0029567101387015468	.003576322838434667	.09999999999999998	.09999999999999998
0	.23	18577507935393956e-21	.000586589677341353	.09999999999999998	.09999999999999998
0	.24000000000000002	.00024867322343577865	.0023463196538187053	.09999999999999998	.09999999999999998
0	.24000000000000002	.00038850629970105645	.0010561494811668292	.09999999999999998	.09999999999999998
0	.24000000000000002	7425965502892174e-20	.0009799949736443924	.09999999999999998	.09999999999999998
0	.24000000000000002	17142054182367866e-22	.00013046571997694608	.09999999999999998	.09999999999999998
0	.24000000000000002	15096092763978691e-21	7528600602044773e-21	.09999999999999998	.09999999999999998
0	.24000000000000002	.003425010228583562	.0016833605152776778	.09999999999999998	.09999999999999998
0	.24000000000000002	3127401915537657e-20	2480494051281654e-20	.09999999999999998	.09999999999999998
0	.24000000000000002	8668210979612654e-20	2649545733476997e-20	.09999999999999998	.09999999999999998
0	.24000000000000002	4529190781088881e-21	517752951332231e-19	.09999999999999998	.09999999999999998
0	.24000000000000002	.00019457336549448873	.00010116240098525628	.09999999999999998	.09999999999999998
0	.24000000000000002	.0015530990080868036	.0035136144683197315	.09999999999999998	.09999999999999998
0	.24000000000000002	18090956976623483e-22	1507062252877386e-20	.09999999999999998	.09999999999999998
0	.24000000000000002	.0001225674726737392	.00013322793191399796	.09999999999999998	.09999999999999998
0	.24000000000000002	.00023062228181797663	1555974713056379e-22	.09999999999999998	.09999999999999998
0	.24000000000000002	.0016541395581659327	.0035628067050547667	.09999999999999998	.09999999999999998
0	.24000000000000002	.00039649990422044155	1122496329982329e-20	.09999999999999998	.09999999999999998
0	.24000000000000002	5612101654972719e-21	5474476672080898e-20	.09999999999999998	.09999999999999998
0	.24000000000000002	.0002731510801391311	.002299182832445377	.09999999999999998	.09999999999999998
0	.24000000000000002	.0019978048876034583	.0046903838058281345	.09999999999999998	.09999999999999998
0	.24000000000000002	2220941064979894e-22	.0001953549082329988	.09999999999999998	.09999999999999998
0	.24000000000000002	12498827739931503e-21	422667505093368e-19	.09999999999999998	.09999999999999998
0	.24000000000000002	.0006650360679867258	.00414197628052439	.09999999999999998	.09999999999999998
0	.24000000000000002	.0006411909097747442	.0011220348377245144	.09999999999999998	.09999999999999998
0	.24000000000000002	6862098300687133e-20	35304446351054064e-22	.09999999999999998	.09999999999999998
0	.24000000000000002	.00014508652644807933	24893427151227335e-22	.09999999999999998	.09999999999999998
0	.24000000000000002	.00028224863904625214	.0029084427583462654	.09999999999999998	.09999999999999998
0	.24000000000000002	.0023077443930088837	.009976712686835351	.09999999999999998	.9
0	.24000000000000002	.0005061996871285981	.0008334856688780386	.09999999999999998	.09999999999999998
0	.24000000000000002	.0004658858850816719	.0011306128016059182	.09999999999999998	.09999999999999998
0	.24000000000000002	6481106083530703e-21	.0010074716681313396	.09999999999999998	.09999999999999998
0	.24000000000000002	.0001800841762186166	.0021067426266831737	.09999999999999998	.09999999999999998
0	.24000000000000002	.0005962885480617432	37108584454525403e-22	.09999999999999998	.09999999999999998
0	.24000000000000002	42672652343514555e-21	7316813604917057e-20	.09999999999999998	.09999999999999998
0	.24000000000000002	8009004327314467e-20	.0010932621084976974	.09999999999999998	.09999999999999998
0	.24000000000000002	7017740546901499e-20	.00033686475657975965	.09999999999999998	.09999999999999998
0	.24000000000000002	7654274443057895e-20	819123879330915e-20	.09999999999999998	.09999999999999998
0	.24000000000000002	.002103057305455172	.0035373986398742766	.09999999999999998	.09999999999999998
0	.24000000000000002	.0005442799695695593	.0014352405079958049	.09999999999999998	.09999999999999998
0	.24000000000000002	4469751633250511e-21	9147074813924628e-20	.09999999999999998	.09999999999999998
0	.24000000000000002	.0009725834215194648	.0009046298781670835	.09999999999999998	.09999999999999998
0	.24000000000000002	.001586744196841164	.0019437069374130943	.09999999999999998	.09999999999999998
0	.24000000000000002	.0007812080054601471	.0028685323659165176	.09999999999999998	.09999999999999998
0	.25	.0006027639126928397	.0010108618692057007	.09999999999999998	.09999999999999998
0	.25	.0003041026537745418	.00032410119314315813	.09999999999999998	.09999999999999998
0	.25	16968108934034344e-21	.0004077159499678683	.09999999999999998	.09999999999999998
0	.25	21299127138429705e-21	5218581174176388e-22	.09999999999999998	.09999999999999998
0	.25	29905676905647183e-22	.002097069081913454	.09999999999999998	.09999999999999998
0	.25	.00012605319725366492	.00043154087645982405	.09999999999999998	.09999999999999998
0	.25	43623146895749395e-21	.00015707627687721974	.09999999999999998	.09999999999999998
0	.25	.00011795312233319524	.0015791131516378117	.09999999999999998	.09999999999999998
0	.25	.00037995662514133196	4517269645119773e-20	.09999999999999998	.09999999999999998
0	.25	.001151132959806021	.0028389429772613293	.09999999999999998	.09999999999999998
0	.25	4394039687853717e-20	.0007799016126740295	.09999999999999998	.09999999999999998
0	.25	.0008510196170344865	.007519862216860061	.09999999999999998	.09999999999999998
0	.25	.0001016311078627531	.00010106090999568152	.09999999999999998	.09999999999999998
0	.25	.00012101883052051007	.00012304335743916996	.09999999999999998	.09999999999999998
0	.25	29761137037578894e-23	5001633292315162e-20	.09999999999999998	.09999999999999998
0	.25	.0001048228915933781	11398546932040993e-21	.09999999999999998	.09999999999999998
0	.25	.00030691625668917264	5278913513157093e-21	.09999999999999998	.09999999999999998
0	.25	.0007832787605950299	.003711332761800199	.09999999999999998	.09999999999999998
0	.25	.000959301897318666	.0019126110769146956	.09999999999999998	.09999999999999998
0	.25	.00010758041211146482	.0007695370848507686	.09999999999999998	.09999999999999998
0	.25	6034267350251226e-20	.00032437188731987415	.09999999999999998	.09999999999999998
0	.25	.00030371751799102015	.0016040311474119003	.09999999999999998	.09999999999999998
0	.25	5339168008057646e-20	.0019766517171496702	.09999999999999998	.09999999999999998
0	.25	.0003043325491134097	.0010455658790572712	.09999999999999998	.09999999999999998
0	.25	.0004959640342897438	.0016216556398413464	.09999999999999998	.09999999999999998
0	.25	9990838635421212e-20	.00047679658646849793	.09999999999999998	.09999999999999998
0	.25	.0003764100293326774	.0025526678059306527	.09999999999999998	.09999999999999998
0	.25	.0001020010703251973	.00040378285584391374	.09999999999999998	.09999999999999998
0	.25	.0008102933141910921	.00873951340117551	.09999999999999998	.9
0	.25	.0009564871129191179	.0049098779822277045	.09999999999999998	.9
0	.25	.00013353002678169826	.00011232343817860973	.09999999999999998	.09999999999999998
0	.25	2991907569163256e-20	.0002044260395729548	.09999999999999998	.09999999999999998
0	.25	4486909953386753e-23	1216039706733978e-20	.09999999999999998	.09999999999999998
0	.25	.0002942883203547648	.0022905721446493388	.09999999999999998	.09999999999999998
0	.25	.0013269372488981027	.00038661570946783294	.09999999999999998	.09999999999999998
0	.25	.0007691564368555707	.002612913361557004	.09999999999999998	.09999999999999998
0	.25	.0001558557560229362	47615023482778314e-21	.09999999999999998	.09999999999999998
0	.25	6087188378639037e-22	.00047369377472226645	.09999999999999998	.09999999999999998
0	.26	.0001440718376368653	.0012999038656749055	.09999999999999998	.09999999999999998
0	.26	28711886621087485e-21	6611751289222047e-20	.09999999999999998	.09999999999999998
0	.26	.00015857559635710703	.0018378307426555958	.09999999999999998	.09999999999999998
0	.26	.0005349112991473099	.0015777617527649745	.09999999999999998	.09999999999999998
0	.26	.0004429910735624723	.000342512934887285	.09999999999999998	.09999999999999998
0	.26	.0008263564881325556	.0026982764180220865	.09999999999999998	.09999999999999998
0	.26	.000544477157241293	.0022320786514975553	.09999999999999998	.09999999999999998
0	.26	9146777007985835e-22	.00010416140452244855	.09999999999999998	.09999999999999998
0	.26	.0001577947519115524	.0006838546416914631	.09999999999999998	.09999999999999998
0	.26	6017045048190837e-20	.0005881935213177605	.09999999999999998	.09999999999999998
0	.26	.002077076239854702	.005474301414416703	.09999999999999998	.09999999999999998
0	.26	15724191224506093e-21	9525736432297282e-20	.09999999999999998	.09999999999999998
0	.26	.0002966549409717586	.0027563639683974633	.09999999999999998	.09999999999999998
0	.26	.0001519203216009728	11322773336300589e-23	.09999999999999998	.09999999999999998
0	.26	.001378470042119499	.0022782031794024906	.09999999999999998	.09999999999999998
0	.26	26488937014677957e-21	2345509722061047e-20	.09999999999999998	.09999999999999998
0	.26	.00029410228490927095	.00040333994578145127	.09999999999999998	.09999999999999998
0	.26	.0002481498818102735	.0009221107346666896	.09999999999999998	.09999999999999998
0	.26	.0004332129273276912	.00231823494920419	.09999999999999998	.09999999999999998
0	.26	.00017009180038480036	.005350753580596067	.09999999999999998	.09999999999999998
0	.26	.004516337703868635	.002348452444571232	.09999999999999998	.09999999999999998
0	.26	.0007445095627829662	.008726173624058845	.09999999999999998	.09999999999999998
0	.26	7032101586159724e-22	43580270276662494e-21	.09999999999999998	.09999999999999998
0	.26	.002471601300966198	.00391673847059441	.09999999999999998	.09999999999999998
0	.26	.008164818623213952	.002782105209027591	.09999999999999998	.09999999999999998
0	.26	9541883182245421e-21	44935069813945846e-21	.09999999999999998	.09999999999999998
0	.26	.0035706736912663036	.0023162224322645342	.09999999999999998	.09999999999999998
0	.26	.0008575818990166943	.006458043915329293	.09999999999999998	.9
0	.26	8869739154773726e-20	27063463307904484e-21	.09999999999999998	.09999999999999998
0	.26	.00010501619480859497	.00012913041760940334	.09999999999999998	.09999999999999998
0	.26	.00012744675241280673	.0035247404040220937	.09999999999999998	.09999999999999998
0	.26	.0009913598993477274	.0006082848704117754	.09999999999999998	.09999999999999998
0	.26	254826435112985e-19	35256490433855854e-22	.09999999999999998	.09999999999999998
0	.26	15329970987540513e-21	.00022332637187451752	.09999999999999998	.09999999999999998
0	.26	.002753196439321852	.0042656693691781695	.09999999999999998	.09999999999999998
0	.26	.00011791557435318781	9857465874235359e-20	.09999999999999998	.09999999999999998
0	.26	5405313304097408e-21	8297804527496155e-20	.09999999999999998	.09999999999999998
0	.26	20701986613370504e-21	.00019918997575094544	.09999999999999998	.09999999999999998
0	.26	.0001747704359276108	.0005912436598248045	.09999999999999998	.09999999999999998
0	.26	7455198505050864e-20	6413241549651822e-20	.09999999999999998	.09999999999999998
0	.27	13640825262062915e-21	.00012238536813599798	.09999999999999998	.09999999999999998
0	.27	.0003124249136335807	.0016512675559442562	.09999999999999998	.09999999999999998
0	.27	.0001137656330689866	.0001012523747598967	.09999999999999998	.09999999999999998
0	.27	6562513530485467e-21	.00010407441092173287	.09999999999999998	.09999999999999998
0	.27	.00046216486382402293	.0017738451642848665	.09999999999999998	.9
0	.27	4291651443113422e-20	.0003071741365928416	.09999999999999998	.09999999999999998
0	.27	14584577409359163e-21	5635317324079911e-20	.09999999999999998	.09999999999999998
0	.27	.00012911852416508415	.0032189882320235886	.09999999999999998	.09999999999999998
0	.27	.0013698649858858685	.000620856757283192	.09999999999999998	.09999999999999998
0	.27	30473067370907806e-22	4686299470536997e-20	.09999999999999998	.09999999999999998
0	.27	.0013310691167387108	.0007921703347705207	.09999999999999998	.09999999999999998
0	.27	1625487338725381e-20	.0007810199329712136	.09999999999999998	.09999999999999998
0	.27	.0008032504776833087	.00545813397308084	.09999999999999998	.09999999999999998
0	.27	.00029546385268526906	.0024646766449363242	.09999999999999998	.09999999999999998
0	.27	6444218525174009e-20	12588752745971465e-21	.09999999999999998	.09999999999999998
0	.27	.013281374351452777	.004715583858204975	.09999999999999998	.09999999999999998
0	.27	.0002573090757887253	1729295390996259e-20	.09999999999999998	.09999999999999998
0	.27	.00025609715094914505	.0013525816224593285	.09999999999999998	.09999999999999998
0	.27	35652665597685442e-22	.002470238552560098	.09999999999999998	.09999999999999998
0	.27	.0004969325126358181	.0002893017827976364	.09999999999999998	.09999999999999998
0	.27	.0005743410081083163	.00192983326642719	.09999999999999998	.9
0	.27	8412961724081004e-20	.000524056212128493	.09999999999999998	.09999999999999998
0	.27	.0005321897061326242	.0007157080623667886	.09999999999999998	.09999999999999998
0	.27	.00030950011895420677	3411184423559706e-22	.09999999999999998	.09999999999999998
0	.27	31942221359813343e-25	.001056812147718811	.09999999999999998	.09999999999999998
0	.27	.0013143863644589201	.0020217096170288625	.09999999999999998	.09999999999999998
0	.27	7894289969499301e-22	5470955870366418e-22	.09999999999999998	.09999999999999998
0	.27	.0009599261175879621	.000903606820037055	.09999999999999998	.09999999999999998
0	.27	.0006838580599127633	.0051271937177088354	.09999999999999998	.09999999999999998
0	.27	76570210213483e-18	7756157396490751e-20	.09999999999999998	.09999999999999998
0	.27	18888628204713985e-22	5326694021066555e-22	.09999999999999998	.09999999999999998
0	.27	2296890666466227e-20	875488368279835e-19	.09999999999999998	.09999999999999998
0	.27	.0026054296265867138	.0030403936650029726	.09999999999999998	.09999999999999998
0	.27	42888411330378365e-22	.0001700607823320462	.09999999999999998	.09999999999999998
0	.27	.0002096448335677694	.0029668111612202778	.09999999999999998	.09999999999999998
0	.27	.0014122496590270753	.0005100497538086008	.09999999999999998	.09999999999999998
0	.27	.00014326887792656998	.00012155463830415975	.09999999999999998	.09999999999999998
0	.27	4721543522729326e-20	.0001357237338865954	.09999999999999998	.09999999999999998
0	.27	.00024304762858980673	.0010576789510204371	.09999999999999998	.09999999999999998
0	.27	.0017294122317185617	.0014560775693007533	.09999999999999998	.09999999999999998
0	.27	6883109189026614e-20	.0009117581300844784	.09999999999999998	.09999999999999998
0	.27	.0004639949571512037	43636111496083084e-21	.09999999999999998	.09999999999999998
0	.28	.0004163592632767853	.00024272694140755328	.09999999999999998	.09999999999999998
0	.28	.002084878034242629	.0015910067537583982	.09999999999999998	.09999999999999998
0	.28	.00039805159762982645	.00031263087238405556	.09999999999999998	.09999999999999998
0	.28	.0006412306375165141	.0014841135949968133	.09999999999999998	.09999999999999998
0	.28	3304502475643427e-20	7392965802623001e-20	.09999999999999998	.09999999999999998
0	.28	.0004383382181772058	.0012518488333763584	.09999999999999998	.09999999999999998
0	.28	.0003174505565914059	988276502741183e-20	.09999999999999998	.09999999999999998
0	.28	.0002022261224340216	.0006536543154971416	.09999999999999998	.09999999999999998
0	.28	.0008172386147915534	.0023597598127097054	.09999999999999998	.09999999999999998
0	.28	.004672840883790717	.005160850182344659	.09999999999999998	.09999999999999998
0	.28	926628142895197e-19	8102520599489339e-20	.09999999999999998	.09999999999999998
0	.28	.0001511581630182812	.00027957268260105507	.09999999999999998	.09999999999999998
0	.28	.0005341714400368639	920155374947357e-19	.09999999999999998	.09999999999999998
0	.28	.00029071621570871543	.0008255226623104816	.09999999999999998	.09999999999999998
0	.28	.000134153501478364	.0005584488168034211	.09999999999999998	.09999999999999998
0	.28	.0004004524706076665	67361332587185295e-22	.09999999999999998	.09999999999999998
0	.28	27011052093109536e-23	.0007105654921444589	.09999999999999998	.09999999999999998
0	.28	.00030806819796850264	.0021562046743330197	.09999999999999998	.09999999999999998
0	.28	.002657411081771429	.006869473113429458	.09999999999999998	.09999999999999998
0	.28	.006172332667102911	.0007048521867792862	.09999999999999998	.09999999999999998
0	.28	410368172130965e-20	37598623509127346e-21	.09999999999999998	.09999999999999998
0	.28	9841963499018707e-20	.0019525700080264888	.09999999999999998	.09999999999999998
0	.28	24712288149983785e-22	.00044983161097385645	.09999999999999998	.09999999999999998
0	.28	9984735982652161e-20	53605157351814574e-21	.09999999999999998	.09999999999999998
0	.28	8916080213846185e-20	.00023899802257060172	.09999999999999998	.09999999999999998
0	.28	7810447673261727e-21	6453580383241132e-20	.09999999999999998	.09999999999999998
0	.28	.011136335390892876	.00017150646190375437	.09999999999999998	.09999999999999998
0	.28	7577338059371081e-20	6253684355619155e-20	.09999999999999998	.09999999999999998
0	.28	.00015505549282682503	.00014517783667355213	.09999999999999998	.09999999999999998
0	.28	19414418234571227e-21	5758223303584272e-20	.09999999999999998	.09999999999999998
0	.28	.001130843824891891	.0008076466048479615	.09999999999999998	.09999999999999998
0	.28	.0004385634329131329	.002562384160333247	.09999999999999998	.09999999999999998
0	.28	.0005741908876574643	.0016229694820164443	.09999999999999998	.09999999999999998
0	.28	.0004349986418772574	.00345496775031457	.09999999999999998	.09999999999999998
0	.28	20901160679891486e-21	.00020124470640724777	.09999999999999998	.09999999999999998
0	.28	7730012164383802e-20	.002633664364083288	.09999999999999998	.09999999999999998
0	.28	46489842247046685e-21	.0012869120810814483	.09999999999999998	.09999999999999998
0	.29000000000000004	.0007676496834317976	.0002720804304354719	.09999999999999998	.09999999999999998
0	.29000000000000004	.00019711682693793827	.0027487809184834995	.09999999999999998	.09999999999999998
0	.29000000000000004	.0021268174377819357	.0003603101031175886	.09999999999999998	.09999999999999998
0	.29000000000000004	.00031873319014779993	1487417454190035e-20	.09999999999999998	.09999999999999998
0	.29000000000000004	.0010902118203058107	.0009838488842045707	.09999999999999998	.09999999999999998
0	.29000000000000004	3491500028877409e-20	.0002459378209888213	.09999999999999998	.09999999999999998
0	.29000000000000004	5972086820338561e-21	.00022417544278361312	.09999999999999998	.09999999999999998
0	.29000000000000004	.0003595416084338023	9116971569174326e-20	.09999999999999998	.09999999999999998
0	.29000000000000004	2564663670520577e-21	10382347771807218e-21	.09999999999999998	.09999999999999998
0	.29000000000000004	.00029600510602254747	29539767350280383e-21	.09999999999999998	.09999999999999998
0	.29000000000000004	4746048208386622e-20	.0009689860983792565	.09999999999999998	.09999999999999998
0	.29000000000000004	.0008795119381660501	37337929361184706e-22	.09999999999999998	.09999999999999998
0	.29000000000000004	23415892394038398e-21	.0001419976117304435	.09999999999999998	.09999999999999998
0	.29000000000000004	.00098600968647432	.0006346625162773412	.09999999999999998	.09999999999999998
0	.29000000000000004	.0001721604779036977	.00037980304018650734	.09999999999999998	.09999999999999998
0	.29000000000000004	29712014683903927e-22	.0002667092884575097	.09999999999999998	.09999999999999998
0	.29000000000000004	.0006028772368560784	.001482243851071958	.09999999999999998	.09999999999999998
0	.29000000000000004	.0003175945925099427	17067232186253765e-21	.09999999999999998	.09999999999999998
0	.29000000000000004	.0007753479456023584	5190562234586064e-21	.09999999999999998	.09999999999999998
0	.29000000000000004	.0003867520516393972	.002832016704779766	.09999999999999998	.09999999999999998
0	.29000000000000004	9981233259270994e-21	.0006387402831351012	.09999999999999998	.09999999999999998
0	.29000000000000004	.0024858048081247584	.00019773269621378586	.09999999999999998	.09999999999999998
0	.29000000000000004	.0027966232653508123	.0014385425889445076	.09999999999999998	.09999999999999998
0	.29000000000000004	.001034660782320925	.005534016215901573	.09999999999999998	.09999999999999998
0	.29000000000000004	.0011168093482734954	.00387186418954972	.09999999999999998	.09999999999999998
0	.29000000000000004	21668235141292315e-21	.0008705831309645842	.09999999999999998	.09999999999999998
0	.29000000000000004	28130660195845517e-22	469178075858232e-19	.09999999999999998	.09999999999999998
0	.29000000000000004	5321729008843292e-20	.0009327858442810529	.09999999999999998	.09999999999999998
0	.29000000000000004	.003017952163226297	.006486753061982557	.09999999999999998	.09999999999999998
0	.29000000000000004	.0010321092241263306	.0008058603530092476	.09999999999999998	.09999999999999998
0	.29000000000000004	.0028586039033000037	.025130506749931964	.09999999999999998	.9
0	.29000000000000004	.004931594550681017	.007061528077777553	.09999999999999998	.09999999999999998
0	.29000000000000004	.000985417478621138	.0002663926539026052	.09999999999999998	.09999999999999998
0	.29000000000000004	.0014812283059008344	.0078929707756678	.09999999999999998	.09999999999999998
0	.29000000000000004	23144884288213594e-26	6136674239809716e-22	.09999999999999998	.09999999999999998
0	.29000000000000004	18362672653309058e-21	8783513500794885e-21	.09999999999999998	.09999999999999998
0	.29000000000000004	.004973925466070168	.0020196242022679947	.09999999999999998	.09999999999999998
0	.29000000000000004	.0006079504674684274	.0007157435613595752	.09999999999999998	.09999999999999998
0	.29000000000000004	.0007297161349061311	.0006734605525494516	.09999999999999998	.09999999999999998
0	.29000000000000004	47527122087536926e-21	.0015611220074343794	.09999999999999998	.09999999999999998
0	.29000000000000004	.0009501175752194806	2764127811650108e-20	.09999999999999998	.09999999999999998
0	.29000000000000004	5010195414841391e-20	.0032655864346112645	.09999999999999998	.09999999999999998
0	.29000000000000004	6613314469138328e-20	23238042011631977e-21	.09999999999999998	.09999999999999998
0	.29000000000000004	2958087114117991e-21	.001086867330648825	.09999999999999998	.09999999999999998
0	.29000000000000004	2938082035432101e-21	.00011377293726031243	.09999999999999998	.09999999999999998
0	.29000000000000004	21784968037640594e-21	.000493834848829434	.09999999999999998	.09999999999999998
0	.30000000000000004	.00010763951317667668	.0001227334562082399	.09999999999999998	.09999999999999998
0	.30000000000000004	.000986585428507615	.0012204013361094745	.09999999999999998	.09999999999999998
0	.30000000000000004	9883598610001201e-20	400191374138429e-20	.09999999999999998	.09999999999999998
0	.30000000000000004	.0008737382611806858	.002680369980359881	.09999999999999998	.09999999999999998
0	.30000000000000004	.0005768870301673383	.0006533122591230295	.09999999999999998	.09999999999999998
0	.30000000000000004	5737879707669654e-20	.00032480065833853194	.09999999999999998	.09999999999999998
0	.30000000000000004	.0005444489971904143	.00013874235986693738	.09999999999999998	.09999999999999998
0	.30000000000000004	.0009179228928107747	28643226995832145e-21	.09999999999999998	.09999999999999998
0	.30000000000000004	.0013359070400272828	.00016296698309426004	.09999999999999998	.09999999999999998
0	.30000000000000004	9624965971293354e-20	.00011221092161572702	.09999999999999998	.09999999999999998
0	.30000000000000004	.008206620461786818	.001495035105053608	.09999999999999998	.09999999999999998
0	.30000000000000004	23718946963651474e-22	5080351847482162e-21	.09999999999999998	.09999999999999998
0	.30000000000000004	.024186502316206008	.0025249879341068295	.09999999999999998	.09999999999999998
0	.30000000000000004	.0008429186736188663	4868254663908442e-20	.09999999999999998	.09999999999999998
0	.30000000000000004	16092832861506157e-22	.0001697410686732566	.09999999999999998	.09999999999999998
0	.30000000000000004	.001693156675333191	23771313809291283e-21	.09999999999999998	.09999999999999998
0	.30000000000000004	.0001087588364784761	48292695420400164e-21	.09999999999999998	.09999999999999998
0	.30000000000000004	.0003420398895216791	3133767523944277e-20	.09999999999999998	.09999999999999998
0	.30000000000000004	.0008877417711429396	.002614609699529669	.09999999999999998	.09999999999999998
0	.30000000000000004	.0001251231150882641	14889788989352963e-21	.09999999999999998	.09999999999999998
0	.30000000000000004	12463028775302308e-21	.003808130702470468	.09999999999999998	.09999999999999998
0	.30000000000000004	8790027801282372e-20	6555372951361236e-20	.09999999999999998	.09999999999999998
0	.30000000000000004	.0029899500465110458	.0023537622112075256	.09999999999999998	.09999999999999998
0	.30000000000000004	13344298250933461e-21	11458495442351405e-21	.09999999999999998	.09999999999999998
0	.30000000000000004	634986383414132e-19	24843522348415167e-22	.09999999999999998	.09999999999999998
0	.30000000000000004	.007294610275632908	.003427020687945902	.09999999999999998	.09999999999999998
0	.30000000000000004	.00046629423016983357	.00010219652599198121	.09999999999999998	.09999999999999998
0	.30000000000000004	.003164243152148203	.0003175088766991109	.09999999999999998	.09999999999999998
0	.30000000000000004	.000264365139088717	.00316903452972158	.09999999999999998	.09999999999999998
0	.30000000000000004	14221561107494475e-24	11498131840854151e-24	.09999999999999998	.09999999999999998
0	.30000000000000004	.0005957928315190378	7999537986973881e-20	.09999999999999998	.09999999999999998
0	.30000000000000004	.0005103020158033083	.0055746346723764585	.09999999999999998	.09999999999999998
0	.30000000000000004	.00013359969167545523	.00016177715881826935	.09999999999999998	.09999999999999998
0	.30000000000000004	.00018526486301384483	.0008069697947492573	.09999999999999998	.09999999999999998
0	.30000000000000004	.0035733652443207826	.00014527431480415129	.09999999999999998	.09999999999999998
0	.30000000000000004	7129429629959684e-21	24711718101254974e-22	.09999999999999998	.09999999999999998
0	.30000000000000004	23628761496751752e-21	23460118932236447e-21	.09999999999999998	.09999999999999998
0	.30000000000000004	.0001414390378276168	4386433368920138e-21	.09999999999999998	.09999999999999998
0	.30000000000000004	7071440126599117e-20	6718792341421612e-20	.09999999999999998	.09999999999999998
0	.30000000000000004	.00036220859908725527	.00016043083185825693	.09999999999999998	.09999999999999998
0	.30000000000000004	8205033635787822e-20	.0003340201625171575	.09999999999999998	.09999999999999998
0	.30000000000000004	.0003563036883403435	7893146472805458e-23	.09999999999999998	.09999999999999998
0	.30000000000000004	7806936353220303e-20	.002167706094670485	.09999999999999998	.09999999999999998
0	.31	.00017771471570006216	.00041385722904231507	.09999999999999998	.09999999999999998
0	.31	3856583320788441e-21	.001472977491201787	.09999999999999998	.09999999999999998
0	.31	.0020614701974502416	.005121753214887538	.09999999999999998	.09999999999999998
0	.31	.001457795111778002	.00023951294250707767	.09999999999999998	.09999999999999998
0	.31	.022002153575463635	.0005670991886757978	.09999999999999998	.09999999999999998
0	.31	.0005164077307042586	.00019561472378110353	.09999999999999998	.09999999999999998
0	.31	.00016626233253734694	13764196964896403e-21	.09999999999999998	.09999999999999998
0	.31	.009441537320433284	.021244476459525954	.09999999999999998	.09999999999999998
0	.31	.0029500480956945268	.007138584777464631	.09999999999999998	.09999999999999998
0	.31	.00041325080811881014	.0001259310204312549	.09999999999999998	.09999999999999998
0	.31	.0003824238002665291	.0037110795985469524	.09999999999999998	.09999999999999998
0	.31	.0006573435474302501	.0019826914987446692	.09999999999999998	.09999999999999998
0	.31	.002049163944499369	.00013347279036130468	.09999999999999998	.09999999999999998
0	.31	.0010305239562980154	8479321351526974e-20	.09999999999999998	.09999999999999998
0	.31	30699249527240625e-21	3218944218734708e-20	.09999999999999998	.09999999999999998
0	.31	.00031188921146644227	.0011424988241070153	.09999999999999998	.09999999999999998
0	.31	.001446879335949327	.0045340752673341395	.09999999999999998	.09999999999999998
0	.31	.0004767103885501069	.002562998383900423	.09999999999999998	.09999999999999998
0	.31	3007074653589823e-20	.0010010681743593294	.09999999999999998	.09999999999999998
0	.31	10299461720355298e-21	.002183788587945262	.09999999999999998	.09999999999999998
0	.31	22408164741854892e-21	30535200913893e-18	.09999999999999998	.09999999999999998
0	.31	.000966741557654031	.00037726345106485406	.09999999999999998	.09999999999999998
0	.31	.002186655114079737	.00580813186878162	.09999999999999998	.09999999999999998
0	.31	40519445631209664e-21	.0005484042840243715	.09999999999999998	.09999999999999998
0	.31	.0003370472357279618	.0016348366263292519	.09999999999999998	.09999999999999998
0	.31	.0019050618812795283	.0007219547897433763	.09999999999999998	.09999999999999998
0	.31	.00035551734047202906	.0004330831225900311	.09999999999999998	.09999999999999998
0	.31	.00024205755767378639	.0020370072871070933	.09999999999999998	.09999999999999998
0	.31	8457670129694357e-20	7025208308965795e-20	.09999999999999998	.09999999999999998
0	.31	6422244081458935e-20	.0006780364194179615	.09999999999999998	.09999999999999998
0	.31	.005089247639348313	.0016872377123958488	.09999999999999998	.09999999999999998
0	.31	.00017111969024614777	.0019361216332837196	.09999999999999998	.09999999999999998
0	.31	.009510693417585835	.00025009822293898355	.09999999999999998	.09999999999999998
0	.31	.0004394198531372066	.003354666835302739	.09999999999999998	.09999999999999998
0	.32	.0031793956295129975	.007644751278299935	.09999999999999998	.09999999999999998
0	.32	.00029028270636207197	.00039322231745219836	.09999999999999998	.09999999999999998
0	.32	.00244145347257956	.0009863881442551583	.09999999999999998	.09999999999999998
0	.32	.09301407610600874	.056533206824924916	.09999999999999998	.09999999999999998
0	.32	.002873351105719342	.0013858630395067557	.09999999999999998	.09999999999999998
0	.32	.0013457283142131707	.0001328440650513751	.09999999999999998	.09999999999999998
0	.32	.000106266640991609	.004381342728247246	.09999999999999998	.09999999999999998
0	.32	55161159477248135e-24	6970064485498611e-21	.09999999999999998	.09999999999999998
0	.32	.002825611270616454	.0006653668528965871	.09999999999999998	.09999999999999998
0	.32	.0004977133571558074	9453845238694263e-20	.09999999999999998	.09999999999999998
0	.32	.0014996337928153568	.0027472087152546473	.09999999999999998	.09999999999999998
0	.32	.0026523295223967657	6938717436464454e-20	.09999999999999998	.09999999999999998
0	.32	.00011284669893675248	.004380060518204614	.09999999999999998	.09999999999999998
0	.32	.000158683780594763	.001971089890005138	.09999999999999998	.09999999999999998
0	.32	3689856299731388e-21	.0009467251527300084	.09999999999999998	.09999999999999998
0	.32	.0003379141516063151	.0002736043975033355	.09999999999999998	.09999999999999998
0	.32	17097557540904882e-21	.0013636013927524802	.09999999999999998	.09999999999999998
0	.32	43409806945130003e-21	.00042967044169435015	.09999999999999998	.09999999999999998
0	.32	.002888905561096047	35028401119202506e-22	.09999999999999998	.09999999999999998
0	.32	.001500994760664771	.001836107050497093	.09999999999999998	.09999999999999998
0	.32	.0001799351344078273	.004887310155424614	.09999999999999998	.09999999999999998
0	.32	.0015029861272138798	.00035344057506511153	.09999999999999998	.09999999999999998
0	.32	.005057605300836911	.00243538370639898	.09999999999999998	.09999999999999998
0	.32	.0014325823733824842	4996133955981473e-21	.09999999999999998	.09999999999999998
0	.32	.028354150789053567	.004757565576103517	.09999999999999998	.09999999999999998
0	.32	.00010629657146618087	.00011757695136608063	.09999999999999998	.09999999999999998
0	.32	.011042535157877526	.0047041337662146795	.09999999999999998	.09999999999999998
0	.32	.00014959166242591542	.00010880665764428126	.09999999999999998	.09999999999999998
0	.32	.009428001333151534	.0027284910990625407	.09999999999999998	.09999999999999998
0	.32	35536201187782705e-22	.00028319036814169243	.09999999999999998	.09999999999999998
0	.32	.0011246165681753823	.00016425464935838248	.09999999999999998	.09999999999999998
0	.32	.00239006375643653	.005224081642047683	.09999999999999998	.09999999999999998
0	.32	.0015792565599379359	.0017721453292751765	.09999999999999998	.09999999999999998
0	.32	18733394200097042e-21	.00025476458168360264	.09999999999999998	.09999999999999998
0	.32	.00017958431433003053	.000903263502370679	.09999999999999998	.09999999999999998
0	.32	.003903710414062571	6477685497962283e-20	.09999999999999998	.09999999999999998
0	.32	7275649691656082e-21	3174170957633006e-20	.09999999999999998	.09999999999999998
0	.32	.00025569064339518765	.00021238506219411934	.09999999999999998	.09999999999999998
0	.33	.0008825771477286039	.0034258694923441513	.09999999999999998	.09999999999999998
0	.33	.013316854833191494	.006261009352064136	.09999999999999998	.09999999999999998
0	.33	.0022392980302077124	.0013307821667228707	.09999999999999998	.09999999999999998
0	.33	.008103988249052802	.00527682776814494	.09999999999999998	.09999999999999998
0	.33	.01778115494960351	.0078620816347569	.09999999999999998	.09999999999999998
0	.33	.002604732808699977	.0006366926507974671	.09999999999999998	.09999999999999998
0	.33	.008047803233262447	7174426017159958e-20	.09999999999999998	.09999999999999998
0	.33	.0034635754430000737	.0038309353416952	.09999999999999998	.09999999999999998
0	.33	.0005126640598360167	.0006517193490923923	.09999999999999998	.09999999999999998
0	.33	.010185764914619708	6682892881480494e-20	.09999999999999998	.09999999999999998
0	.33	7167810521846522e-20	4604348115587708e-21	.09999999999999998	.09999999999999998
0	.33	4798149099391207e-21	.00029494718657665424	.09999999999999998	.09999999999999998
0	.33	.07606207557521083	.03865416007346455	.09999999999999998	.09999999999999998
0	.33	.0004969304345937218	.0016850822425719567	.09999999999999998	.09999999999999998
0	.33	.013376460530188514	.007101346955910966	.09999999999999998	.09999999999999998
0	.33	.0002680997535227798	.0010989471032202495	.09999999999999998	.09999999999999998
0	.33	7932384599306339e-21	.00020308927281693906	.09999999999999998	.09999999999999998
0	.33	.00015050201086976337	.00019232922751833854	.09999999999999998	.09999999999999998
0	.33	.0013179336370734884	.001742513194837787	.09999999999999998	.09999999999999998
0	.33	.0005248954788112306	2671724224439144e-20	.09999999999999998	.09999999999999998
0	.33	.007778673490898738	.002444285831198664	.09999999999999998	.09999999999999998
0	.33	.0018403317860978463	.0015077403338429908	.09999999999999998	.09999999999999998
0	.33	.008009749588877126	.00012737927031061382	.09999999999999998	.09999999999999998
0	.33	.00034422342769122825	.0016200299857628078	.09999999999999998	.09999999999999998
0	.33	.0003641742628608165	18004138521278075e-21	.09999999999999998	.09999999999999998
0	.33	.003371001433665351	.0012841769721334373	.09999999999999998	.09999999999999998
0	.33	944444977294561e-20	904058735767162e-19	.09999999999999998	.09999999999999998
0	.33	.0042944317716387456	.0004300125363722475	.09999999999999998	.09999999999999998
0	.33	.0010832575754576707	.0007547766781637368	.09999999999999998	.09999999999999998
0	.33	.001246699081168178	.002969735569048069	.09999999999999998	.09999999999999998
0	.33999999999999997	2063407252464347e-20	.0006332522638352988	.09999999999999998	.09999999999999998
0	.33999999999999997	.007172078298590526	.0010255271928090012	.09999999999999998	.09999999999999998
0	.33999999999999997	.0008177827469152656	39182583605559575e-21	.09999999999999998	.09999999999999998
0	.33999999999999997	.007948853715659312	.0014623610843869912	.09999999999999998	.09999999999999998
0	.33999999999999997	.0005411717715766911	.0005438605968140736	.09999999999999998	.09999999999999998
0	.33999999999999997	21229205357624097e-23	.00036057930433571004	.09999999999999998	.09999999999999998
0	.33999999999999997	.0053562555449727135	.0018517258441375086	.09999999999999998	.09999999999999998
0	.33999999999999997	.002909943759881377	.0028284294829315233	.09999999999999998	.09999999999999998
0	.33999999999999997	.0013681288334336228	.0007679211708639018	.09999999999999998	.09999999999999998
0	.33999999999999997	.00030064506241563537	.0007982432702723891	.09999999999999998	.09999999999999998
0	.33999999999999997	.000545451287825643	.0009231070631063106	.09999999999999998	.09999999999999998
0	.33999999999999997	.0007079826505429717	.004829803798482787	.09999999999999998	.09999999999999998
0	.33999999999999997	.002100720399899361	.0033152171184093688	.09999999999999998	.09999999999999998
0	.33999999999999997	.003927241299734653	.006665394375002308	.09999999999999998	.09999999999999998
0	.33999999999999997	.0024633451483593305	.0010131560624425135	.09999999999999998	.09999999999999998
0	.33999999999999997	.0018792561063960501	.000287527326149845	.09999999999999998	.09999999999999998
0	.33999999999999997	241652418054642e-21	.00023623157965158394	.09999999999999998	.09999999999999998
0	.33999999999999997	.0010601093196465718	.0006999870643622387	.09999999999999998	.09999999999999998
0	.33999999999999997	.00145738218867532	.0027014021297985117	.09999999999999998	.09999999999999998
0	.33999999999999997	.0011705036140061834	.0004349795781019773	.09999999999999998	.09999999999999998
0	.33999999999999997	.0009196208304038602	.0016657204172370733	.09999999999999998	.09999999999999998
0	.33999999999999997	.00019071983165142088	.001620607319808802	.09999999999999998	.09999999999999998
0	.33999999999999997	.0002599707033521784	.002871764935455362	.09999999999999998	.09999999999999998
0	.33999999999999997	.0012607952414912188	.0010366140291571324	.09999999999999998	.09999999999999998
0	.33999999999999997	.0070937927693524045	.0016723114597373646	.09999999999999998	.09999999999999998
0	.33999999999999997	.006913648681442866	.005791574872679862	.09999999999999998	.09999999999999998
0	.33999999999999997	.00019076988884210384	.0028838437067234346	.09999999999999998	.9
0	.33999999999999997	.0019149923957509397	.00011569105444721905	.09999999999999998	.09999999999999998
0	.33999999999999997	.0005851939066078253	.0021652749115895114	.09999999999999998	.09999999999999998
0	.33999999999999997	.0002115678409037748	10165288247353227e-21	.09999999999999998	.09999999999999998
0	.33999999999999997	6680972974182185e-20	.0003848165581530119	.09999999999999998	.09999999999999998
0	.33999999999999997	.0009739003371976066	5006072922739467e-22	.09999999999999998	.09999999999999998
0	.33999999999999997	.0024809265249553813	.0003808730183433341	.09999999999999998	.09999999999999998
0	.33999999999999997	.010234359504401897	.0009563558627478227	.09999999999999998	.09999999999999998
0	.33999999999999997	.0001561086205149212	.0012816282922735048	.09999999999999998	.09999999999999998
0	.33999999999999997	10398805807668323e-22	.0010467648834208117	.09999999999999998	.09999999999999998
0	.33999999999999997	2371890492062085e-21	.00010505482236109528	.09999999999999998	.09999999999999998
0	.33999999999999997	.00031467269914185416	.002094353750087131	.09999999999999998	.09999999999999998
0	.33999999999999997	.003982009140694921	.0009950728318055613	.09999999999999998	.09999999999999998
0	.33999999999999997	.005096328349864159	.00023002223085724077	.09999999999999998	.09999999999999998
0	.33999999999999997	.0007858774660083911	23069992168988944e-21	.09999999999999998	.09999999999999998
0	.33999999999999997	.004463354732170782	.00023518160204020062	.09999999999999998	.09999999999999998
0	.33999999999999997	.00039991019844404257	9532245630598677e-21	.09999999999999998	.09999999999999998
0	.33999999999999997	.0002939015823613516	.00025060880807393766	.09999999999999998	.09999999999999998
0	.33999999999999997	.0016914708966051964	.0009098374120704531	.09999999999999998	.09999999999999998
0	.33999999999999997	.005791156909877975	.003945634296779583	.09999999999999998	.09999999999999998
0	.33999999999999997	.0015483718495456456	5411864988680917e-20	.09999999999999998	.09999999999999998
0	.33999999999999997	.006343525910999349	.0016648947727384473	.09999999999999998	.09999999999999998
0	.33999999999999997	36657771246899244e-25	22442503534253525e-21	.09999999999999998	.09999999999999998
0	.33999999999999997	.001220215572568799	.001514199093934144	.09999999999999998	.09999999999999998
0	.33999999999999997	.0007917562721226097	.00023516606256022106	.09999999999999998	.09999999999999998
0	.33999999999999997	.0008401867519697897	.0063535107713514755	.09999999999999998	.09999999999999998
0	.35	.03305108454493322	.014079225928255428	.09999999999999998	.09999999999999998
0	.35	.00047621711443638303	.00026588600566197784	.09999999999999998	.09999999999999998
0	.35	.0011231937559028039	10919195925186355e-21	.09999999999999998	.09999999999999998
0	.35	.00022732748941834595	18148247993402543e-21	.09999999999999998	.09999999999999998
0	.35	5554118039892589e-20	.0006203497348846187	.09999999999999998	.09999999999999998
0	.35	.007083129833567622	6392836379284943e-20	.09999999999999998	.09999999999999998
0	.35	.0030474585366324566	.00027438222067390595	.09999999999999998	.09999999999999998
0	.35	.010039535670198477	.0005011243647979858	.09999999999999998	.09999999999999998
0	.35	9989400655678753e-22	.0005116044152884378	.09999999999999998	.09999999999999998
0	.35	.001763787379212439	.0018696688436883636	.09999999999999998	.09999999999999998
0	.35	.00959815448990596	.000457996611848175	.09999999999999998	.09999999999999998
0	.35	.001844122371325276	.00023682180362746475	.09999999999999998	.09999999999999998
0	.35	3025498128772788e-20	.0009445098813958822	.09999999999999998	.09999999999999998
0	.35	16755605437765634e-21	.00032223789077093587	.09999999999999998	.09999999999999998
0	.35	.00047543930621303174	.001525349118211772	.09999999999999998	.09999999999999998
0	.35	4681064701176378e-20	.000651852064684986	.09999999999999998	.09999999999999998
0	.35	.008136231502701955	.008992725468351542	.09999999999999998	.09999999999999998
0	.35	.0019511610336457247	.0032956328113703404	.9	.9
0	.35	8475497000378933e-21	.0017280698835500457	.09999999999999998	.09999999999999998
0	.35	.004193671821626517	.003176295129186442	.09999999999999998	.09999999999999998
0	.35	.0002995111444840065	.0024575094623367822	.09999999999999998	.09999999999999998
0	.35	.04557964012283293	.003327592237770914	.09999999999999998	.09999999999999998
0	.35	.0010978367883692519	8781089377373458e-20	.09999999999999998	.09999999999999998
0	.35	.004801288787477513	882457035826152e-19	.09999999999999998	.09999999999999998
0	.35	10655468259233187e-21	7090200837200986e-21	.09999999999999998	.09999999999999998
0	.35	.000996898801874248	.0007876547845359066	.09999999999999998	.09999999999999998
0	.35	.0024588334703212742	.0006380083171188794	.09999999999999998	.09999999999999998
0	.35	.0014660889697974888	.00372177193929006	.09999999999999998	.09999999999999998
0	.35	49308608671331425e-21	.00021023229989497645	.09999999999999998	.09999999999999998
0	.35	.0013042173376721197	.003355000887352026	.09999999999999998	.9
0	.35	.0005728941240225384	.0005009338555427622	.09999999999999998	.09999999999999998
0	.35	.0054275729390982925	.0012277379854163366	.09999999999999998	.09999999999999998
0	.35	.0024869307642877234	.0023392905688099717	.09999999999999998	.09999999999999998
0	.35	.003362612909953466	.002158138652573361	.09999999999999998	.09999999999999998
0	.35	.023164212716791546	.008017473680496701	.09999999999999998	.09999999999999998
0	.35	.018252921739027133	.01747408201849862	.09999999999999998	.09999999999999998
0	.35	.045896647058118585	.01062056705748169	.09999999999999998	.09999999999999998
0	.35	.0017137181923268206	.0012203509220388646	.09999999999999998	.09999999999999998
0	.35	.0002496352585641696	.005886811333461119	.09999999999999998	.09999999999999998
0	.35	.0012333643454554742	.00047627603276593534	.09999999999999998	.09999999999999998
0	.35	.07946233206164491	.028345643242480144	.09999999999999998	.09999999999999998
0	.35	.0008569256032497864	.0003517115042551889	.09999999999999998	.09999999999999998
0	.35	.0007632669873439019	.0003193989082081751	.09999999999999998	.09999999999999998
0	.35	25745772157945532e-22	.0012406686725601164	.09999999999999998	.09999999999999998
0	.35	.006796442794350999	.001110418648380643	.09999999999999998	.09999999999999998
0	.35	.0002537961515995407	.0014357858242285114	.09999999999999998	.9
